2025-10-03 07:40:15,967 [ERROR] LogOutputStream:75 - [STDERR_REDIRECT] Oct 03, 2025 7:40:15 AM java.util.prefs.FileSystemPreferences checkLockFile0ErrorCode
2025-10-03 07:40:15,978 [ERROR] LogOutputStream:75 - [STDERR_REDIRECT] WARNING: Could not lock System prefs. Unix error code 2.
2025-10-03 07:40:15,979 [ERROR] LogOutputStream:75 - [STDERR_REDIRECT] 
2025-10-03 07:40:15,979 [ERROR] LogOutputStream:75 - [STDERR_REDIRECT] Oct 03, 2025 7:40:15 AM java.util.prefs.FileSystemPreferences syncWorld
2025-10-03 07:40:15,979 [ERROR] LogOutputStream:75 - [STDERR_REDIRECT] WARNING: Couldn't flush system prefs: java.util.prefs.BackingStoreException: Couldn't get file lock.
2025-10-03 07:40:15,979 [ERROR] LogOutputStream:75 - [STDERR_REDIRECT] 
2025-10-03 08:20:40,060 [ERROR] LogOutputStream:75 - [STDERR_REDIRECT] Oct 03, 2025 8:20:40 AM java.util.prefs.FileSystemPreferences checkLockFile0ErrorCode
2025-10-03 08:20:40,061 [ERROR] LogOutputStream:75 - [STDERR_REDIRECT] WARNING: Could not lock System prefs. Unix error code 2.
2025-10-03 08:20:40,061 [ERROR] LogOutputStream:75 - [STDERR_REDIRECT] 
2025-10-03 08:20:40,062 [ERROR] LogOutputStream:75 - [STDERR_REDIRECT] Oct 03, 2025 8:20:40 AM java.util.prefs.FileSystemPreferences syncWorld
2025-10-03 08:20:40,062 [ERROR] LogOutputStream:75 - [STDERR_REDIRECT] WARNING: Couldn't flush system prefs: java.util.prefs.BackingStoreException: Couldn't get file lock.
2025-10-03 08:20:40,063 [ERROR] LogOutputStream:75 - [STDERR_REDIRECT] 
2025-10-03 08:32:49,010 [ERROR] LogOutputStream:75 - [STDERR_REDIRECT] Oct 03, 2025 8:32:49 AM java.util.prefs.FileSystemPreferences checkLockFile0ErrorCode
2025-10-03 08:32:49,010 [ERROR] LogOutputStream:75 - [STDERR_REDIRECT] WARNING: Could not lock System prefs. Unix error code 2.
2025-10-03 08:32:49,010 [ERROR] LogOutputStream:75 - [STDERR_REDIRECT] 
2025-10-03 08:32:49,011 [ERROR] LogOutputStream:75 - [STDERR_REDIRECT] Oct 03, 2025 8:32:49 AM java.util.prefs.FileSystemPreferences syncWorld
2025-10-03 08:32:49,011 [ERROR] LogOutputStream:75 - [STDERR_REDIRECT] WARNING: Couldn't flush system prefs: java.util.prefs.BackingStoreException: Couldn't get file lock.
2025-10-03 08:32:49,011 [ERROR] LogOutputStream:75 - [STDERR_REDIRECT] 
2025-10-03 09:37:18,339 [ERROR] LogOutputStream:75 - [STDERR_REDIRECT] Oct 03, 2025 9:37:18 AM java.util.prefs.FileSystemPreferences checkLockFile0ErrorCode
2025-10-03 09:37:18,339 [ERROR] LogOutputStream:75 - [STDERR_REDIRECT] WARNING: Could not lock System prefs. Unix error code 2.
2025-10-03 09:37:18,340 [ERROR] LogOutputStream:75 - [STDERR_REDIRECT] 
2025-10-03 09:37:18,340 [ERROR] LogOutputStream:75 - [STDERR_REDIRECT] Oct 03, 2025 9:37:18 AM java.util.prefs.FileSystemPreferences syncWorld
2025-10-03 09:37:18,340 [ERROR] LogOutputStream:75 - [STDERR_REDIRECT] WARNING: Couldn't flush system prefs: java.util.prefs.BackingStoreException: Couldn't get file lock.
2025-10-03 09:37:18,340 [ERROR] LogOutputStream:75 - [STDERR_REDIRECT] 
2025-10-03 13:03:21,685 [ERROR] LogOutputStream:75 - [STDERR_REDIRECT] Oct 03, 2025 1:03:21 PM java.util.prefs.FileSystemPreferences checkLockFile0ErrorCode
2025-10-03 13:03:21,686 [ERROR] LogOutputStream:75 - [STDERR_REDIRECT] WARNING: Could not lock System prefs. Unix error code 2.
2025-10-03 13:03:21,686 [ERROR] LogOutputStream:75 - [STDERR_REDIRECT] 
2025-10-03 13:03:21,687 [ERROR] LogOutputStream:75 - [STDERR_REDIRECT] Oct 03, 2025 1:03:21 PM java.util.prefs.FileSystemPreferences syncWorld
2025-10-03 13:03:21,687 [ERROR] LogOutputStream:75 - [STDERR_REDIRECT] WARNING: Couldn't flush system prefs: java.util.prefs.BackingStoreException: Couldn't get file lock.
2025-10-03 13:03:21,687 [ERROR] LogOutputStream:75 - [STDERR_REDIRECT] 
2025-10-03 13:03:37,095 [ERROR] ConfigurationRetriever:142 - IOException on connection: Connect timed out
2025-10-03 13:03:39,100 [ERROR] ConfigurationRetriever:142 - IOException on connection: Connect timed out
2025-10-03 13:03:41,104 [ERROR] ConfigurationRetriever:142 - IOException on connection: Connect timed out
2025-10-03 13:03:46,321 [ERROR] LogOutputStream:75 - [STDERR_REDIRECT] 
