2025-09-20 20:51:40,034 [INFO] Activator:176 - 


2025-09-20 20:51:40,037 [INFO] Activator:177 - !SESSION log4j initialized
2025-09-20 20:51:45,169 [INFO] LogOutputStream:77 - [STDOUT_REDIRECT] 
2025-09-20 20:51:47,156 [INFO] ApplicationProperties:184 - Using Application install path: /opt/st/stm32cubeide_1.19.0/plugins/com.st.stm32cube.common.mx_6.15.0.202507011659
2025-09-20 20:51:47,177 [INFO] DbMcusXml:78 - Set database path to: /opt/st/stm32cubeide_1.19.0/plugins/com.st.stm32cube.common.mx_6.15.0.202507011659//db//mcu/
2025-09-20 20:51:47,177 [INFO] ApiDb:274 - Set plugin database path to: /opt/st/stm32cubeide_1.19.0/plugins/com.st.stm32cube.common.mx_6.15.0.202507011659//db//plugins/boardmanager/
2025-09-20 20:51:47,177 [WARN] ApiDb:259 - Overriding images path with different value:  => /opt/st/stm32cubeide_1.19.0/plugins/com.st.stm32cube.common.mx_6.15.0.202507011659//db//plugins/mcufinder/images/
2025-09-20 20:51:47,186 [INFO] ApiDb:250 - Set database path to: /home/stellarbeing22/.stmcufinder/plugins/mcufinder//mcu/
2025-09-20 20:51:47,187 [INFO] DbMcusAds:125 - Set database path to: /home/stellarbeing22/.stmcufinder/plugins/mcufinder//mcu/
2025-09-20 20:51:47,190 [INFO] CrossReferenceDbSqlite:203 - Set database path to: /home/stellarbeing22/.stmcufinder/plugins/mcufinder//mcu/cs/
2025-09-20 20:51:47,295 [INFO] RulesReader:64 - Compatibility file has been processed (317 Rules)
2025-09-20 20:51:47,354 [INFO] DbMcusXml:78 - Set database path to: /opt/st/stm32cubeide_1.19.0/plugins/com.st.stm32cube.common.mx_6.15.0.202507011659//db//mcu/
2025-09-20 20:51:47,355 [INFO] ApiDb:274 - Set plugin database path to: /opt/st/stm32cubeide_1.19.0/plugins/com.st.stm32cube.common.mx_6.15.0.202507011659//db//plugins/boardmanager/
2025-09-20 20:51:47,355 [INFO] ApiDb:261 - Set plugin images path to: /opt/st/stm32cubeide_1.19.0/plugins/com.st.stm32cube.common.mx_6.15.0.202507011659//db//plugins/mcufinder/images/
2025-09-20 20:51:47,355 [WARN] DbFile:41 - Overriding database path with different value: /home/stellarbeing22/.stmcufinder/plugins/mcufinder/ => /home/stellarbeing22/.stmcufinder/plugins/mcufinder
2025-09-20 20:51:47,355 [INFO] ApiDb:250 - Set database path to: /home/stellarbeing22/.stmcufinder/plugins/mcufinder//mcu/
2025-09-20 20:51:47,356 [WARN] DbFile:41 - Overriding database path with different value: /home/stellarbeing22/.stmcufinder/plugins/mcufinder/ => /home/stellarbeing22/.stmcufinder/plugins/mcufinder
2025-09-20 20:51:47,356 [INFO] DbMcusAds:125 - Set database path to: /home/stellarbeing22/.stmcufinder/plugins/mcufinder//mcu/
2025-09-20 20:51:47,356 [WARN] DbFile:41 - Overriding database path with different value: /home/stellarbeing22/.stmcufinder/plugins/mcufinder/ => /home/stellarbeing22/.stmcufinder/plugins/mcufinder
2025-09-20 20:51:47,356 [WARN] DbFile:41 - Overriding database path with different value: /home/stellarbeing22/.stmcufinder/plugins/mcufinder/ => /home/stellarbeing22/.stmcufinder/plugins/mcufinder
2025-09-20 20:51:47,356 [INFO] CrossReferenceDbSqlite:203 - Set database path to: /home/stellarbeing22/.stmcufinder/plugins/mcufinder//mcu/cs/
2025-09-20 20:51:47,430 [INFO] MainPanel:274 - HeapMemory: 268435456
2025-09-20 20:51:47,571 [INFO] DbMcusXml:78 - Set database path to: /opt/st/stm32cubeide_1.19.0/plugins/com.st.stm32cube.common.mx_6.15.0.202507011659//db//mcu/
2025-09-20 20:51:47,571 [INFO] ApiDb:274 - Set plugin database path to: /opt/st/stm32cubeide_1.19.0/plugins/com.st.stm32cube.common.mx_6.15.0.202507011659//db//plugins/boardmanager/
2025-09-20 20:51:47,571 [INFO] ApiDb:261 - Set plugin images path to: /opt/st/stm32cubeide_1.19.0/plugins/com.st.stm32cube.common.mx_6.15.0.202507011659//db//plugins/mcufinder/images/
2025-09-20 20:51:47,571 [WARN] DbFile:41 - Overriding database path with different value: /home/stellarbeing22/.stmcufinder/plugins/mcufinder/ => /home/stellarbeing22/.stmcufinder/plugins/mcufinder
2025-09-20 20:51:47,572 [INFO] ApiDb:250 - Set database path to: /home/stellarbeing22/.stmcufinder/plugins/mcufinder//mcu/
2025-09-20 20:51:47,572 [WARN] DbFile:41 - Overriding database path with different value: /home/stellarbeing22/.stmcufinder/plugins/mcufinder/ => /home/stellarbeing22/.stmcufinder/plugins/mcufinder
2025-09-20 20:51:47,572 [INFO] DbMcusAds:125 - Set database path to: /home/stellarbeing22/.stmcufinder/plugins/mcufinder//mcu/
2025-09-20 20:51:47,572 [WARN] DbFile:41 - Overriding database path with different value: /home/stellarbeing22/.stmcufinder/plugins/mcufinder/ => /home/stellarbeing22/.stmcufinder/plugins/mcufinder
2025-09-20 20:51:47,572 [WARN] DbFile:41 - Overriding database path with different value: /home/stellarbeing22/.stmcufinder/plugins/mcufinder/ => /home/stellarbeing22/.stmcufinder/plugins/mcufinder
2025-09-20 20:51:47,572 [INFO] CrossReferenceDbSqlite:203 - Set database path to: /home/stellarbeing22/.stmcufinder/plugins/mcufinder//mcu/cs/
2025-09-20 20:51:47,587 [INFO] ApplicationProperties:184 - Using Application install path: /opt/st/stm32cubeide_1.19.0/plugins/com.st.stm32cube.common.mx_6.15.0.202507011659
2025-09-20 20:51:47,588 [INFO] PluginManage:196 - Search for loadable plugins [exclusion list=, ]
2025-09-20 20:51:47,589 [INFO] PluginManage:310 - Check plugin analytics
2025-09-20 20:51:47,741 [INFO] AnalyticsPlugin:253 - Accepted Software Licenses: 
2025-09-20 20:51:47,742 [INFO] AnalyticsPlugin:255 - Accepted CMSIS Pack Licenses: 
2025-09-20 20:51:47,742 [INFO] AnalyticsPlugin:257 - Accepted Firmware Licenses: 
2025-09-20 20:51:47,745 [INFO] PluginManage:359 - Loaded plugin analytics (category:tool,tabindex:-1)
2025-09-20 20:51:47,745 [INFO] PluginManage:310 - Check plugin cadmodel
2025-09-20 20:51:47,756 [INFO] CADModel:105 - Init CAD model plugin
2025-09-20 20:51:47,756 [INFO] PluginManage:359 - Loaded plugin cadmodel (category:power,tabindex:5)
2025-09-20 20:51:47,757 [INFO] PluginManage:310 - Check plugin clock
2025-09-20 20:51:47,768 [INFO] PluginManage:359 - Loaded plugin clock (category:base,tabindex:2)
2025-09-20 20:51:47,768 [INFO] PluginManage:310 - Check plugin ddr
2025-09-20 20:51:47,771 [INFO] PluginManage:359 - Loaded plugin ddr (category:tool,tabindex:6)
2025-09-20 20:51:47,771 [INFO] PluginManage:310 - Check plugin filemanager
2025-09-20 20:51:47,919 [INFO] PluginManage:359 - Loaded plugin filemanager (category:base,tabindex:10)
2025-09-20 20:51:47,919 [INFO] PluginManage:310 - Check plugin ipmanager
2025-09-20 20:51:47,925 [INFO] PluginManage:359 - Loaded plugin ipmanager (category:base,tabindex:5)
2025-09-20 20:51:47,925 [INFO] PluginManage:310 - Check plugin lpbam
2025-09-20 20:51:47,936 [INFO] PluginManage:359 - Loaded plugin lpbam (category:base,tabindex:0)
2025-09-20 20:51:47,936 [INFO] PluginManage:310 - Check plugin memorymap
2025-09-20 20:51:47,948 [INFO] PluginManage:359 - Loaded plugin memorymap (category:base,tabindex:4)
2025-09-20 20:51:47,948 [INFO] PluginManage:310 - Check plugin pinoutandconfiguration
2025-09-20 20:51:47,955 [INFO] PluginManage:359 - Loaded plugin pinoutandconfiguration (category:base,tabindex:1)
2025-09-20 20:51:47,955 [INFO] PluginManage:310 - Check plugin pinoutconfig
2025-09-20 20:51:48,041 [WARN] SupportedApi:132 - Cannot load RTOS API schema: s4s-elt-must-match.1: The content of 'definitions' must match (annotation?, (simpleType | complexType)?, (unique | key | keyref)*)). A problem was found starting at: attribute.
2025-09-20 20:51:48,163 [INFO] PluginManage:359 - Loaded plugin pinoutconfig (category:base,tabindex:0)
2025-09-20 20:51:48,164 [INFO] PluginManage:310 - Check plugin power
2025-09-20 20:51:48,173 [INFO] PluginManage:359 - Loaded plugin power (category:power,tabindex:4)
2025-09-20 20:51:48,173 [INFO] PluginManage:310 - Check plugin projectmanager
2025-09-20 20:51:48,187 [INFO] PluginManage:359 - Loaded plugin projectmanager (category:projectmanager,tabindex:4)
2025-09-20 20:51:48,187 [INFO] PluginManage:310 - Check plugin rif
2025-09-20 20:51:48,196 [INFO] PluginManage:359 - Loaded plugin rif (category:base,tabindex:3)
2025-09-20 20:51:48,196 [INFO] PluginManage:310 - Check plugin thirdparty
2025-09-20 20:51:48,299 [INFO] PluginManage:359 - Loaded plugin thirdparty (category:base,tabindex:-1)
2025-09-20 20:51:48,300 [INFO] PluginManage:310 - Check plugin tools
2025-09-20 20:51:48,299 [WARN] IntegrityCheckThread:84 - waiting for thirdparty lock release [integrity check]
2025-09-20 20:51:48,300 [INFO] IntegrityCheckThread:86 - entering critical section [integrity check]
2025-09-20 20:51:48,300 [INFO] ThirdPartyUpdaterWithRetryManager:70 - Updater plugin not ready yet. [1/15]
2025-09-20 20:51:48,302 [INFO] PluginManage:359 - Loaded plugin tools (category:base,tabindex:7)
2025-09-20 20:51:48,302 [INFO] PluginManage:310 - Check plugin tutovideos
2025-09-20 20:51:48,482 [INFO] PluginManage:359 - Loaded plugin tutovideos (category:base,tabindex:-1)
2025-09-20 20:51:48,482 [INFO] PluginManage:310 - Check plugin updater
2025-09-20 20:51:48,507 [INFO] PluginManage:359 - Loaded plugin updater (category:base,tabindex:12)
2025-09-20 20:51:48,507 [INFO] PluginManage:310 - Check plugin userauth
2025-09-20 20:51:48,512 [INFO] UserAuth:118 - Init User Auth plugin
2025-09-20 20:51:48,512 [INFO] PluginManage:359 - Loaded plugin userauth (category:base,tabindex:14)
2025-09-20 20:51:48,513 [INFO] PluginManage:283 - PluginManage : Loaded plugins [18]
2025-09-20 20:51:48,705 [INFO] PinOutPanel:1589 - setPackage(No Configuration,No Configuration)
2025-09-20 20:51:48,776 [INFO] CADModel:165 - CPN selected for project level
2025-09-20 20:51:48,776 [INFO] CADModel:114 - Register for checkConnection events
2025-09-20 20:51:48,789 [INFO] IPUIPlugin:80 - create IPUIPlugin
2025-09-20 20:51:48,789 [INFO] PluginManager:220 - loadIPPluginJar : add i2c
2025-09-20 20:51:48,791 [INFO] IPUIPlugin:80 - create IPUIPlugin
2025-09-20 20:51:48,791 [INFO] PluginManager:220 - loadIPPluginJar : add dfsdm
2025-09-20 20:51:48,794 [INFO] IPUIPlugin:80 - create IPUIPlugin
2025-09-20 20:51:48,794 [INFO] PluginManager:220 - loadIPPluginJar : add extmemmanager
2025-09-20 20:51:48,799 [INFO] IPUIPlugin:80 - create IPUIPlugin
2025-09-20 20:51:48,800 [INFO] PluginManager:220 - loadIPPluginJar : add freertos
2025-09-20 20:51:48,801 [INFO] IPUIPlugin:80 - create IPUIPlugin
2025-09-20 20:51:48,801 [INFO] PluginManager:220 - loadIPPluginJar : add quadspi
2025-09-20 20:51:48,805 [INFO] IPUIPlugin:80 - create IPUIPlugin
2025-09-20 20:51:48,805 [INFO] PluginManager:220 - loadIPPluginJar : add gpio
2025-09-20 20:51:48,810 [INFO] IPUIPlugin:80 - create IPUIPlugin
2025-09-20 20:51:48,810 [INFO] PluginManager:220 - loadIPPluginJar : add gic
2025-09-20 20:51:48,815 [INFO] IPUIPlugin:80 - create IPUIPlugin
2025-09-20 20:51:48,815 [INFO] PluginManager:220 - loadIPPluginJar : add dma
2025-09-20 20:51:48,818 [INFO] IPUIPlugin:80 - create IPUIPlugin
2025-09-20 20:51:48,818 [INFO] PluginManager:220 - loadIPPluginJar : add cryp
2025-09-20 20:51:48,820 [INFO] IPUIPlugin:80 - create IPUIPlugin
2025-09-20 20:51:48,820 [INFO] PluginManager:220 - loadIPPluginJar : add gtzc
2025-09-20 20:51:48,822 [INFO] IPUIPlugin:80 - create IPUIPlugin
2025-09-20 20:51:48,822 [INFO] PluginManager:220 - loadIPPluginJar : add aes
2025-09-20 20:51:48,824 [INFO] IPUIPlugin:80 - create IPUIPlugin
2025-09-20 20:51:48,824 [INFO] PluginManager:220 - loadIPPluginJar : add spi
2025-09-20 20:51:48,831 [INFO] IPUIPlugin:80 - create IPUIPlugin
2025-09-20 20:51:48,831 [INFO] PluginManager:220 - loadIPPluginJar : add linkedlist
2025-09-20 20:51:48,836 [INFO] IPUIPlugin:80 - create IPUIPlugin
2025-09-20 20:51:48,839 [INFO] PluginManager:220 - loadIPPluginJar : add plateformsettings
2025-09-20 20:51:48,841 [INFO] IPUIPlugin:80 - create IPUIPlugin
2025-09-20 20:51:48,841 [INFO] PluginManager:220 - loadIPPluginJar : add touchsensing
2025-09-20 20:51:48,846 [INFO] IPUIPlugin:80 - create IPUIPlugin
2025-09-20 20:51:48,846 [INFO] PluginManager:220 - loadIPPluginJar : add resmgrutility
2025-09-20 20:51:48,847 [INFO] IPUIPlugin:80 - create IPUIPlugin
2025-09-20 20:51:48,847 [INFO] PluginManager:220 - loadIPPluginJar : add tracer_emb
2025-09-20 20:51:48,850 [INFO] IPUIPlugin:80 - create IPUIPlugin
2025-09-20 20:51:48,850 [INFO] PluginManager:220 - loadIPPluginJar : add can
2025-09-20 20:51:48,851 [INFO] IPUIPlugin:80 - create IPUIPlugin
2025-09-20 20:51:48,851 [INFO] PluginManager:220 - loadIPPluginJar : add radio
2025-09-20 20:51:48,854 [INFO] IPUIPlugin:80 - create IPUIPlugin
2025-09-20 20:51:48,854 [INFO] PluginManager:220 - loadIPPluginJar : add pdm2pcm
2025-09-20 20:51:48,857 [INFO] IPUIPlugin:80 - create IPUIPlugin
2025-09-20 20:51:48,857 [INFO] PluginManager:220 - loadIPPluginJar : add ddr_ctrl_phy
2025-09-20 20:51:48,859 [INFO] IPUIPlugin:80 - create IPUIPlugin
2025-09-20 20:51:48,859 [INFO] PluginManager:220 - loadIPPluginJar : add usart
2025-09-20 20:51:48,862 [INFO] IPUIPlugin:80 - create IPUIPlugin
2025-09-20 20:51:48,863 [INFO] PluginManager:220 - loadIPPluginJar : add ipddr
2025-09-20 20:51:48,865 [INFO] IPUIPlugin:80 - create IPUIPlugin
2025-09-20 20:51:48,865 [INFO] PluginManager:220 - loadIPPluginJar : add i2s
2025-09-20 20:51:48,871 [INFO] IPUIPlugin:80 - create IPUIPlugin
2025-09-20 20:51:48,871 [INFO] PluginManager:220 - loadIPPluginJar : add stm32_wpan
2025-09-20 20:51:48,873 [INFO] IPUIPlugin:80 - create IPUIPlugin
2025-09-20 20:51:48,873 [INFO] PluginManager:220 - loadIPPluginJar : add opamp
2025-09-20 20:51:48,875 [INFO] IPUIPlugin:80 - create IPUIPlugin
2025-09-20 20:51:48,875 [INFO] PluginManager:220 - loadIPPluginJar : add ucpd
2025-09-20 20:51:48,877 [INFO] IPUIPlugin:80 - create IPUIPlugin
2025-09-20 20:51:48,878 [INFO] PluginManager:220 - loadIPPluginJar : add i3c
2025-09-20 20:51:48,883 [INFO] IPUIPlugin:80 - create IPUIPlugin
2025-09-20 20:51:48,884 [INFO] PluginManager:220 - loadIPPluginJar : add mdma
2025-09-20 20:51:48,885 [INFO] IPUIPlugin:80 - create IPUIPlugin
2025-09-20 20:51:48,885 [INFO] PluginManager:220 - loadIPPluginJar : add gfxmmu
2025-09-20 20:51:48,887 [INFO] IPUIPlugin:80 - create IPUIPlugin
2025-09-20 20:51:48,887 [INFO] PluginManager:220 - loadIPPluginJar : add ts
2025-09-20 20:51:48,888 [INFO] IPUIPlugin:80 - create IPUIPlugin
2025-09-20 20:51:48,888 [INFO] PluginManager:220 - loadIPPluginJar : add tsc
2025-09-20 20:51:48,889 [INFO] IPUIPlugin:80 - create IPUIPlugin
2025-09-20 20:51:48,889 [INFO] PluginManager:220 - loadIPPluginJar : add genericplugin
2025-09-20 20:51:48,891 [INFO] IPUIPlugin:80 - create IPUIPlugin
2025-09-20 20:51:48,891 [INFO] PluginManager:220 - loadIPPluginJar : add hash
2025-09-20 20:51:48,895 [INFO] IPUIPlugin:80 - create IPUIPlugin
2025-09-20 20:51:48,895 [INFO] PluginManager:220 - loadIPPluginJar : add nvic
2025-09-20 20:51:48,898 [INFO] IPUIPlugin:80 - create IPUIPlugin
2025-09-20 20:51:48,899 [INFO] PluginManager:220 - loadIPPluginJar : add fmc
2025-09-20 20:51:48,901 [INFO] IPUIPlugin:80 - create IPUIPlugin
2025-09-20 20:51:48,901 [INFO] PluginManager:220 - loadIPPluginJar : add lorawan
2025-09-20 20:51:48,903 [INFO] IPUIPlugin:80 - create IPUIPlugin
2025-09-20 20:51:48,904 [INFO] PluginManager:220 - loadIPPluginJar : add usbx
2025-09-20 20:51:48,905 [INFO] IPUIPlugin:80 - create IPUIPlugin
2025-09-20 20:51:48,905 [INFO] PluginManager:220 - loadIPPluginJar : add fatfs
2025-09-20 20:51:48,907 [INFO] IPUIPlugin:80 - create IPUIPlugin
2025-09-20 20:51:48,907 [INFO] PluginManager:220 - loadIPPluginJar : add openamp
2025-09-20 20:51:48,908 [INFO] IPUIPlugin:80 - create IPUIPlugin
2025-09-20 20:51:48,909 [INFO] PluginManager:220 - loadIPPluginJar : add comp
2025-09-20 20:51:48,910 [INFO] IPUIPlugin:80 - create IPUIPlugin
2025-09-20 20:51:48,910 [INFO] PluginManager:220 - loadIPPluginJar : add tim
2025-09-20 20:51:48,912 [INFO] IPUIPlugin:80 - create IPUIPlugin
2025-09-20 20:51:48,913 [INFO] PluginManager:220 - loadIPPluginJar : add sai
2025-09-20 20:51:48,914 [INFO] IPUIPlugin:80 - create IPUIPlugin
2025-09-20 20:51:48,914 [INFO] PluginManager:220 - loadIPPluginJar : add ltdc
2025-09-20 20:51:48,917 [INFO] IPUIPlugin:80 - create IPUIPlugin
2025-09-20 20:51:48,917 [INFO] PluginManager:220 - loadIPPluginJar : add dma3
2025-09-20 20:51:48,923 [INFO] IPUIPlugin:80 - create IPUIPlugin
2025-09-20 20:51:48,923 [INFO] PluginManager:220 - loadIPPluginJar : add adc
2025-09-20 20:51:49,025 [FATAL] Updater:351 - Updater called before beeing initialized
2025-09-20 20:51:49,058 [INFO] RulesReader:64 - Compatibility file has been processed (317 Rules)
2025-09-20 20:51:49,069 [INFO] RulesReader:64 - Compatibility file has been processed (317 Rules)
2025-09-20 20:51:49,076 [INFO] CADModel:165 - CPN selected for project level
2025-09-20 20:51:49,076 [INFO] CADModel:114 - Register for checkConnection events
2025-09-20 20:51:49,076 [FATAL] Updater:351 - Updater called before beeing initialized
2025-09-20 20:51:49,076 [ERROR] CADModel:125 - Updater not yet initialized, retry later 
2025-09-20 20:51:49,207 [FATAL] Updater:351 - Updater called before beeing initialized
2025-09-20 20:51:49,208 [INFO] CADModel:165 - CPN selected for project level
2025-09-20 20:51:49,209 [INFO] CADModel:114 - Register for checkConnection events
2025-09-20 20:51:49,209 [FATAL] Updater:351 - Updater called before beeing initialized
2025-09-20 20:51:49,209 [ERROR] CADModel:125 - Updater not yet initialized, retry later 
2025-09-20 20:51:49,212 [FATAL] Updater:351 - Updater called before beeing initialized
2025-09-20 20:51:49,300 [FATAL] Updater:351 - Updater called before beeing initialized
2025-09-20 20:51:49,304 [INFO] DbMcusAds:53 - JSON generation date=Tue Jul 08 13:44:23 IST 2025 (1751962463582)
2025-09-20 20:51:49,304 [FATAL] Updater:351 - Updater called before beeing initialized
2025-09-20 20:51:49,343 [WARN] DetailPanel:346 - Failed to get advertising image, set to default
2025-09-20 20:51:49,428 [FATAL] Updater:351 - Updater called before beeing initialized
2025-09-20 20:51:49,430 [FATAL] Updater:351 - Updater called before beeing initialized
2025-09-20 20:51:49,430 [FATAL] Updater:351 - Updater called before beeing initialized
2025-09-20 20:51:49,430 [WARN] DetailPanel:346 - Failed to get advertising image, set to default
2025-09-20 20:51:49,432 [FATAL] Updater:351 - Updater called before beeing initialized
2025-09-20 20:51:49,466 [ERROR] Updater:1198 - MainUpdater not yet initialized. External WinMGr cannot be set.
2025-09-20 20:51:49,467 [INFO] Updater:1134 - Updater Version found : 6.15.0
2025-09-20 20:51:49,485 [INFO] ApplicationProperties:184 - Using Application install path: /opt/st/stm32cubeide_1.19.0/plugins/com.st.stm32cube.common.mx_6.15.0.202507011659
2025-09-20 20:51:49,497 [ERROR] LogOutputStream:75 - [STDERR_REDIRECT] Sep 20, 2025 8:51:49 PM java.util.prefs.FileSystemPreferences$2 run
2025-09-20 20:51:49,497 [ERROR] LogOutputStream:75 - [STDERR_REDIRECT] WARNING: Could not create system preferences directory. System preferences are unusable.
2025-09-20 20:51:49,497 [ERROR] LogOutputStream:75 - [STDERR_REDIRECT] 
2025-09-20 20:51:50,286 [INFO] MainUpdater:2872 - connection check result : 10
2025-09-20 20:51:50,286 [INFO] MainUpdater:3604 - Updater definition file requires update
2025-09-20 20:51:50,287 [INFO] MainUpdater:289 - Updater Check For Update Now.
2025-09-20 20:51:50,287 [INFO] MicroXplorer:498 - Change Database Version : DB.6.0.150
2025-09-20 20:51:50,291 [INFO] McuFinderGlobals:63 - Set McuFinder mode to 2 (CubeIDE integrated)
2025-09-20 20:51:50,291 [INFO] UserAuth:171 - activating auth plugin
2025-09-20 20:51:50,294 [INFO] UserAuth:487 - Internet connection configuration mode: 1
2025-09-20 20:51:50,316 [INFO] JxBrowserEngine:152 - Initiate JxBrowser Engine with user profile folder
2025-09-20 20:51:50,405 [INFO] ServerAccessManage:452 - Complete download http(s) 200
2025-09-20 20:51:50,406 [INFO] ServerAccessManage:509 - Download File updaters.zip
2025-09-20 20:51:50,714 [INFO] FileExtend:248 - Unzip File : updaters.zip
2025-09-20 20:51:50,715 [INFO] FileExtend:263 - Standard Zip Deflate
2025-09-20 20:51:51,301 [WARN] MainUpdater:1193 - Updater busy. Cannot search thirdparties
2025-09-20 20:51:51,301 [INFO] ThirdPartyUpdaterWithRetryManager:96 - Updater plugin is busy. [1/15]
2025-09-20 20:51:51,460 [INFO] WebApp:169 - Instantiating new browser for Auth
2025-09-20 20:51:51,784 [INFO] ServerAccessManage:452 - Complete download http(s) 200
2025-09-20 20:51:51,784 [INFO] ServerAccessManage:509 - Download File PacksControlFlags.xml
2025-09-20 20:51:52,223 [INFO] WebApp:463 - Apply proxy settings
2025-09-20 20:51:52,223 [INFO] WebApp:548 - Chromium requires no authentication
2025-09-20 20:51:52,230 [INFO] WebApp:491 - Direct internet connection detected
2025-09-20 20:51:52,247 [INFO] WebApp:900 - Register for checkConnection events
2025-09-20 20:51:52,248 [INFO] WebApp:463 - Apply proxy settings
2025-09-20 20:51:52,248 [INFO] WebApp:548 - Chromium requires no authentication
2025-09-20 20:51:52,248 [INFO] WebApp:491 - Direct internet connection detected
2025-09-20 20:51:52,376 [INFO] WebApp:225 - Starting web application
2025-09-20 20:51:52,376 [INFO] WebApp:593 - Web application path used /opt/st/stm32cubeide_1.19.0/plugins/com.st.stm32cube.common.mx_6.15.0.202507011659/db/plugins/mcufinder/reactClient1/index.html
2025-09-20 20:51:53,481 [INFO] WebApp:191 - Connection restablished
2025-09-20 20:51:54,301 [WARN] MainUpdater:1193 - Updater busy. Cannot search thirdparties
2025-09-20 20:51:54,302 [INFO] ThirdPartyUpdaterWithRetryManager:96 - Updater plugin is busy. [2/15]
2025-09-20 20:51:56,050 [INFO] ServerAccessManage:452 - Complete download http(s) 200
2025-09-20 20:51:56,050 [INFO] ServerAccessManage:509 - Download File cubemx.pidx
2025-09-20 20:51:57,089 [INFO] LoadServerUpdatesThread:375 - End of LoadServerUpdate Thread
2025-09-20 20:51:57,233 [INFO] CheckServerUpdateThread:120 - End of CheckServer Thread
2025-09-20 20:51:57,447 [WARN] PackLoader:240 - Cannot read IP mode file for STMicroelectronics.FP-SNS-MOTENVWB1.1.4.0
2025-09-20 20:51:57,455 [WARN] PackLoader:240 - Cannot read IP mode file for STMicroelectronics.FP-ATR-ASTRA1.2.0.2
2025-09-20 20:51:57,463 [WARN] PackLoader:240 - Cannot read IP mode file for STMicroelectronics.X-CUBE-SMBUS.2.1.0
2025-09-20 20:51:57,468 [WARN] PackLoader:240 - Cannot read IP mode file for STMicroelectronics.X-CUBE-ST60.1.0.0
2025-09-20 20:51:57,496 [WARN] PackLoader:240 - Cannot read IP mode file for STMicroelectronics.X-CUBE-AZRTOS-F7.1.1.0
2025-09-20 20:51:57,509 [WARN] PackLoader:240 - Cannot read IP mode file for WES.I-CUBE-Cesium.1.4.0
2025-09-20 20:51:57,532 [WARN] PackLoader:240 - Cannot read IP mode file for Infineon.AIROC-Wi-Fi-Bluetooth-STM32.1.7.1
2025-09-20 20:51:57,560 [WARN] PackLoader:240 - Cannot read IP mode file for STMicroelectronics.X-CUBE-AZRTOS-H7.3.4.0
2025-09-20 20:51:57,573 [WARN] PackLoader:240 - Cannot read IP mode file for STMicroelectronics.X-CUBE-DISPLAY.3.0.0
2025-09-20 20:51:57,586 [WARN] PackLoader:240 - Cannot read IP mode file for STMicroelectronics.X-CUBE-NFC10.1.0.0
2025-09-20 20:51:57,595 [WARN] PackLoader:240 - Cannot read IP mode file for emotas.I-CUBE-CANOPEN.1.3.0
2025-09-20 20:51:57,604 [WARN] PackLoader:240 - Cannot read IP mode file for STMicroelectronics.FP-SNS-STBOX1.2.1.0
2025-09-20 20:51:57,611 [WARN] PackLoader:240 - Cannot read IP mode file for STMicroelectronics.FP-SNS-SMARTAG2.1.2.0
2025-09-20 20:51:57,614 [WARN] PackLoader:240 - Cannot read IP mode file for STMicroelectronics.FP-SNS-FLIGHT1.5.1.0
2025-09-20 20:51:57,621 [INFO] LogOutputStream:77 - [STDOUT_REDIRECT] 1 : Invalid condition id : UX_CORESTACK_Condition cause : null
2025-09-20 20:51:57,622 [INFO] LogOutputStream:77 - [STDOUT_REDIRECT] 1 : Invalid condition id : UX_CORESTACK_Condition cause : null
2025-09-20 20:51:57,622 [INFO] LogOutputStream:77 - [STDOUT_REDIRECT] 1 : Invalid condition id : UX_CORESTACK_Condition cause : null
2025-09-20 20:51:57,622 [INFO] LogOutputStream:77 - [STDOUT_REDIRECT] 1 : Invalid condition id : UX_CORESTACK_Condition cause : null
2025-09-20 20:51:57,623 [INFO] LogOutputStream:77 - [STDOUT_REDIRECT] 1 : Invalid condition id : UX_CORESTACK_Condition cause : null
2025-09-20 20:51:57,625 [WARN] PackLoader:240 - Cannot read IP mode file for STMicroelectronics.X-CUBE-AZRTOS-WL.2.0.0
2025-09-20 20:51:57,629 [WARN] PackLoader:240 - Cannot read IP mode file for STMicroelectronics.FP-SNS-MOTENV1.5.0.0
2025-09-20 20:51:57,634 [WARN] PackLoader:240 - Cannot read IP mode file for STMicroelectronics.X-CUBE-BLE2.3.3.0
2025-09-20 20:51:57,640 [WARN] PackLoader:240 - Cannot read IP mode file for STMicroelectronics.X-CUBE-NFC9.1.0.0
2025-09-20 20:51:57,644 [WARN] PackLoader:240 - Cannot read IP mode file for wolfSSL.I-CUBE-wolfSSL.5.8.2
2025-09-20 20:51:57,649 [WARN] PackLoader:240 - Cannot read IP mode file for STMicroelectronics.X-CUBE-BLE1.7.1.0
2025-09-20 20:51:57,652 [WARN] PackLoader:240 - Cannot read IP mode file for wolfSSL.I-CUBE-wolfMQTT.1.19.2
2025-09-20 20:51:57,657 [WARN] PackLoader:240 - Cannot read IP mode file for STMicroelectronics.X-CUBE-EEPRMA1.5.2.0
2025-09-20 20:51:57,671 [WARN] PackLoader:240 - Cannot read IP mode file for STMicroelectronics.X-CUBE-AZRTOS-G0.1.1.0
2025-09-20 20:51:57,677 [WARN] PackLoader:240 - Cannot read IP mode file for STMicroelectronics.X-CUBE-SAFEA1.1.2.2
2025-09-20 20:51:57,682 [WARN] PackLoader:240 - Cannot read IP mode file for STMicroelectronics.X-CUBE-NFC4.3.0.0
2025-09-20 20:51:57,691 [WARN] PackLoader:240 - Cannot read IP mode file for EmbeddedOffice.I-CUBE-FS-RTOS.1.0.1
2025-09-20 20:51:57,695 [WARN] PackLoader:240 - Cannot read IP mode file for STMicroelectronics.X-CUBE-WB05N.2.0.0
2025-09-20 20:51:57,699 [WARN] PackLoader:240 - Cannot read IP mode file for wolfSSL.I-CUBE-wolfTPM.3.8.0
2025-09-20 20:51:57,704 [WARN] PackLoader:240 - Cannot read IP mode file for STMicroelectronics.X-CUBE-TCPP.4.2.0
2025-09-20 20:51:57,708 [WARN] PackLoader:240 - Cannot read IP mode file for RealThread.X-CUBE-RT-Thread_Nano.4.1.1
2025-09-20 20:51:57,712 [WARN] PackLoader:240 - Cannot read IP mode file for STMicroelectronics.FP-ATR-SIGFOX1.3.2.0
2025-09-20 20:51:57,717 [WARN] PackLoader:240 - Cannot read IP mode file for ITTIA_DB.I-CUBE-ITTIADB.8.9.0
2025-09-20 20:51:57,721 [WARN] PackLoader:240 - Cannot read IP mode file for STMicroelectronics.X-CUBE-ST67W61.1.0.0
2025-09-20 20:51:57,724 [WARN] PackLoader:240 - Cannot read IP mode file for STMicroelectronics.X-CUBE-AI.10.2.0
2025-09-20 20:51:57,742 [WARN] PackLoader:240 - Cannot read IP mode file for SEGGER.I-CUBE-embOS.1.3.1
2025-09-20 20:51:57,768 [WARN] PackLoader:240 - Cannot read IP mode file for STMicroelectronics.X-CUBE-ALGOBUILD.1.4.0
2025-09-20 20:51:57,800 [WARN] PackLoader:240 - Cannot read IP mode file for STMicroelectronics.X-CUBE-MEMS1.11.3.0
2025-09-20 20:51:57,904 [WARN] PackLoader:240 - Cannot read IP mode file for STMicroelectronics.X-CUBE-PM33A1.1.0.0
2025-09-20 20:51:57,914 [WARN] PackLoader:240 - Cannot read IP mode file for STMicroelectronics.X-CUBE-AZRTOS-F4.1.1.0
2025-09-20 20:51:57,918 [WARN] PackLoader:240 - Cannot read IP mode file for Avnet-IotConnect.X-CUBE-IoTC-DA16k-PMOD.1.0.0
2025-09-20 20:51:57,921 [WARN] PackLoader:240 - Cannot read IP mode file for STMicroelectronics.X-CUBE-ISPU.2.1.0
2025-09-20 20:51:57,925 [WARN] PackLoader:240 - Cannot read IP mode file for STMicroelectronics.X-CUBE-NFC12.1.0.0
2025-09-20 20:51:57,936 [WARN] PackLoader:240 - Cannot read IP mode file for STMicroelectronics.X-CUBE-AZRTOS-L5.2.0.0
2025-09-20 20:51:57,943 [WARN] PackLoader:240 - Cannot read IP mode file for STMicroelectronics.X-CUBE-NFC6.3.1.0
2025-09-20 20:51:57,948 [WARN] PackLoader:240 - Cannot read IP mode file for STMicroelectronics.X-CUBE-FREERTOS.1.3.1
2025-09-20 20:51:57,953 [WARN] PackLoader:240 - Cannot read IP mode file for STMicroelectronics.FP-SNS-STAIOTCFT.1.0.0
2025-09-20 20:51:57,957 [WARN] PackLoader:240 - Cannot read IP mode file for STMicroelectronics.X-CUBE-DPower.1.3.0
2025-09-20 20:51:57,968 [WARN] ConditionMgr:438 - getConditionDescription Invalid condition id : LAN8742 Phy interface Condition cause : null
2025-09-20 20:51:57,980 [WARN] PackLoader:240 - Cannot read IP mode file for STMicroelectronics.X-CUBE-AZRTOS-L4.2.0.0
2025-09-20 20:51:57,982 [WARN] ConditionMgr:1044 - genDependencies : Invalid condition id : LAN8742 Phy interface Condition cause : null
2025-09-20 20:51:57,983 [WARN] ConditionMgr:1044 - genDependencies : Invalid condition id : LAN8742 Phy interface Condition cause : null
2025-09-20 20:51:57,983 [WARN] ConditionMgr:1044 - genDependencies : Invalid condition id : LAN8742 Phy interface Condition cause : null
2025-09-20 20:51:57,991 [WARN] PackLoader:240 - Cannot read IP mode file for STMicroelectronics.X-CUBE-SFXS2LP1.4.0.0
2025-09-20 20:51:57,999 [WARN] PackLoader:240 - Cannot read IP mode file for STMicroelectronics.X-CUBE-BLEMGR.4.1.0
2025-09-20 20:51:58,010 [WARN] ConditionMgr:438 - getConditionDescription Invalid condition id : UX DEVICE CLASS RTOS Condition cause : null
2025-09-20 20:51:58,010 [WARN] ConditionMgr:438 - getConditionDescription Invalid condition id : UX DEVICE CLASS RTOS Condition cause : null
2025-09-20 20:51:58,011 [WARN] PackLoader:240 - Cannot read IP mode file for STMicroelectronics.X-CUBE-AZRTOS-WB.2.0.0
2025-09-20 20:51:58,011 [WARN] ConditionMgr:1044 - genDependencies : Invalid condition id : UX DEVICE CLASS RTOS Condition cause : null
2025-09-20 20:51:58,012 [WARN] ConditionMgr:1044 - genDependencies : Invalid condition id : UX DEVICE CLASS RTOS Condition cause : null
2025-09-20 20:51:58,012 [WARN] ConditionMgr:1044 - genDependencies : Invalid condition id : UX DEVICE CLASS RTOS Condition cause : null
2025-09-20 20:51:58,012 [WARN] ConditionMgr:1044 - genDependencies : Invalid condition id : UX DEVICE CLASS RTOS Condition cause : null
2025-09-20 20:51:58,012 [WARN] ConditionMgr:1044 - genDependencies : Invalid condition id : UX DEVICE CLASS RTOS Condition cause : null
2025-09-20 20:51:58,016 [WARN] PackLoader:240 - Cannot read IP mode file for STMicroelectronics.X-CUBE-GNSS1.7.0.1
2025-09-20 20:51:58,019 [WARN] PackLoader:240 - Cannot read IP mode file for STMicroelectronics.X-CUBE-TOUCHGFX.4.25.0
2025-09-20 20:51:58,022 [WARN] ConditionMgr:438 - getConditionDescription Invalid condition id : Cortex-A Device cause : null
2025-09-20 20:51:58,030 [WARN] ConditionMgr:1044 - genDependencies : Invalid condition id : Cortex-A Device cause : null
2025-09-20 20:51:58,030 [WARN] ConditionMgr:1044 - genDependencies : Invalid condition id : Cortex-A Device cause : null
2025-09-20 20:51:58,031 [WARN] ConditionMgr:1044 - genDependencies : Invalid condition id : Cortex-A Device cause : null
2025-09-20 20:51:58,038 [WARN] PackLoader:240 - Cannot read IP mode file for STMicroelectronics.X-CUBE-SUBG2.5.0.0
2025-09-20 20:51:58,054 [WARN] PackLoader:240 - Cannot read IP mode file for STMicroelectronics.X-CUBE-AZRTOS-H7RS.1.1.0
2025-09-20 20:51:58,059 [WARN] PackLoader:240 - Cannot read IP mode file for Cesanta.I-CUBE-Mongoose.7.13.0
2025-09-20 20:51:58,067 [WARN] PackLoader:240 - Cannot read IP mode file for STMicroelectronics.X-CUBE-AZRTOS-G4.2.0.0
2025-09-20 20:51:58,071 [WARN] PackLoader:240 - Cannot read IP mode file for wolfSSL.I-CUBE-wolfSSH.1.4.20
2025-09-20 20:51:58,074 [WARN] PackLoader:240 - Cannot read IP mode file for STMicroelectronics.X-CUBE-NFC7.2.0.0
2025-09-20 20:51:58,085 [WARN] PackLoader:240 - Cannot read IP mode file for STMicroelectronics.X-CUBE-IPS.3.1.0
2025-09-20 20:51:58,092 [WARN] PackLoader:240 - Cannot read IP mode file for STMicroelectronics.X-CUBE-ALS.1.0.2
2025-09-20 20:51:58,098 [WARN] PackLoader:240 - Cannot read IP mode file for STMicroelectronics.X-CUBE-STSE01.1.0.0
2025-09-20 20:51:58,105 [WARN] PackLoader:240 - Cannot read IP mode file for STMicroelectronics.X-CUBE-TOF1.3.4.3
2025-09-20 20:51:58,114 [INFO] ThirdParty:978 - Integrity check success = true
2025-09-20 20:51:58,114 [INFO] IntegrityCheckThread:100 - exiting critical section [integrity check]
2025-09-20 20:51:58,114 [INFO] IntegrityCheckThread:103 - End integrity checks thread
2025-09-20 20:52:14,703 [ERROR] LogOutputStream:75 - [STDERR_REDIRECT] Sep 20, 2025 8:52:14 PM java.util.prefs.FileSystemPreferences checkLockFile0ErrorCode
2025-09-20 20:52:14,704 [ERROR] LogOutputStream:75 - [STDERR_REDIRECT] WARNING: Could not lock System prefs. Unix error code 2.
2025-09-20 20:52:14,704 [ERROR] LogOutputStream:75 - [STDERR_REDIRECT] 
2025-09-20 20:52:14,704 [ERROR] LogOutputStream:75 - [STDERR_REDIRECT] Sep 20, 2025 8:52:14 PM java.util.prefs.FileSystemPreferences syncWorld
2025-09-20 20:52:14,704 [ERROR] LogOutputStream:75 - [STDERR_REDIRECT] WARNING: Couldn't flush system prefs: java.util.prefs.BackingStoreException: Couldn't get file lock.
2025-09-20 20:52:14,704 [ERROR] LogOutputStream:75 - [STDERR_REDIRECT] 
2025-09-20 20:52:25,008 [ERROR] LogOutputStream:75 - [STDERR_REDIRECT] 
2025-09-20 20:52:25,010 [ERROR] LogOutputStream:75 - [STDERR_REDIRECT] 
