2025-10-11 18:34:50,709 [ERROR] LogOutputStream:75 - [STDERR_REDIRECT] Oct 11, 2025 6:34:50 PM java.util.prefs.FileSystemPreferences checkLockFile0ErrorCode
2025-10-11 18:34:50,712 [ERROR] LogOutputStream:75 - [STDERR_REDIRECT] WARNING: Could not lock System prefs. Unix error code 2.
2025-10-11 18:34:50,712 [ERROR] LogOutputStream:75 - [STDERR_REDIRECT] 
2025-10-11 18:34:50,713 [ERROR] LogOutputStream:75 - [STDERR_REDIRECT] Oct 11, 2025 6:34:50 PM java.util.prefs.FileSystemPreferences syncWorld
2025-10-11 18:34:50,713 [ERROR] LogOutputStream:75 - [STDERR_REDIRECT] WARNING: Couldn't flush system prefs: java.util.prefs.BackingStoreException: Couldn't get file lock.
2025-10-11 18:34:50,713 [ERROR] LogOutputStream:75 - [STDERR_REDIRECT] 
2025-10-11 18:35:20,685 [ERROR] LogOutputStream:75 - [STDERR_REDIRECT] Oct 11, 2025 6:35:20 PM java.util.prefs.FileSystemPreferences checkLockFile0ErrorCode
2025-10-11 18:35:20,686 [ERROR] LogOutputStream:75 - [STDERR_REDIRECT] WARNING: Could not lock System prefs. Unix error code 2.
2025-10-11 18:35:20,686 [ERROR] LogOutputStream:75 - [STDERR_REDIRECT] 
2025-10-11 18:35:20,686 [ERROR] LogOutputStream:75 - [STDERR_REDIRECT] Oct 11, 2025 6:35:20 PM java.util.prefs.FileSystemPreferences syncWorld
2025-10-11 18:35:20,687 [ERROR] LogOutputStream:75 - [STDERR_REDIRECT] WARNING: Couldn't flush system prefs: java.util.prefs.BackingStoreException: Couldn't get file lock.
2025-10-11 18:35:20,687 [ERROR] LogOutputStream:75 - [STDERR_REDIRECT] 
2025-10-11 18:35:50,685 [ERROR] LogOutputStream:75 - [STDERR_REDIRECT] Oct 11, 2025 6:35:50 PM java.util.prefs.FileSystemPreferences checkLockFile0ErrorCode
2025-10-11 18:35:50,685 [ERROR] LogOutputStream:75 - [STDERR_REDIRECT] WARNING: Could not lock System prefs. Unix error code 2.
2025-10-11 18:35:50,686 [ERROR] LogOutputStream:75 - [STDERR_REDIRECT] 
2025-10-11 18:35:50,686 [ERROR] LogOutputStream:75 - [STDERR_REDIRECT] Oct 11, 2025 6:35:50 PM java.util.prefs.FileSystemPreferences syncWorld
2025-10-11 18:35:50,686 [ERROR] LogOutputStream:75 - [STDERR_REDIRECT] WARNING: Couldn't flush system prefs: java.util.prefs.BackingStoreException: Couldn't get file lock.
2025-10-11 18:35:50,687 [ERROR] LogOutputStream:75 - [STDERR_REDIRECT] 
2025-10-11 18:36:20,684 [ERROR] LogOutputStream:75 - [STDERR_REDIRECT] Oct 11, 2025 6:36:20 PM java.util.prefs.FileSystemPreferences checkLockFile0ErrorCode
2025-10-11 18:36:20,684 [ERROR] LogOutputStream:75 - [STDERR_REDIRECT] WARNING: Could not lock System prefs. Unix error code 2.
2025-10-11 18:36:20,685 [ERROR] LogOutputStream:75 - [STDERR_REDIRECT] 
2025-10-11 18:36:20,685 [ERROR] LogOutputStream:75 - [STDERR_REDIRECT] Oct 11, 2025 6:36:20 PM java.util.prefs.FileSystemPreferences syncWorld
2025-10-11 18:36:20,685 [ERROR] LogOutputStream:75 - [STDERR_REDIRECT] WARNING: Couldn't flush system prefs: java.util.prefs.BackingStoreException: Couldn't get file lock.
2025-10-11 18:36:20,685 [ERROR] LogOutputStream:75 - [STDERR_REDIRECT] 
2025-10-11 18:36:50,684 [ERROR] LogOutputStream:75 - [STDERR_REDIRECT] Oct 11, 2025 6:36:50 PM java.util.prefs.FileSystemPreferences checkLockFile0ErrorCode
2025-10-11 18:36:50,685 [ERROR] LogOutputStream:75 - [STDERR_REDIRECT] WARNING: Could not lock System prefs. Unix error code 2.
2025-10-11 18:36:50,685 [ERROR] LogOutputStream:75 - [STDERR_REDIRECT] 
2025-10-11 18:36:50,685 [ERROR] LogOutputStream:75 - [STDERR_REDIRECT] Oct 11, 2025 6:36:50 PM java.util.prefs.FileSystemPreferences syncWorld
2025-10-11 18:36:50,685 [ERROR] LogOutputStream:75 - [STDERR_REDIRECT] WARNING: Couldn't flush system prefs: java.util.prefs.BackingStoreException: Couldn't get file lock.
2025-10-11 18:36:50,686 [ERROR] LogOutputStream:75 - [STDERR_REDIRECT] 
2025-10-11 18:37:20,686 [ERROR] LogOutputStream:75 - [STDERR_REDIRECT] Oct 11, 2025 6:37:20 PM java.util.prefs.FileSystemPreferences checkLockFile0ErrorCode
2025-10-11 18:37:20,686 [ERROR] LogOutputStream:75 - [STDERR_REDIRECT] WARNING: Could not lock System prefs. Unix error code 2.
2025-10-11 18:37:20,686 [ERROR] LogOutputStream:75 - [STDERR_REDIRECT] 
2025-10-11 18:37:20,687 [ERROR] LogOutputStream:75 - [STDERR_REDIRECT] Oct 11, 2025 6:37:20 PM java.util.prefs.FileSystemPreferences syncWorld
2025-10-11 18:37:20,688 [ERROR] LogOutputStream:75 - [STDERR_REDIRECT] WARNING: Couldn't flush system prefs: java.util.prefs.BackingStoreException: Couldn't get file lock.
2025-10-11 18:37:20,688 [ERROR] LogOutputStream:75 - [STDERR_REDIRECT] 
2025-10-11 18:37:50,685 [ERROR] LogOutputStream:75 - [STDERR_REDIRECT] Oct 11, 2025 6:37:50 PM java.util.prefs.FileSystemPreferences checkLockFile0ErrorCode
2025-10-11 18:37:50,686 [ERROR] LogOutputStream:75 - [STDERR_REDIRECT] WARNING: Could not lock System prefs. Unix error code 2.
2025-10-11 18:37:50,686 [ERROR] LogOutputStream:75 - [STDERR_REDIRECT] 
2025-10-11 18:37:50,687 [ERROR] LogOutputStream:75 - [STDERR_REDIRECT] Oct 11, 2025 6:37:50 PM java.util.prefs.FileSystemPreferences syncWorld
2025-10-11 18:37:50,687 [ERROR] LogOutputStream:75 - [STDERR_REDIRECT] WARNING: Couldn't flush system prefs: java.util.prefs.BackingStoreException: Couldn't get file lock.
2025-10-11 18:37:50,687 [ERROR] LogOutputStream:75 - [STDERR_REDIRECT] 
2025-10-11 18:38:20,686 [ERROR] LogOutputStream:75 - [STDERR_REDIRECT] Oct 11, 2025 6:38:20 PM java.util.prefs.FileSystemPreferences checkLockFile0ErrorCode
2025-10-11 18:38:20,686 [ERROR] LogOutputStream:75 - [STDERR_REDIRECT] WARNING: Could not lock System prefs. Unix error code 2.
2025-10-11 18:38:20,686 [ERROR] LogOutputStream:75 - [STDERR_REDIRECT] 
2025-10-11 18:38:20,687 [ERROR] LogOutputStream:75 - [STDERR_REDIRECT] Oct 11, 2025 6:38:20 PM java.util.prefs.FileSystemPreferences syncWorld
2025-10-11 18:38:20,687 [ERROR] LogOutputStream:75 - [STDERR_REDIRECT] WARNING: Couldn't flush system prefs: java.util.prefs.BackingStoreException: Couldn't get file lock.
2025-10-11 18:38:20,687 [ERROR] LogOutputStream:75 - [STDERR_REDIRECT] 
2025-10-11 18:38:50,685 [ERROR] LogOutputStream:75 - [STDERR_REDIRECT] Oct 11, 2025 6:38:50 PM java.util.prefs.FileSystemPreferences checkLockFile0ErrorCode
2025-10-11 18:38:50,686 [ERROR] LogOutputStream:75 - [STDERR_REDIRECT] WARNING: Could not lock System prefs. Unix error code 2.
2025-10-11 18:38:50,686 [ERROR] LogOutputStream:75 - [STDERR_REDIRECT] 
2025-10-11 18:38:50,686 [ERROR] LogOutputStream:75 - [STDERR_REDIRECT] Oct 11, 2025 6:38:50 PM java.util.prefs.FileSystemPreferences syncWorld
2025-10-11 18:38:50,687 [ERROR] LogOutputStream:75 - [STDERR_REDIRECT] WARNING: Couldn't flush system prefs: java.util.prefs.BackingStoreException: Couldn't get file lock.
2025-10-11 18:38:50,687 [ERROR] LogOutputStream:75 - [STDERR_REDIRECT] 
2025-10-11 18:39:20,685 [ERROR] LogOutputStream:75 - [STDERR_REDIRECT] Oct 11, 2025 6:39:20 PM java.util.prefs.FileSystemPreferences checkLockFile0ErrorCode
2025-10-11 18:39:20,685 [ERROR] LogOutputStream:75 - [STDERR_REDIRECT] WARNING: Could not lock System prefs. Unix error code 2.
2025-10-11 18:39:20,685 [ERROR] LogOutputStream:75 - [STDERR_REDIRECT] 
2025-10-11 18:39:20,686 [ERROR] LogOutputStream:75 - [STDERR_REDIRECT] Oct 11, 2025 6:39:20 PM java.util.prefs.FileSystemPreferences syncWorld
2025-10-11 18:39:20,686 [ERROR] LogOutputStream:75 - [STDERR_REDIRECT] WARNING: Couldn't flush system prefs: java.util.prefs.BackingStoreException: Couldn't get file lock.
2025-10-11 18:39:20,686 [ERROR] LogOutputStream:75 - [STDERR_REDIRECT] 
2025-10-11 18:39:50,685 [ERROR] LogOutputStream:75 - [STDERR_REDIRECT] Oct 11, 2025 6:39:50 PM java.util.prefs.FileSystemPreferences checkLockFile0ErrorCode
2025-10-11 18:39:50,685 [ERROR] LogOutputStream:75 - [STDERR_REDIRECT] WARNING: Could not lock System prefs. Unix error code 2.
2025-10-11 18:39:50,685 [ERROR] LogOutputStream:75 - [STDERR_REDIRECT] 
2025-10-11 18:39:50,686 [ERROR] LogOutputStream:75 - [STDERR_REDIRECT] Oct 11, 2025 6:39:50 PM java.util.prefs.FileSystemPreferences syncWorld
2025-10-11 18:39:50,686 [ERROR] LogOutputStream:75 - [STDERR_REDIRECT] WARNING: Couldn't flush system prefs: java.util.prefs.BackingStoreException: Couldn't get file lock.
2025-10-11 18:39:50,686 [ERROR] LogOutputStream:75 - [STDERR_REDIRECT] 
2025-10-11 18:40:20,685 [ERROR] LogOutputStream:75 - [STDERR_REDIRECT] Oct 11, 2025 6:40:20 PM java.util.prefs.FileSystemPreferences checkLockFile0ErrorCode
2025-10-11 18:40:20,686 [ERROR] LogOutputStream:75 - [STDERR_REDIRECT] WARNING: Could not lock System prefs. Unix error code 2.
2025-10-11 18:40:20,686 [ERROR] LogOutputStream:75 - [STDERR_REDIRECT] 
2025-10-11 18:40:20,686 [ERROR] LogOutputStream:75 - [STDERR_REDIRECT] Oct 11, 2025 6:40:20 PM java.util.prefs.FileSystemPreferences syncWorld
2025-10-11 18:40:20,686 [ERROR] LogOutputStream:75 - [STDERR_REDIRECT] WARNING: Couldn't flush system prefs: java.util.prefs.BackingStoreException: Couldn't get file lock.
2025-10-11 18:40:20,687 [ERROR] LogOutputStream:75 - [STDERR_REDIRECT] 
2025-10-11 18:40:50,687 [ERROR] LogOutputStream:75 - [STDERR_REDIRECT] Oct 11, 2025 6:40:50 PM java.util.prefs.FileSystemPreferences checkLockFile0ErrorCode
2025-10-11 18:40:50,688 [ERROR] LogOutputStream:75 - [STDERR_REDIRECT] WARNING: Could not lock System prefs. Unix error code 2.
2025-10-11 18:40:50,688 [ERROR] LogOutputStream:75 - [STDERR_REDIRECT] 
2025-10-11 18:40:50,688 [ERROR] LogOutputStream:75 - [STDERR_REDIRECT] Oct 11, 2025 6:40:50 PM java.util.prefs.FileSystemPreferences syncWorld
2025-10-11 18:40:50,689 [ERROR] LogOutputStream:75 - [STDERR_REDIRECT] WARNING: Couldn't flush system prefs: java.util.prefs.BackingStoreException: Couldn't get file lock.
2025-10-11 18:40:50,689 [ERROR] LogOutputStream:75 - [STDERR_REDIRECT] 
2025-10-11 18:41:20,686 [ERROR] LogOutputStream:75 - [STDERR_REDIRECT] Oct 11, 2025 6:41:20 PM java.util.prefs.FileSystemPreferences checkLockFile0ErrorCode
2025-10-11 18:41:20,687 [ERROR] LogOutputStream:75 - [STDERR_REDIRECT] WARNING: Could not lock System prefs. Unix error code 2.
2025-10-11 18:41:20,687 [ERROR] LogOutputStream:75 - [STDERR_REDIRECT] 
2025-10-11 18:41:20,687 [ERROR] LogOutputStream:75 - [STDERR_REDIRECT] Oct 11, 2025 6:41:20 PM java.util.prefs.FileSystemPreferences syncWorld
2025-10-11 18:41:20,687 [ERROR] LogOutputStream:75 - [STDERR_REDIRECT] WARNING: Couldn't flush system prefs: java.util.prefs.BackingStoreException: Couldn't get file lock.
2025-10-11 18:41:20,687 [ERROR] LogOutputStream:75 - [STDERR_REDIRECT] 
2025-10-11 18:41:50,686 [ERROR] LogOutputStream:75 - [STDERR_REDIRECT] Oct 11, 2025 6:41:50 PM java.util.prefs.FileSystemPreferences checkLockFile0ErrorCode
2025-10-11 18:41:50,686 [ERROR] LogOutputStream:75 - [STDERR_REDIRECT] WARNING: Could not lock System prefs. Unix error code 2.
2025-10-11 18:41:50,686 [ERROR] LogOutputStream:75 - [STDERR_REDIRECT] 
2025-10-11 18:41:50,687 [ERROR] LogOutputStream:75 - [STDERR_REDIRECT] Oct 11, 2025 6:41:50 PM java.util.prefs.FileSystemPreferences syncWorld
2025-10-11 18:41:50,687 [ERROR] LogOutputStream:75 - [STDERR_REDIRECT] WARNING: Couldn't flush system prefs: java.util.prefs.BackingStoreException: Couldn't get file lock.
2025-10-11 18:41:50,687 [ERROR] LogOutputStream:75 - [STDERR_REDIRECT] 
2025-10-11 18:42:20,685 [ERROR] LogOutputStream:75 - [STDERR_REDIRECT] Oct 11, 2025 6:42:20 PM java.util.prefs.FileSystemPreferences checkLockFile0ErrorCode
2025-10-11 18:42:20,686 [ERROR] LogOutputStream:75 - [STDERR_REDIRECT] WARNING: Could not lock System prefs. Unix error code 2.
2025-10-11 18:42:20,686 [ERROR] LogOutputStream:75 - [STDERR_REDIRECT] 
2025-10-11 18:42:20,686 [ERROR] LogOutputStream:75 - [STDERR_REDIRECT] Oct 11, 2025 6:42:20 PM java.util.prefs.FileSystemPreferences syncWorld
2025-10-11 18:42:20,687 [ERROR] LogOutputStream:75 - [STDERR_REDIRECT] WARNING: Couldn't flush system prefs: java.util.prefs.BackingStoreException: Couldn't get file lock.
2025-10-11 18:42:20,687 [ERROR] LogOutputStream:75 - [STDERR_REDIRECT] 
2025-10-11 18:42:50,685 [ERROR] LogOutputStream:75 - [STDERR_REDIRECT] Oct 11, 2025 6:42:50 PM java.util.prefs.FileSystemPreferences checkLockFile0ErrorCode
2025-10-11 18:42:50,686 [ERROR] LogOutputStream:75 - [STDERR_REDIRECT] WARNING: Could not lock System prefs. Unix error code 2.
2025-10-11 18:42:50,686 [ERROR] LogOutputStream:75 - [STDERR_REDIRECT] 
2025-10-11 18:42:50,686 [ERROR] LogOutputStream:75 - [STDERR_REDIRECT] Oct 11, 2025 6:42:50 PM java.util.prefs.FileSystemPreferences syncWorld
2025-10-11 18:42:50,687 [ERROR] LogOutputStream:75 - [STDERR_REDIRECT] WARNING: Couldn't flush system prefs: java.util.prefs.BackingStoreException: Couldn't get file lock.
2025-10-11 18:42:50,687 [ERROR] LogOutputStream:75 - [STDERR_REDIRECT] 
2025-10-11 18:43:20,685 [ERROR] LogOutputStream:75 - [STDERR_REDIRECT] Oct 11, 2025 6:43:20 PM java.util.prefs.FileSystemPreferences checkLockFile0ErrorCode
2025-10-11 18:43:20,686 [ERROR] LogOutputStream:75 - [STDERR_REDIRECT] WARNING: Could not lock System prefs. Unix error code 2.
2025-10-11 18:43:20,686 [ERROR] LogOutputStream:75 - [STDERR_REDIRECT] 
2025-10-11 18:43:20,686 [ERROR] LogOutputStream:75 - [STDERR_REDIRECT] Oct 11, 2025 6:43:20 PM java.util.prefs.FileSystemPreferences syncWorld
2025-10-11 18:43:20,686 [ERROR] LogOutputStream:75 - [STDERR_REDIRECT] WARNING: Couldn't flush system prefs: java.util.prefs.BackingStoreException: Couldn't get file lock.
2025-10-11 18:43:20,686 [ERROR] LogOutputStream:75 - [STDERR_REDIRECT] 
2025-10-11 18:43:50,686 [ERROR] LogOutputStream:75 - [STDERR_REDIRECT] Oct 11, 2025 6:43:50 PM java.util.prefs.FileSystemPreferences checkLockFile0ErrorCode
2025-10-11 18:43:50,686 [ERROR] LogOutputStream:75 - [STDERR_REDIRECT] WARNING: Could not lock System prefs. Unix error code 2.
2025-10-11 18:43:50,686 [ERROR] LogOutputStream:75 - [STDERR_REDIRECT] 
2025-10-11 18:43:50,687 [ERROR] LogOutputStream:75 - [STDERR_REDIRECT] Oct 11, 2025 6:43:50 PM java.util.prefs.FileSystemPreferences syncWorld
2025-10-11 18:43:50,687 [ERROR] LogOutputStream:75 - [STDERR_REDIRECT] WARNING: Couldn't flush system prefs: java.util.prefs.BackingStoreException: Couldn't get file lock.
2025-10-11 18:43:50,687 [ERROR] LogOutputStream:75 - [STDERR_REDIRECT] 
2025-10-11 18:44:20,686 [ERROR] LogOutputStream:75 - [STDERR_REDIRECT] Oct 11, 2025 6:44:20 PM java.util.prefs.FileSystemPreferences checkLockFile0ErrorCode
2025-10-11 18:44:20,687 [ERROR] LogOutputStream:75 - [STDERR_REDIRECT] WARNING: Could not lock System prefs. Unix error code 2.
2025-10-11 18:44:20,687 [ERROR] LogOutputStream:75 - [STDERR_REDIRECT] 
2025-10-11 18:44:20,687 [ERROR] LogOutputStream:75 - [STDERR_REDIRECT] Oct 11, 2025 6:44:20 PM java.util.prefs.FileSystemPreferences syncWorld
2025-10-11 18:44:20,687 [ERROR] LogOutputStream:75 - [STDERR_REDIRECT] WARNING: Couldn't flush system prefs: java.util.prefs.BackingStoreException: Couldn't get file lock.
2025-10-11 18:44:20,687 [ERROR] LogOutputStream:75 - [STDERR_REDIRECT] 
2025-10-11 18:44:50,686 [ERROR] LogOutputStream:75 - [STDERR_REDIRECT] Oct 11, 2025 6:44:50 PM java.util.prefs.FileSystemPreferences checkLockFile0ErrorCode
2025-10-11 18:44:50,687 [ERROR] LogOutputStream:75 - [STDERR_REDIRECT] WARNING: Could not lock System prefs. Unix error code 2.
2025-10-11 18:44:50,687 [ERROR] LogOutputStream:75 - [STDERR_REDIRECT] 
2025-10-11 18:44:50,687 [ERROR] LogOutputStream:75 - [STDERR_REDIRECT] Oct 11, 2025 6:44:50 PM java.util.prefs.FileSystemPreferences syncWorld
2025-10-11 18:44:50,688 [ERROR] LogOutputStream:75 - [STDERR_REDIRECT] WARNING: Couldn't flush system prefs: java.util.prefs.BackingStoreException: Couldn't get file lock.
2025-10-11 18:44:50,688 [ERROR] LogOutputStream:75 - [STDERR_REDIRECT] 
2025-10-11 18:45:20,691 [ERROR] LogOutputStream:75 - [STDERR_REDIRECT] Oct 11, 2025 6:45:20 PM java.util.prefs.FileSystemPreferences checkLockFile0ErrorCode
2025-10-11 18:45:20,691 [ERROR] LogOutputStream:75 - [STDERR_REDIRECT] WARNING: Could not lock System prefs. Unix error code 2.
2025-10-11 18:45:20,691 [ERROR] LogOutputStream:75 - [STDERR_REDIRECT] 
2025-10-11 18:45:20,691 [ERROR] LogOutputStream:75 - [STDERR_REDIRECT] Oct 11, 2025 6:45:20 PM java.util.prefs.FileSystemPreferences syncWorld
2025-10-11 18:45:20,692 [ERROR] LogOutputStream:75 - [STDERR_REDIRECT] WARNING: Couldn't flush system prefs: java.util.prefs.BackingStoreException: Couldn't get file lock.
2025-10-11 18:45:20,692 [ERROR] LogOutputStream:75 - [STDERR_REDIRECT] 
2025-10-11 18:45:21,004 [ERROR] LogOutputStream:75 - [STDERR_REDIRECT] 
2025-10-11 18:45:21,005 [ERROR] LogOutputStream:75 - [STDERR_REDIRECT] 
