2025-10-20 00:00:24,691 [ERROR] LogOutputStream:75 - [STDERR_REDIRECT] Oct 20, 2025 12:00:24 AM java.util.prefs.FileSystemPreferences checkLockFile0ErrorCode
2025-10-20 00:00:24,693 [ERROR] LogOutputStream:75 - [STDERR_REDIRECT] WARNING: Could not lock System prefs. Unix error code 2.
2025-10-20 00:00:24,693 [ERROR] LogOutputStream:75 - [STDERR_REDIRECT] 
2025-10-20 00:00:24,693 [ERROR] LogOutputStream:75 - [STDERR_REDIRECT] Oct 20, 2025 12:00:24 AM java.util.prefs.FileSystemPreferences syncWorld
2025-10-20 00:00:24,693 [ERROR] LogOutputStream:75 - [STDERR_REDIRECT] WARNING: Couldn't flush system prefs: java.util.prefs.BackingStoreException: Couldn't get file lock.
2025-10-20 00:00:24,693 [ERROR] LogOutputStream:75 - [STDERR_REDIRECT] 
2025-10-20 00:00:54,691 [ERROR] LogOutputStream:75 - [STDERR_REDIRECT] Oct 20, 2025 12:00:54 AM java.util.prefs.FileSystemPreferences checkLockFile0ErrorCode
2025-10-20 00:00:54,691 [ERROR] LogOutputStream:75 - [STDERR_REDIRECT] WARNING: Could not lock System prefs. Unix error code 2.
2025-10-20 00:00:54,691 [ERROR] LogOutputStream:75 - [STDERR_REDIRECT] 
2025-10-20 00:00:54,691 [ERROR] LogOutputStream:75 - [STDERR_REDIRECT] Oct 20, 2025 12:00:54 AM java.util.prefs.FileSystemPreferences syncWorld
2025-10-20 00:00:54,691 [ERROR] LogOutputStream:75 - [STDERR_REDIRECT] WARNING: Couldn't flush system prefs: java.util.prefs.BackingStoreException: Couldn't get file lock.
2025-10-20 00:00:54,691 [ERROR] LogOutputStream:75 - [STDERR_REDIRECT] 
2025-10-20 00:01:24,690 [ERROR] LogOutputStream:75 - [STDERR_REDIRECT] Oct 20, 2025 12:01:24 AM java.util.prefs.FileSystemPreferences checkLockFile0ErrorCode
2025-10-20 00:01:24,690 [ERROR] LogOutputStream:75 - [STDERR_REDIRECT] WARNING: Could not lock System prefs. Unix error code 2.
2025-10-20 00:01:24,690 [ERROR] LogOutputStream:75 - [STDERR_REDIRECT] 
2025-10-20 00:01:24,690 [ERROR] LogOutputStream:75 - [STDERR_REDIRECT] Oct 20, 2025 12:01:24 AM java.util.prefs.FileSystemPreferences syncWorld
2025-10-20 00:01:24,690 [ERROR] LogOutputStream:75 - [STDERR_REDIRECT] WARNING: Couldn't flush system prefs: java.util.prefs.BackingStoreException: Couldn't get file lock.
2025-10-20 00:01:24,690 [ERROR] LogOutputStream:75 - [STDERR_REDIRECT] 
2025-10-20 00:01:54,691 [ERROR] LogOutputStream:75 - [STDERR_REDIRECT] Oct 20, 2025 12:01:54 AM java.util.prefs.FileSystemPreferences checkLockFile0ErrorCode
2025-10-20 00:01:54,691 [ERROR] LogOutputStream:75 - [STDERR_REDIRECT] WARNING: Could not lock System prefs. Unix error code 2.
2025-10-20 00:01:54,691 [ERROR] LogOutputStream:75 - [STDERR_REDIRECT] 
2025-10-20 00:01:54,691 [ERROR] LogOutputStream:75 - [STDERR_REDIRECT] Oct 20, 2025 12:01:54 AM java.util.prefs.FileSystemPreferences syncWorld
2025-10-20 00:01:54,691 [ERROR] LogOutputStream:75 - [STDERR_REDIRECT] WARNING: Couldn't flush system prefs: java.util.prefs.BackingStoreException: Couldn't get file lock.
2025-10-20 00:01:54,691 [ERROR] LogOutputStream:75 - [STDERR_REDIRECT] 
2025-10-20 00:02:24,692 [ERROR] LogOutputStream:75 - [STDERR_REDIRECT] Oct 20, 2025 12:02:24 AM java.util.prefs.FileSystemPreferences checkLockFile0ErrorCode
2025-10-20 00:02:24,693 [ERROR] LogOutputStream:75 - [STDERR_REDIRECT] WARNING: Could not lock System prefs. Unix error code 2.
2025-10-20 00:02:24,693 [ERROR] LogOutputStream:75 - [STDERR_REDIRECT] 
2025-10-20 00:02:24,693 [ERROR] LogOutputStream:75 - [STDERR_REDIRECT] Oct 20, 2025 12:02:24 AM java.util.prefs.FileSystemPreferences syncWorld
2025-10-20 00:02:24,693 [ERROR] LogOutputStream:75 - [STDERR_REDIRECT] WARNING: Couldn't flush system prefs: java.util.prefs.BackingStoreException: Couldn't get file lock.
2025-10-20 00:02:24,693 [ERROR] LogOutputStream:75 - [STDERR_REDIRECT] 
2025-10-20 00:02:54,690 [ERROR] LogOutputStream:75 - [STDERR_REDIRECT] Oct 20, 2025 12:02:54 AM java.util.prefs.FileSystemPreferences checkLockFile0ErrorCode
2025-10-20 00:02:54,690 [ERROR] LogOutputStream:75 - [STDERR_REDIRECT] WARNING: Could not lock System prefs. Unix error code 2.
2025-10-20 00:02:54,690 [ERROR] LogOutputStream:75 - [STDERR_REDIRECT] 
2025-10-20 00:02:54,691 [ERROR] LogOutputStream:75 - [STDERR_REDIRECT] Oct 20, 2025 12:02:54 AM java.util.prefs.FileSystemPreferences syncWorld
2025-10-20 00:02:54,691 [ERROR] LogOutputStream:75 - [STDERR_REDIRECT] WARNING: Couldn't flush system prefs: java.util.prefs.BackingStoreException: Couldn't get file lock.
2025-10-20 00:02:54,691 [ERROR] LogOutputStream:75 - [STDERR_REDIRECT] 
2025-10-20 00:03:24,690 [ERROR] LogOutputStream:75 - [STDERR_REDIRECT] Oct 20, 2025 12:03:24 AM java.util.prefs.FileSystemPreferences checkLockFile0ErrorCode
2025-10-20 00:03:24,690 [ERROR] LogOutputStream:75 - [STDERR_REDIRECT] WARNING: Could not lock System prefs. Unix error code 2.
2025-10-20 00:03:24,691 [ERROR] LogOutputStream:75 - [STDERR_REDIRECT] 
2025-10-20 00:03:24,691 [ERROR] LogOutputStream:75 - [STDERR_REDIRECT] Oct 20, 2025 12:03:24 AM java.util.prefs.FileSystemPreferences syncWorld
2025-10-20 00:03:24,691 [ERROR] LogOutputStream:75 - [STDERR_REDIRECT] WARNING: Couldn't flush system prefs: java.util.prefs.BackingStoreException: Couldn't get file lock.
2025-10-20 00:03:24,691 [ERROR] LogOutputStream:75 - [STDERR_REDIRECT] 
2025-10-20 00:03:55,613 [ERROR] LogOutputStream:75 - [STDERR_REDIRECT] Oct 20, 2025 12:03:55 AM java.util.prefs.FileSystemPreferences checkLockFile0ErrorCode
2025-10-20 00:03:55,613 [ERROR] LogOutputStream:75 - [STDERR_REDIRECT] WARNING: Could not lock System prefs. Unix error code 2.
2025-10-20 00:03:55,613 [ERROR] LogOutputStream:75 - [STDERR_REDIRECT] 
2025-10-20 00:03:55,613 [ERROR] LogOutputStream:75 - [STDERR_REDIRECT] Oct 20, 2025 12:03:55 AM java.util.prefs.FileSystemPreferences syncWorld
2025-10-20 00:03:55,613 [ERROR] LogOutputStream:75 - [STDERR_REDIRECT] WARNING: Couldn't flush system prefs: java.util.prefs.BackingStoreException: Couldn't get file lock.
2025-10-20 00:03:55,613 [ERROR] LogOutputStream:75 - [STDERR_REDIRECT] 
2025-10-20 00:04:25,615 [ERROR] LogOutputStream:75 - [STDERR_REDIRECT] Oct 20, 2025 12:04:25 AM java.util.prefs.FileSystemPreferences checkLockFile0ErrorCode
2025-10-20 00:04:25,615 [ERROR] LogOutputStream:75 - [STDERR_REDIRECT] WARNING: Could not lock System prefs. Unix error code 2.
2025-10-20 00:04:25,615 [ERROR] LogOutputStream:75 - [STDERR_REDIRECT] 
2025-10-20 00:04:25,616 [ERROR] LogOutputStream:75 - [STDERR_REDIRECT] Oct 20, 2025 12:04:25 AM java.util.prefs.FileSystemPreferences syncWorld
2025-10-20 00:04:25,616 [ERROR] LogOutputStream:75 - [STDERR_REDIRECT] WARNING: Couldn't flush system prefs: java.util.prefs.BackingStoreException: Couldn't get file lock.
2025-10-20 00:04:25,616 [ERROR] LogOutputStream:75 - [STDERR_REDIRECT] 
2025-10-20 00:04:55,616 [ERROR] LogOutputStream:75 - [STDERR_REDIRECT] Oct 20, 2025 12:04:55 AM java.util.prefs.FileSystemPreferences checkLockFile0ErrorCode
2025-10-20 00:04:55,616 [ERROR] LogOutputStream:75 - [STDERR_REDIRECT] WARNING: Could not lock System prefs. Unix error code 2.
2025-10-20 00:04:55,616 [ERROR] LogOutputStream:75 - [STDERR_REDIRECT] 
2025-10-20 00:04:55,616 [ERROR] LogOutputStream:75 - [STDERR_REDIRECT] Oct 20, 2025 12:04:55 AM java.util.prefs.FileSystemPreferences syncWorld
2025-10-20 00:04:55,616 [ERROR] LogOutputStream:75 - [STDERR_REDIRECT] WARNING: Couldn't flush system prefs: java.util.prefs.BackingStoreException: Couldn't get file lock.
2025-10-20 00:04:55,616 [ERROR] LogOutputStream:75 - [STDERR_REDIRECT] 
2025-10-20 00:05:25,616 [ERROR] LogOutputStream:75 - [STDERR_REDIRECT] Oct 20, 2025 12:05:25 AM java.util.prefs.FileSystemPreferences checkLockFile0ErrorCode
2025-10-20 00:05:25,616 [ERROR] LogOutputStream:75 - [STDERR_REDIRECT] WARNING: Could not lock System prefs. Unix error code 2.
2025-10-20 00:05:25,616 [ERROR] LogOutputStream:75 - [STDERR_REDIRECT] 
2025-10-20 00:05:25,617 [ERROR] LogOutputStream:75 - [STDERR_REDIRECT] Oct 20, 2025 12:05:25 AM java.util.prefs.FileSystemPreferences syncWorld
2025-10-20 00:05:25,617 [ERROR] LogOutputStream:75 - [STDERR_REDIRECT] WARNING: Couldn't flush system prefs: java.util.prefs.BackingStoreException: Couldn't get file lock.
2025-10-20 00:05:25,617 [ERROR] LogOutputStream:75 - [STDERR_REDIRECT] 
2025-10-20 00:05:55,616 [ERROR] LogOutputStream:75 - [STDERR_REDIRECT] Oct 20, 2025 12:05:55 AM java.util.prefs.FileSystemPreferences checkLockFile0ErrorCode
2025-10-20 00:05:55,616 [ERROR] LogOutputStream:75 - [STDERR_REDIRECT] WARNING: Could not lock System prefs. Unix error code 2.
2025-10-20 00:05:55,617 [ERROR] LogOutputStream:75 - [STDERR_REDIRECT] 
2025-10-20 00:05:55,617 [ERROR] LogOutputStream:75 - [STDERR_REDIRECT] Oct 20, 2025 12:05:55 AM java.util.prefs.FileSystemPreferences syncWorld
2025-10-20 00:05:55,617 [ERROR] LogOutputStream:75 - [STDERR_REDIRECT] WARNING: Couldn't flush system prefs: java.util.prefs.BackingStoreException: Couldn't get file lock.
2025-10-20 00:05:55,617 [ERROR] LogOutputStream:75 - [STDERR_REDIRECT] 
2025-10-20 00:06:25,615 [ERROR] LogOutputStream:75 - [STDERR_REDIRECT] Oct 20, 2025 12:06:25 AM java.util.prefs.FileSystemPreferences checkLockFile0ErrorCode
2025-10-20 00:06:25,616 [ERROR] LogOutputStream:75 - [STDERR_REDIRECT] WARNING: Could not lock System prefs. Unix error code 2.
2025-10-20 00:06:25,616 [ERROR] LogOutputStream:75 - [STDERR_REDIRECT] 
2025-10-20 00:06:25,616 [ERROR] LogOutputStream:75 - [STDERR_REDIRECT] Oct 20, 2025 12:06:25 AM java.util.prefs.FileSystemPreferences syncWorld
2025-10-20 00:06:25,616 [ERROR] LogOutputStream:75 - [STDERR_REDIRECT] WARNING: Couldn't flush system prefs: java.util.prefs.BackingStoreException: Couldn't get file lock.
2025-10-20 00:06:25,616 [ERROR] LogOutputStream:75 - [STDERR_REDIRECT] 
2025-10-20 00:06:27,558 [ERROR] ConfigurationRetriever:142 - IOException on connection: Read timed out
2025-10-20 00:06:30,280 [ERROR] ConfigurationRetriever:142 - IOException on connection: Read timed out
2025-10-20 00:06:32,440 [ERROR] ConfigurationRetriever:142 - IOException on connection: Read timed out
2025-10-20 00:06:34,404 [ERROR] LogOutputStream:75 - [STDERR_REDIRECT] 
2025-10-20 00:06:34,406 [ERROR] LogOutputStream:75 - [STDERR_REDIRECT] 
