2025-10-10 06:14:25,692 [ERROR] LogOutputStream:75 - [STDERR_REDIRECT] Oct 10, 2025 6:14:25 AM java.util.prefs.FileSystemPreferences checkLockFile0ErrorCode
2025-10-10 06:14:25,699 [ERROR] LogOutputStream:75 - [STDERR_REDIRECT] WARNING: Could not lock System prefs. Unix error code 2.
2025-10-10 06:14:25,700 [ERROR] LogOutputStream:75 - [STDERR_REDIRECT] 
2025-10-10 06:14:25,700 [ERROR] LogOutputStream:75 - [STDERR_REDIRECT] Oct 10, 2025 6:14:25 AM java.util.prefs.FileSystemPreferences syncWorld
2025-10-10 06:14:25,700 [ERROR] LogOutputStream:75 - [STDERR_REDIRECT] WARNING: Couldn't flush system prefs: java.util.prefs.BackingStoreException: Couldn't get file lock.
2025-10-10 06:14:25,701 [ERROR] LogOutputStream:75 - [STDERR_REDIRECT] 
2025-10-10 20:10:33,668 [ERROR] LogOutputStream:75 - [STDERR_REDIRECT] Oct 10, 2025 8:10:33 PM java.util.prefs.FileSystemPreferences checkLockFile0ErrorCode
2025-10-10 20:10:33,669 [ERROR] LogOutputStream:75 - [STDERR_REDIRECT] WARNING: Could not lock System prefs. Unix error code 2.
2025-10-10 20:10:33,669 [ERROR] LogOutputStream:75 - [STDERR_REDIRECT] 
2025-10-10 20:10:33,669 [ERROR] LogOutputStream:75 - [STDERR_REDIRECT] Oct 10, 2025 8:10:33 PM java.util.prefs.FileSystemPreferences syncWorld
2025-10-10 20:10:33,669 [ERROR] LogOutputStream:75 - [STDERR_REDIRECT] WARNING: Couldn't flush system prefs: java.util.prefs.BackingStoreException: Couldn't get file lock.
2025-10-10 20:10:33,670 [ERROR] LogOutputStream:75 - [STDERR_REDIRECT] 
2025-10-10 20:11:03,667 [ERROR] LogOutputStream:75 - [STDERR_REDIRECT] Oct 10, 2025 8:11:03 PM java.util.prefs.FileSystemPreferences checkLockFile0ErrorCode
2025-10-10 20:11:03,667 [ERROR] LogOutputStream:75 - [STDERR_REDIRECT] WARNING: Could not lock System prefs. Unix error code 2.
2025-10-10 20:11:03,667 [ERROR] LogOutputStream:75 - [STDERR_REDIRECT] 
2025-10-10 20:11:03,668 [ERROR] LogOutputStream:75 - [STDERR_REDIRECT] Oct 10, 2025 8:11:03 PM java.util.prefs.FileSystemPreferences syncWorld
2025-10-10 20:11:03,668 [ERROR] LogOutputStream:75 - [STDERR_REDIRECT] WARNING: Couldn't flush system prefs: java.util.prefs.BackingStoreException: Couldn't get file lock.
2025-10-10 20:11:03,668 [ERROR] LogOutputStream:75 - [STDERR_REDIRECT] 
2025-10-10 22:38:39,079 [ERROR] LogOutputStream:75 - [STDERR_REDIRECT] Oct 10, 2025 10:38:39 PM java.util.prefs.FileSystemPreferences checkLockFile0ErrorCode
2025-10-10 22:38:39,080 [ERROR] LogOutputStream:75 - [STDERR_REDIRECT] WARNING: Could not lock System prefs. Unix error code 2.
2025-10-10 22:38:39,080 [ERROR] LogOutputStream:75 - [STDERR_REDIRECT] 
2025-10-10 22:38:39,081 [ERROR] LogOutputStream:75 - [STDERR_REDIRECT] Oct 10, 2025 10:38:39 PM java.util.prefs.FileSystemPreferences syncWorld
2025-10-10 22:38:39,081 [ERROR] LogOutputStream:75 - [STDERR_REDIRECT] WARNING: Couldn't flush system prefs: java.util.prefs.BackingStoreException: Couldn't get file lock.
2025-10-10 22:38:39,081 [ERROR] LogOutputStream:75 - [STDERR_REDIRECT] 
2025-10-10 22:39:09,079 [ERROR] LogOutputStream:75 - [STDERR_REDIRECT] Oct 10, 2025 10:39:09 PM java.util.prefs.FileSystemPreferences checkLockFile0ErrorCode
2025-10-10 22:39:09,080 [ERROR] LogOutputStream:75 - [STDERR_REDIRECT] WARNING: Could not lock System prefs. Unix error code 2.
2025-10-10 22:39:09,080 [ERROR] LogOutputStream:75 - [STDERR_REDIRECT] 
2025-10-10 22:39:09,080 [ERROR] LogOutputStream:75 - [STDERR_REDIRECT] Oct 10, 2025 10:39:09 PM java.util.prefs.FileSystemPreferences syncWorld
2025-10-10 22:39:09,081 [ERROR] LogOutputStream:75 - [STDERR_REDIRECT] WARNING: Couldn't flush system prefs: java.util.prefs.BackingStoreException: Couldn't get file lock.
2025-10-10 22:39:09,081 [ERROR] LogOutputStream:75 - [STDERR_REDIRECT] 
2025-10-10 22:39:39,080 [ERROR] LogOutputStream:75 - [STDERR_REDIRECT] Oct 10, 2025 10:39:39 PM java.util.prefs.FileSystemPreferences checkLockFile0ErrorCode
2025-10-10 22:39:39,081 [ERROR] LogOutputStream:75 - [STDERR_REDIRECT] WARNING: Could not lock System prefs. Unix error code 2.
2025-10-10 22:39:39,081 [ERROR] LogOutputStream:75 - [STDERR_REDIRECT] 
2025-10-10 22:39:39,081 [ERROR] LogOutputStream:75 - [STDERR_REDIRECT] Oct 10, 2025 10:39:39 PM java.util.prefs.FileSystemPreferences syncWorld
2025-10-10 22:39:39,082 [ERROR] LogOutputStream:75 - [STDERR_REDIRECT] WARNING: Couldn't flush system prefs: java.util.prefs.BackingStoreException: Couldn't get file lock.
2025-10-10 22:39:39,082 [ERROR] LogOutputStream:75 - [STDERR_REDIRECT] 
2025-10-10 22:40:09,080 [ERROR] LogOutputStream:75 - [STDERR_REDIRECT] Oct 10, 2025 10:40:09 PM java.util.prefs.FileSystemPreferences checkLockFile0ErrorCode
2025-10-10 22:40:09,080 [ERROR] LogOutputStream:75 - [STDERR_REDIRECT] WARNING: Could not lock System prefs. Unix error code 2.
2025-10-10 22:40:09,080 [ERROR] LogOutputStream:75 - [STDERR_REDIRECT] 
2025-10-10 22:40:09,081 [ERROR] LogOutputStream:75 - [STDERR_REDIRECT] Oct 10, 2025 10:40:09 PM java.util.prefs.FileSystemPreferences syncWorld
2025-10-10 22:40:09,081 [ERROR] LogOutputStream:75 - [STDERR_REDIRECT] WARNING: Couldn't flush system prefs: java.util.prefs.BackingStoreException: Couldn't get file lock.
2025-10-10 22:40:09,081 [ERROR] LogOutputStream:75 - [STDERR_REDIRECT] 
2025-10-10 22:40:39,079 [ERROR] LogOutputStream:75 - [STDERR_REDIRECT] Oct 10, 2025 10:40:39 PM java.util.prefs.FileSystemPreferences checkLockFile0ErrorCode
2025-10-10 22:40:39,079 [ERROR] LogOutputStream:75 - [STDERR_REDIRECT] WARNING: Could not lock System prefs. Unix error code 2.
2025-10-10 22:40:39,079 [ERROR] LogOutputStream:75 - [STDERR_REDIRECT] 
2025-10-10 22:40:39,080 [ERROR] LogOutputStream:75 - [STDERR_REDIRECT] Oct 10, 2025 10:40:39 PM java.util.prefs.FileSystemPreferences syncWorld
2025-10-10 22:40:39,080 [ERROR] LogOutputStream:75 - [STDERR_REDIRECT] WARNING: Couldn't flush system prefs: java.util.prefs.BackingStoreException: Couldn't get file lock.
2025-10-10 22:40:39,080 [ERROR] LogOutputStream:75 - [STDERR_REDIRECT] 
2025-10-10 22:41:09,080 [ERROR] LogOutputStream:75 - [STDERR_REDIRECT] Oct 10, 2025 10:41:09 PM java.util.prefs.FileSystemPreferences checkLockFile0ErrorCode
2025-10-10 22:41:09,080 [ERROR] LogOutputStream:75 - [STDERR_REDIRECT] WARNING: Could not lock System prefs. Unix error code 2.
2025-10-10 22:41:09,081 [ERROR] LogOutputStream:75 - [STDERR_REDIRECT] 
2025-10-10 22:41:09,081 [ERROR] LogOutputStream:75 - [STDERR_REDIRECT] Oct 10, 2025 10:41:09 PM java.util.prefs.FileSystemPreferences syncWorld
2025-10-10 22:41:09,081 [ERROR] LogOutputStream:75 - [STDERR_REDIRECT] WARNING: Couldn't flush system prefs: java.util.prefs.BackingStoreException: Couldn't get file lock.
2025-10-10 22:41:09,081 [ERROR] LogOutputStream:75 - [STDERR_REDIRECT] 
2025-10-10 22:41:39,081 [ERROR] LogOutputStream:75 - [STDERR_REDIRECT] Oct 10, 2025 10:41:39 PM java.util.prefs.FileSystemPreferences checkLockFile0ErrorCode
2025-10-10 22:41:39,082 [ERROR] LogOutputStream:75 - [STDERR_REDIRECT] WARNING: Could not lock System prefs. Unix error code 2.
2025-10-10 22:41:39,082 [ERROR] LogOutputStream:75 - [STDERR_REDIRECT] 
2025-10-10 22:41:39,082 [ERROR] LogOutputStream:75 - [STDERR_REDIRECT] Oct 10, 2025 10:41:39 PM java.util.prefs.FileSystemPreferences syncWorld
2025-10-10 22:41:39,083 [ERROR] LogOutputStream:75 - [STDERR_REDIRECT] WARNING: Couldn't flush system prefs: java.util.prefs.BackingStoreException: Couldn't get file lock.
2025-10-10 22:41:39,083 [ERROR] LogOutputStream:75 - [STDERR_REDIRECT] 
