2025-11-05 09:37:46,482 [ERROR] LogOutputStream:75 - [STDERR_REDIRECT] Nov 05, 2025 9:37:46 AM java.util.prefs.FileSystemPreferences checkLockFile0ErrorCode
2025-11-05 09:37:46,489 [ERROR] LogOutputStream:75 - [STDERR_REDIRECT] WARNING: Could not lock System prefs. Unix error code 2.
2025-11-05 09:37:46,489 [ERROR] LogOutputStream:75 - [STDERR_REDIRECT] 
2025-11-05 09:37:46,489 [ERROR] LogOutputStream:75 - [STDERR_REDIRECT] Nov 05, 2025 9:37:46 AM java.util.prefs.FileSystemPreferences syncWorld
2025-11-05 09:37:46,490 [ERROR] LogOutputStream:75 - [STDERR_REDIRECT] WARNING: Couldn't flush system prefs: java.util.prefs.BackingStoreException: Couldn't get file lock.
2025-11-05 09:37:46,490 [ERROR] LogOutputStream:75 - [STDERR_REDIRECT] 
2025-11-05 09:38:16,478 [ERROR] LogOutputStream:75 - [STDERR_REDIRECT] Nov 05, 2025 9:38:16 AM java.util.prefs.FileSystemPreferences checkLockFile0ErrorCode
2025-11-05 09:38:16,479 [ERROR] LogOutputStream:75 - [STDERR_REDIRECT] WARNING: Could not lock System prefs. Unix error code 2.
2025-11-05 09:38:16,479 [ERROR] LogOutputStream:75 - [STDERR_REDIRECT] 
2025-11-05 09:38:16,479 [ERROR] LogOutputStream:75 - [STDERR_REDIRECT] Nov 05, 2025 9:38:16 AM java.util.prefs.FileSystemPreferences syncWorld
2025-11-05 09:38:16,479 [ERROR] LogOutputStream:75 - [STDERR_REDIRECT] WARNING: Couldn't flush system prefs: java.util.prefs.BackingStoreException: Couldn't get file lock.
2025-11-05 09:38:16,479 [ERROR] LogOutputStream:75 - [STDERR_REDIRECT] 
2025-11-05 09:38:46,479 [ERROR] LogOutputStream:75 - [STDERR_REDIRECT] Nov 05, 2025 9:38:46 AM java.util.prefs.FileSystemPreferences checkLockFile0ErrorCode
2025-11-05 09:38:46,480 [ERROR] LogOutputStream:75 - [STDERR_REDIRECT] WARNING: Could not lock System prefs. Unix error code 2.
2025-11-05 09:38:46,480 [ERROR] LogOutputStream:75 - [STDERR_REDIRECT] 
2025-11-05 09:38:46,480 [ERROR] LogOutputStream:75 - [STDERR_REDIRECT] Nov 05, 2025 9:38:46 AM java.util.prefs.FileSystemPreferences syncWorld
2025-11-05 09:38:46,481 [ERROR] LogOutputStream:75 - [STDERR_REDIRECT] WARNING: Couldn't flush system prefs: java.util.prefs.BackingStoreException: Couldn't get file lock.
2025-11-05 09:38:46,481 [ERROR] LogOutputStream:75 - [STDERR_REDIRECT] 
2025-11-05 09:39:16,480 [ERROR] LogOutputStream:75 - [STDERR_REDIRECT] Nov 05, 2025 9:39:16 AM java.util.prefs.FileSystemPreferences checkLockFile0ErrorCode
2025-11-05 09:39:16,480 [ERROR] LogOutputStream:75 - [STDERR_REDIRECT] WARNING: Could not lock System prefs. Unix error code 2.
2025-11-05 09:39:16,480 [ERROR] LogOutputStream:75 - [STDERR_REDIRECT] 
2025-11-05 09:39:16,481 [ERROR] LogOutputStream:75 - [STDERR_REDIRECT] Nov 05, 2025 9:39:16 AM java.util.prefs.FileSystemPreferences syncWorld
2025-11-05 09:39:16,481 [ERROR] LogOutputStream:75 - [STDERR_REDIRECT] WARNING: Couldn't flush system prefs: java.util.prefs.BackingStoreException: Couldn't get file lock.
2025-11-05 09:39:16,481 [ERROR] LogOutputStream:75 - [STDERR_REDIRECT] 
2025-11-05 09:39:46,481 [ERROR] LogOutputStream:75 - [STDERR_REDIRECT] Nov 05, 2025 9:39:46 AM java.util.prefs.FileSystemPreferences checkLockFile0ErrorCode
2025-11-05 09:39:46,481 [ERROR] LogOutputStream:75 - [STDERR_REDIRECT] WARNING: Could not lock System prefs. Unix error code 2.
2025-11-05 09:39:46,482 [ERROR] LogOutputStream:75 - [STDERR_REDIRECT] 
2025-11-05 09:39:46,482 [ERROR] LogOutputStream:75 - [STDERR_REDIRECT] Nov 05, 2025 9:39:46 AM java.util.prefs.FileSystemPreferences syncWorld
2025-11-05 09:39:46,482 [ERROR] LogOutputStream:75 - [STDERR_REDIRECT] WARNING: Couldn't flush system prefs: java.util.prefs.BackingStoreException: Couldn't get file lock.
2025-11-05 09:39:46,482 [ERROR] LogOutputStream:75 - [STDERR_REDIRECT] 
2025-11-05 09:40:16,482 [ERROR] LogOutputStream:75 - [STDERR_REDIRECT] Nov 05, 2025 9:40:16 AM java.util.prefs.FileSystemPreferences checkLockFile0ErrorCode
2025-11-05 09:40:16,482 [ERROR] LogOutputStream:75 - [STDERR_REDIRECT] WARNING: Could not lock System prefs. Unix error code 2.
2025-11-05 09:40:16,482 [ERROR] LogOutputStream:75 - [STDERR_REDIRECT] 
2025-11-05 09:40:16,482 [ERROR] LogOutputStream:75 - [STDERR_REDIRECT] Nov 05, 2025 9:40:16 AM java.util.prefs.FileSystemPreferences syncWorld
2025-11-05 09:40:16,483 [ERROR] LogOutputStream:75 - [STDERR_REDIRECT] WARNING: Couldn't flush system prefs: java.util.prefs.BackingStoreException: Couldn't get file lock.
2025-11-05 09:40:16,483 [ERROR] LogOutputStream:75 - [STDERR_REDIRECT] 
2025-11-05 09:40:46,481 [ERROR] LogOutputStream:75 - [STDERR_REDIRECT] Nov 05, 2025 9:40:46 AM java.util.prefs.FileSystemPreferences checkLockFile0ErrorCode
2025-11-05 09:40:46,482 [ERROR] LogOutputStream:75 - [STDERR_REDIRECT] WARNING: Could not lock System prefs. Unix error code 2.
2025-11-05 09:40:46,482 [ERROR] LogOutputStream:75 - [STDERR_REDIRECT] 
2025-11-05 09:40:46,482 [ERROR] LogOutputStream:75 - [STDERR_REDIRECT] Nov 05, 2025 9:40:46 AM java.util.prefs.FileSystemPreferences syncWorld
2025-11-05 09:40:46,483 [ERROR] LogOutputStream:75 - [STDERR_REDIRECT] WARNING: Couldn't flush system prefs: java.util.prefs.BackingStoreException: Couldn't get file lock.
2025-11-05 09:40:46,483 [ERROR] LogOutputStream:75 - [STDERR_REDIRECT] 
2025-11-05 09:41:16,482 [ERROR] LogOutputStream:75 - [STDERR_REDIRECT] Nov 05, 2025 9:41:16 AM java.util.prefs.FileSystemPreferences checkLockFile0ErrorCode
2025-11-05 09:41:16,482 [ERROR] LogOutputStream:75 - [STDERR_REDIRECT] WARNING: Could not lock System prefs. Unix error code 2.
2025-11-05 09:41:16,482 [ERROR] LogOutputStream:75 - [STDERR_REDIRECT] 
2025-11-05 09:41:16,482 [ERROR] LogOutputStream:75 - [STDERR_REDIRECT] Nov 05, 2025 9:41:16 AM java.util.prefs.FileSystemPreferences syncWorld
2025-11-05 09:41:16,483 [ERROR] LogOutputStream:75 - [STDERR_REDIRECT] WARNING: Couldn't flush system prefs: java.util.prefs.BackingStoreException: Couldn't get file lock.
2025-11-05 09:41:16,483 [ERROR] LogOutputStream:75 - [STDERR_REDIRECT] 
2025-11-05 09:41:46,481 [ERROR] LogOutputStream:75 - [STDERR_REDIRECT] Nov 05, 2025 9:41:46 AM java.util.prefs.FileSystemPreferences checkLockFile0ErrorCode
2025-11-05 09:41:46,481 [ERROR] LogOutputStream:75 - [STDERR_REDIRECT] WARNING: Could not lock System prefs. Unix error code 2.
2025-11-05 09:41:46,482 [ERROR] LogOutputStream:75 - [STDERR_REDIRECT] 
2025-11-05 09:41:46,482 [ERROR] LogOutputStream:75 - [STDERR_REDIRECT] Nov 05, 2025 9:41:46 AM java.util.prefs.FileSystemPreferences syncWorld
2025-11-05 09:41:46,482 [ERROR] LogOutputStream:75 - [STDERR_REDIRECT] WARNING: Couldn't flush system prefs: java.util.prefs.BackingStoreException: Couldn't get file lock.
2025-11-05 09:41:46,482 [ERROR] LogOutputStream:75 - [STDERR_REDIRECT] 
2025-11-05 09:42:16,482 [ERROR] LogOutputStream:75 - [STDERR_REDIRECT] Nov 05, 2025 9:42:16 AM java.util.prefs.FileSystemPreferences checkLockFile0ErrorCode
2025-11-05 09:42:16,482 [ERROR] LogOutputStream:75 - [STDERR_REDIRECT] WARNING: Could not lock System prefs. Unix error code 2.
2025-11-05 09:42:16,482 [ERROR] LogOutputStream:75 - [STDERR_REDIRECT] 
2025-11-05 09:42:16,483 [ERROR] LogOutputStream:75 - [STDERR_REDIRECT] Nov 05, 2025 9:42:16 AM java.util.prefs.FileSystemPreferences syncWorld
2025-11-05 09:42:16,483 [ERROR] LogOutputStream:75 - [STDERR_REDIRECT] WARNING: Couldn't flush system prefs: java.util.prefs.BackingStoreException: Couldn't get file lock.
2025-11-05 09:42:16,483 [ERROR] LogOutputStream:75 - [STDERR_REDIRECT] 
2025-11-05 09:42:46,482 [ERROR] LogOutputStream:75 - [STDERR_REDIRECT] Nov 05, 2025 9:42:46 AM java.util.prefs.FileSystemPreferences checkLockFile0ErrorCode
2025-11-05 09:42:46,482 [ERROR] LogOutputStream:75 - [STDERR_REDIRECT] WARNING: Could not lock System prefs. Unix error code 2.
2025-11-05 09:42:46,482 [ERROR] LogOutputStream:75 - [STDERR_REDIRECT] 
2025-11-05 09:42:46,483 [ERROR] LogOutputStream:75 - [STDERR_REDIRECT] Nov 05, 2025 9:42:46 AM java.util.prefs.FileSystemPreferences syncWorld
2025-11-05 09:42:46,483 [ERROR] LogOutputStream:75 - [STDERR_REDIRECT] WARNING: Couldn't flush system prefs: java.util.prefs.BackingStoreException: Couldn't get file lock.
2025-11-05 09:42:46,483 [ERROR] LogOutputStream:75 - [STDERR_REDIRECT] 
2025-11-05 09:43:16,482 [ERROR] LogOutputStream:75 - [STDERR_REDIRECT] Nov 05, 2025 9:43:16 AM java.util.prefs.FileSystemPreferences checkLockFile0ErrorCode
2025-11-05 09:43:16,482 [ERROR] LogOutputStream:75 - [STDERR_REDIRECT] WARNING: Could not lock System prefs. Unix error code 2.
2025-11-05 09:43:16,482 [ERROR] LogOutputStream:75 - [STDERR_REDIRECT] 
2025-11-05 09:43:16,483 [ERROR] LogOutputStream:75 - [STDERR_REDIRECT] Nov 05, 2025 9:43:16 AM java.util.prefs.FileSystemPreferences syncWorld
2025-11-05 09:43:16,483 [ERROR] LogOutputStream:75 - [STDERR_REDIRECT] WARNING: Couldn't flush system prefs: java.util.prefs.BackingStoreException: Couldn't get file lock.
2025-11-05 09:43:16,483 [ERROR] LogOutputStream:75 - [STDERR_REDIRECT] 
2025-11-05 09:43:46,482 [ERROR] LogOutputStream:75 - [STDERR_REDIRECT] Nov 05, 2025 9:43:46 AM java.util.prefs.FileSystemPreferences checkLockFile0ErrorCode
2025-11-05 09:43:46,482 [ERROR] LogOutputStream:75 - [STDERR_REDIRECT] WARNING: Could not lock System prefs. Unix error code 2.
2025-11-05 09:43:46,482 [ERROR] LogOutputStream:75 - [STDERR_REDIRECT] 
2025-11-05 09:43:46,483 [ERROR] LogOutputStream:75 - [STDERR_REDIRECT] Nov 05, 2025 9:43:46 AM java.util.prefs.FileSystemPreferences syncWorld
2025-11-05 09:43:46,483 [ERROR] LogOutputStream:75 - [STDERR_REDIRECT] WARNING: Couldn't flush system prefs: java.util.prefs.BackingStoreException: Couldn't get file lock.
2025-11-05 09:43:46,483 [ERROR] LogOutputStream:75 - [STDERR_REDIRECT] 
2025-11-05 09:44:16,482 [ERROR] LogOutputStream:75 - [STDERR_REDIRECT] Nov 05, 2025 9:44:16 AM java.util.prefs.FileSystemPreferences checkLockFile0ErrorCode
2025-11-05 09:44:16,482 [ERROR] LogOutputStream:75 - [STDERR_REDIRECT] WARNING: Could not lock System prefs. Unix error code 2.
2025-11-05 09:44:16,482 [ERROR] LogOutputStream:75 - [STDERR_REDIRECT] 
2025-11-05 09:44:16,483 [ERROR] LogOutputStream:75 - [STDERR_REDIRECT] Nov 05, 2025 9:44:16 AM java.util.prefs.FileSystemPreferences syncWorld
2025-11-05 09:44:16,483 [ERROR] LogOutputStream:75 - [STDERR_REDIRECT] WARNING: Couldn't flush system prefs: java.util.prefs.BackingStoreException: Couldn't get file lock.
2025-11-05 09:44:16,483 [ERROR] LogOutputStream:75 - [STDERR_REDIRECT] 
2025-11-05 09:44:46,482 [ERROR] LogOutputStream:75 - [STDERR_REDIRECT] Nov 05, 2025 9:44:46 AM java.util.prefs.FileSystemPreferences checkLockFile0ErrorCode
2025-11-05 09:44:46,482 [ERROR] LogOutputStream:75 - [STDERR_REDIRECT] WARNING: Could not lock System prefs. Unix error code 2.
2025-11-05 09:44:46,482 [ERROR] LogOutputStream:75 - [STDERR_REDIRECT] 
2025-11-05 09:44:46,483 [ERROR] LogOutputStream:75 - [STDERR_REDIRECT] Nov 05, 2025 9:44:46 AM java.util.prefs.FileSystemPreferences syncWorld
2025-11-05 09:44:46,483 [ERROR] LogOutputStream:75 - [STDERR_REDIRECT] WARNING: Couldn't flush system prefs: java.util.prefs.BackingStoreException: Couldn't get file lock.
2025-11-05 09:44:46,483 [ERROR] LogOutputStream:75 - [STDERR_REDIRECT] 
2025-11-05 09:45:16,482 [ERROR] LogOutputStream:75 - [STDERR_REDIRECT] Nov 05, 2025 9:45:16 AM java.util.prefs.FileSystemPreferences checkLockFile0ErrorCode
2025-11-05 09:45:16,482 [ERROR] LogOutputStream:75 - [STDERR_REDIRECT] WARNING: Could not lock System prefs. Unix error code 2.
2025-11-05 09:45:16,483 [ERROR] LogOutputStream:75 - [STDERR_REDIRECT] 
2025-11-05 09:45:16,483 [ERROR] LogOutputStream:75 - [STDERR_REDIRECT] Nov 05, 2025 9:45:16 AM java.util.prefs.FileSystemPreferences syncWorld
2025-11-05 09:45:16,483 [ERROR] LogOutputStream:75 - [STDERR_REDIRECT] WARNING: Couldn't flush system prefs: java.util.prefs.BackingStoreException: Couldn't get file lock.
2025-11-05 09:45:16,483 [ERROR] LogOutputStream:75 - [STDERR_REDIRECT] 
2025-11-05 09:45:46,481 [ERROR] LogOutputStream:75 - [STDERR_REDIRECT] Nov 05, 2025 9:45:46 AM java.util.prefs.FileSystemPreferences checkLockFile0ErrorCode
2025-11-05 09:45:46,482 [ERROR] LogOutputStream:75 - [STDERR_REDIRECT] WARNING: Could not lock System prefs. Unix error code 2.
2025-11-05 09:45:46,482 [ERROR] LogOutputStream:75 - [STDERR_REDIRECT] 
2025-11-05 09:45:46,483 [ERROR] LogOutputStream:75 - [STDERR_REDIRECT] Nov 05, 2025 9:45:46 AM java.util.prefs.FileSystemPreferences syncWorld
2025-11-05 09:45:46,483 [ERROR] LogOutputStream:75 - [STDERR_REDIRECT] WARNING: Couldn't flush system prefs: java.util.prefs.BackingStoreException: Couldn't get file lock.
2025-11-05 09:45:46,484 [ERROR] LogOutputStream:75 - [STDERR_REDIRECT] 
2025-11-05 09:46:16,481 [ERROR] LogOutputStream:75 - [STDERR_REDIRECT] Nov 05, 2025 9:46:16 AM java.util.prefs.FileSystemPreferences checkLockFile0ErrorCode
2025-11-05 09:46:16,483 [ERROR] LogOutputStream:75 - [STDERR_REDIRECT] WARNING: Could not lock System prefs. Unix error code 2.
2025-11-05 09:46:16,483 [ERROR] LogOutputStream:75 - [STDERR_REDIRECT] 
2025-11-05 09:46:16,483 [ERROR] LogOutputStream:75 - [STDERR_REDIRECT] Nov 05, 2025 9:46:16 AM java.util.prefs.FileSystemPreferences syncWorld
2025-11-05 09:46:16,484 [ERROR] LogOutputStream:75 - [STDERR_REDIRECT] WARNING: Couldn't flush system prefs: java.util.prefs.BackingStoreException: Couldn't get file lock.
2025-11-05 09:46:16,484 [ERROR] LogOutputStream:75 - [STDERR_REDIRECT] 
2025-11-05 09:46:46,481 [ERROR] LogOutputStream:75 - [STDERR_REDIRECT] Nov 05, 2025 9:46:46 AM java.util.prefs.FileSystemPreferences checkLockFile0ErrorCode
2025-11-05 09:46:46,482 [ERROR] LogOutputStream:75 - [STDERR_REDIRECT] WARNING: Could not lock System prefs. Unix error code 2.
2025-11-05 09:46:46,482 [ERROR] LogOutputStream:75 - [STDERR_REDIRECT] 
2025-11-05 09:46:46,483 [ERROR] LogOutputStream:75 - [STDERR_REDIRECT] Nov 05, 2025 9:46:46 AM java.util.prefs.FileSystemPreferences syncWorld
2025-11-05 09:46:46,483 [ERROR] LogOutputStream:75 - [STDERR_REDIRECT] WARNING: Couldn't flush system prefs: java.util.prefs.BackingStoreException: Couldn't get file lock.
2025-11-05 09:46:46,483 [ERROR] LogOutputStream:75 - [STDERR_REDIRECT] 
2025-11-05 09:47:16,482 [ERROR] LogOutputStream:75 - [STDERR_REDIRECT] Nov 05, 2025 9:47:16 AM java.util.prefs.FileSystemPreferences checkLockFile0ErrorCode
2025-11-05 09:47:16,482 [ERROR] LogOutputStream:75 - [STDERR_REDIRECT] WARNING: Could not lock System prefs. Unix error code 2.
2025-11-05 09:47:16,482 [ERROR] LogOutputStream:75 - [STDERR_REDIRECT] 
2025-11-05 09:47:16,483 [ERROR] LogOutputStream:75 - [STDERR_REDIRECT] Nov 05, 2025 9:47:16 AM java.util.prefs.FileSystemPreferences syncWorld
2025-11-05 09:47:16,483 [ERROR] LogOutputStream:75 - [STDERR_REDIRECT] WARNING: Couldn't flush system prefs: java.util.prefs.BackingStoreException: Couldn't get file lock.
2025-11-05 09:47:16,483 [ERROR] LogOutputStream:75 - [STDERR_REDIRECT] 
2025-11-05 09:47:46,481 [ERROR] LogOutputStream:75 - [STDERR_REDIRECT] Nov 05, 2025 9:47:46 AM java.util.prefs.FileSystemPreferences checkLockFile0ErrorCode
2025-11-05 09:47:46,481 [ERROR] LogOutputStream:75 - [STDERR_REDIRECT] WARNING: Could not lock System prefs. Unix error code 2.
2025-11-05 09:47:46,481 [ERROR] LogOutputStream:75 - [STDERR_REDIRECT] 
2025-11-05 09:47:46,482 [ERROR] LogOutputStream:75 - [STDERR_REDIRECT] Nov 05, 2025 9:47:46 AM java.util.prefs.FileSystemPreferences syncWorld
2025-11-05 09:47:46,482 [ERROR] LogOutputStream:75 - [STDERR_REDIRECT] WARNING: Couldn't flush system prefs: java.util.prefs.BackingStoreException: Couldn't get file lock.
2025-11-05 09:47:46,482 [ERROR] LogOutputStream:75 - [STDERR_REDIRECT] 
2025-11-05 09:48:16,482 [ERROR] LogOutputStream:75 - [STDERR_REDIRECT] Nov 05, 2025 9:48:16 AM java.util.prefs.FileSystemPreferences checkLockFile0ErrorCode
2025-11-05 09:48:16,482 [ERROR] LogOutputStream:75 - [STDERR_REDIRECT] WARNING: Could not lock System prefs. Unix error code 2.
2025-11-05 09:48:16,482 [ERROR] LogOutputStream:75 - [STDERR_REDIRECT] 
2025-11-05 09:48:16,483 [ERROR] LogOutputStream:75 - [STDERR_REDIRECT] Nov 05, 2025 9:48:16 AM java.util.prefs.FileSystemPreferences syncWorld
2025-11-05 09:48:16,483 [ERROR] LogOutputStream:75 - [STDERR_REDIRECT] WARNING: Couldn't flush system prefs: java.util.prefs.BackingStoreException: Couldn't get file lock.
2025-11-05 09:48:16,483 [ERROR] LogOutputStream:75 - [STDERR_REDIRECT] 
2025-11-05 09:48:46,481 [ERROR] LogOutputStream:75 - [STDERR_REDIRECT] Nov 05, 2025 9:48:46 AM java.util.prefs.FileSystemPreferences checkLockFile0ErrorCode
2025-11-05 09:48:46,482 [ERROR] LogOutputStream:75 - [STDERR_REDIRECT] WARNING: Could not lock System prefs. Unix error code 2.
2025-11-05 09:48:46,482 [ERROR] LogOutputStream:75 - [STDERR_REDIRECT] 
2025-11-05 09:48:46,482 [ERROR] LogOutputStream:75 - [STDERR_REDIRECT] Nov 05, 2025 9:48:46 AM java.util.prefs.FileSystemPreferences syncWorld
2025-11-05 09:48:46,482 [ERROR] LogOutputStream:75 - [STDERR_REDIRECT] WARNING: Couldn't flush system prefs: java.util.prefs.BackingStoreException: Couldn't get file lock.
2025-11-05 09:48:46,482 [ERROR] LogOutputStream:75 - [STDERR_REDIRECT] 
2025-11-05 09:49:16,483 [ERROR] LogOutputStream:75 - [STDERR_REDIRECT] Nov 05, 2025 9:49:16 AM java.util.prefs.FileSystemPreferences checkLockFile0ErrorCode
2025-11-05 09:49:16,483 [ERROR] LogOutputStream:75 - [STDERR_REDIRECT] WARNING: Could not lock System prefs. Unix error code 2.
2025-11-05 09:49:16,483 [ERROR] LogOutputStream:75 - [STDERR_REDIRECT] 
2025-11-05 09:49:16,484 [ERROR] LogOutputStream:75 - [STDERR_REDIRECT] Nov 05, 2025 9:49:16 AM java.util.prefs.FileSystemPreferences syncWorld
2025-11-05 09:49:16,484 [ERROR] LogOutputStream:75 - [STDERR_REDIRECT] WARNING: Couldn't flush system prefs: java.util.prefs.BackingStoreException: Couldn't get file lock.
2025-11-05 09:49:16,484 [ERROR] LogOutputStream:75 - [STDERR_REDIRECT] 
2025-11-05 09:49:46,484 [ERROR] LogOutputStream:75 - [STDERR_REDIRECT] Nov 05, 2025 9:49:46 AM java.util.prefs.FileSystemPreferences checkLockFile0ErrorCode
2025-11-05 09:49:46,485 [ERROR] LogOutputStream:75 - [STDERR_REDIRECT] WARNING: Could not lock System prefs. Unix error code 2.
2025-11-05 09:49:46,485 [ERROR] LogOutputStream:75 - [STDERR_REDIRECT] 
2025-11-05 09:49:46,486 [ERROR] LogOutputStream:75 - [STDERR_REDIRECT] Nov 05, 2025 9:49:46 AM java.util.prefs.FileSystemPreferences syncWorld
2025-11-05 09:49:46,487 [ERROR] LogOutputStream:75 - [STDERR_REDIRECT] WARNING: Couldn't flush system prefs: java.util.prefs.BackingStoreException: Couldn't get file lock.
2025-11-05 09:49:46,487 [ERROR] LogOutputStream:75 - [STDERR_REDIRECT] 
2025-11-05 09:50:16,481 [ERROR] LogOutputStream:75 - [STDERR_REDIRECT] Nov 05, 2025 9:50:16 AM java.util.prefs.FileSystemPreferences checkLockFile0ErrorCode
2025-11-05 09:50:16,482 [ERROR] LogOutputStream:75 - [STDERR_REDIRECT] WARNING: Could not lock System prefs. Unix error code 2.
2025-11-05 09:50:16,482 [ERROR] LogOutputStream:75 - [STDERR_REDIRECT] 
2025-11-05 09:50:16,482 [ERROR] LogOutputStream:75 - [STDERR_REDIRECT] Nov 05, 2025 9:50:16 AM java.util.prefs.FileSystemPreferences syncWorld
2025-11-05 09:50:16,482 [ERROR] LogOutputStream:75 - [STDERR_REDIRECT] WARNING: Couldn't flush system prefs: java.util.prefs.BackingStoreException: Couldn't get file lock.
2025-11-05 09:50:16,482 [ERROR] LogOutputStream:75 - [STDERR_REDIRECT] 
2025-11-05 09:50:46,482 [ERROR] LogOutputStream:75 - [STDERR_REDIRECT] Nov 05, 2025 9:50:46 AM java.util.prefs.FileSystemPreferences checkLockFile0ErrorCode
2025-11-05 09:50:46,482 [ERROR] LogOutputStream:75 - [STDERR_REDIRECT] WARNING: Could not lock System prefs. Unix error code 2.
2025-11-05 09:50:46,482 [ERROR] LogOutputStream:75 - [STDERR_REDIRECT] 
2025-11-05 09:50:46,483 [ERROR] LogOutputStream:75 - [STDERR_REDIRECT] Nov 05, 2025 9:50:46 AM java.util.prefs.FileSystemPreferences syncWorld
2025-11-05 09:50:46,483 [ERROR] LogOutputStream:75 - [STDERR_REDIRECT] WARNING: Couldn't flush system prefs: java.util.prefs.BackingStoreException: Couldn't get file lock.
2025-11-05 09:50:46,483 [ERROR] LogOutputStream:75 - [STDERR_REDIRECT] 
2025-11-05 09:51:16,482 [ERROR] LogOutputStream:75 - [STDERR_REDIRECT] Nov 05, 2025 9:51:16 AM java.util.prefs.FileSystemPreferences checkLockFile0ErrorCode
2025-11-05 09:51:16,483 [ERROR] LogOutputStream:75 - [STDERR_REDIRECT] WARNING: Could not lock System prefs. Unix error code 2.
2025-11-05 09:51:16,483 [ERROR] LogOutputStream:75 - [STDERR_REDIRECT] 
2025-11-05 09:51:16,483 [ERROR] LogOutputStream:75 - [STDERR_REDIRECT] Nov 05, 2025 9:51:16 AM java.util.prefs.FileSystemPreferences syncWorld
2025-11-05 09:51:16,483 [ERROR] LogOutputStream:75 - [STDERR_REDIRECT] WARNING: Couldn't flush system prefs: java.util.prefs.BackingStoreException: Couldn't get file lock.
2025-11-05 09:51:16,483 [ERROR] LogOutputStream:75 - [STDERR_REDIRECT] 
2025-11-05 09:51:46,482 [ERROR] LogOutputStream:75 - [STDERR_REDIRECT] Nov 05, 2025 9:51:46 AM java.util.prefs.FileSystemPreferences checkLockFile0ErrorCode
2025-11-05 09:51:46,483 [ERROR] LogOutputStream:75 - [STDERR_REDIRECT] WARNING: Could not lock System prefs. Unix error code 2.
2025-11-05 09:51:46,483 [ERROR] LogOutputStream:75 - [STDERR_REDIRECT] 
2025-11-05 09:51:46,483 [ERROR] LogOutputStream:75 - [STDERR_REDIRECT] Nov 05, 2025 9:51:46 AM java.util.prefs.FileSystemPreferences syncWorld
2025-11-05 09:51:46,483 [ERROR] LogOutputStream:75 - [STDERR_REDIRECT] WARNING: Couldn't flush system prefs: java.util.prefs.BackingStoreException: Couldn't get file lock.
2025-11-05 09:51:46,483 [ERROR] LogOutputStream:75 - [STDERR_REDIRECT] 
2025-11-05 09:52:16,484 [ERROR] LogOutputStream:75 - [STDERR_REDIRECT] Nov 05, 2025 9:52:16 AM java.util.prefs.FileSystemPreferences checkLockFile0ErrorCode
2025-11-05 09:52:16,485 [ERROR] LogOutputStream:75 - [STDERR_REDIRECT] WARNING: Could not lock System prefs. Unix error code 2.
2025-11-05 09:52:16,485 [ERROR] LogOutputStream:75 - [STDERR_REDIRECT] 
2025-11-05 09:52:16,485 [ERROR] LogOutputStream:75 - [STDERR_REDIRECT] Nov 05, 2025 9:52:16 AM java.util.prefs.FileSystemPreferences syncWorld
2025-11-05 09:52:16,486 [ERROR] LogOutputStream:75 - [STDERR_REDIRECT] WARNING: Couldn't flush system prefs: java.util.prefs.BackingStoreException: Couldn't get file lock.
2025-11-05 09:52:16,486 [ERROR] LogOutputStream:75 - [STDERR_REDIRECT] 
2025-11-05 09:52:46,484 [ERROR] LogOutputStream:75 - [STDERR_REDIRECT] Nov 05, 2025 9:52:46 AM java.util.prefs.FileSystemPreferences checkLockFile0ErrorCode
2025-11-05 09:52:46,485 [ERROR] LogOutputStream:75 - [STDERR_REDIRECT] WARNING: Could not lock System prefs. Unix error code 2.
2025-11-05 09:52:46,485 [ERROR] LogOutputStream:75 - [STDERR_REDIRECT] 
2025-11-05 09:52:46,485 [ERROR] LogOutputStream:75 - [STDERR_REDIRECT] Nov 05, 2025 9:52:46 AM java.util.prefs.FileSystemPreferences syncWorld
2025-11-05 09:52:46,485 [ERROR] LogOutputStream:75 - [STDERR_REDIRECT] WARNING: Couldn't flush system prefs: java.util.prefs.BackingStoreException: Couldn't get file lock.
2025-11-05 09:52:46,485 [ERROR] LogOutputStream:75 - [STDERR_REDIRECT] 
2025-11-05 09:53:16,485 [ERROR] LogOutputStream:75 - [STDERR_REDIRECT] Nov 05, 2025 9:53:16 AM java.util.prefs.FileSystemPreferences checkLockFile0ErrorCode
2025-11-05 09:53:16,485 [ERROR] LogOutputStream:75 - [STDERR_REDIRECT] WARNING: Could not lock System prefs. Unix error code 2.
2025-11-05 09:53:16,485 [ERROR] LogOutputStream:75 - [STDERR_REDIRECT] 
2025-11-05 09:53:16,486 [ERROR] LogOutputStream:75 - [STDERR_REDIRECT] Nov 05, 2025 9:53:16 AM java.util.prefs.FileSystemPreferences syncWorld
2025-11-05 09:53:16,486 [ERROR] LogOutputStream:75 - [STDERR_REDIRECT] WARNING: Couldn't flush system prefs: java.util.prefs.BackingStoreException: Couldn't get file lock.
2025-11-05 09:53:16,486 [ERROR] LogOutputStream:75 - [STDERR_REDIRECT] 
2025-11-05 09:53:46,486 [ERROR] LogOutputStream:75 - [STDERR_REDIRECT] Nov 05, 2025 9:53:46 AM java.util.prefs.FileSystemPreferences checkLockFile0ErrorCode
2025-11-05 09:53:46,486 [ERROR] LogOutputStream:75 - [STDERR_REDIRECT] WARNING: Could not lock System prefs. Unix error code 2.
2025-11-05 09:53:46,486 [ERROR] LogOutputStream:75 - [STDERR_REDIRECT] 
2025-11-05 09:53:46,487 [ERROR] LogOutputStream:75 - [STDERR_REDIRECT] Nov 05, 2025 9:53:46 AM java.util.prefs.FileSystemPreferences syncWorld
2025-11-05 09:53:46,487 [ERROR] LogOutputStream:75 - [STDERR_REDIRECT] WARNING: Couldn't flush system prefs: java.util.prefs.BackingStoreException: Couldn't get file lock.
2025-11-05 09:53:46,487 [ERROR] LogOutputStream:75 - [STDERR_REDIRECT] 
2025-11-05 09:54:16,486 [ERROR] LogOutputStream:75 - [STDERR_REDIRECT] Nov 05, 2025 9:54:16 AM java.util.prefs.FileSystemPreferences checkLockFile0ErrorCode
2025-11-05 09:54:16,486 [ERROR] LogOutputStream:75 - [STDERR_REDIRECT] WARNING: Could not lock System prefs. Unix error code 2.
2025-11-05 09:54:16,486 [ERROR] LogOutputStream:75 - [STDERR_REDIRECT] 
2025-11-05 09:54:16,486 [ERROR] LogOutputStream:75 - [STDERR_REDIRECT] Nov 05, 2025 9:54:16 AM java.util.prefs.FileSystemPreferences syncWorld
2025-11-05 09:54:16,486 [ERROR] LogOutputStream:75 - [STDERR_REDIRECT] WARNING: Couldn't flush system prefs: java.util.prefs.BackingStoreException: Couldn't get file lock.
2025-11-05 09:54:16,486 [ERROR] LogOutputStream:75 - [STDERR_REDIRECT] 
2025-11-05 09:54:46,485 [ERROR] LogOutputStream:75 - [STDERR_REDIRECT] Nov 05, 2025 9:54:46 AM java.util.prefs.FileSystemPreferences checkLockFile0ErrorCode
2025-11-05 09:54:46,485 [ERROR] LogOutputStream:75 - [STDERR_REDIRECT] WARNING: Could not lock System prefs. Unix error code 2.
2025-11-05 09:54:46,485 [ERROR] LogOutputStream:75 - [STDERR_REDIRECT] 
2025-11-05 09:54:46,486 [ERROR] LogOutputStream:75 - [STDERR_REDIRECT] Nov 05, 2025 9:54:46 AM java.util.prefs.FileSystemPreferences syncWorld
2025-11-05 09:54:46,486 [ERROR] LogOutputStream:75 - [STDERR_REDIRECT] WARNING: Couldn't flush system prefs: java.util.prefs.BackingStoreException: Couldn't get file lock.
2025-11-05 09:54:46,486 [ERROR] LogOutputStream:75 - [STDERR_REDIRECT] 
2025-11-05 09:55:16,486 [ERROR] LogOutputStream:75 - [STDERR_REDIRECT] Nov 05, 2025 9:55:16 AM java.util.prefs.FileSystemPreferences checkLockFile0ErrorCode
2025-11-05 09:55:16,486 [ERROR] LogOutputStream:75 - [STDERR_REDIRECT] WARNING: Could not lock System prefs. Unix error code 2.
2025-11-05 09:55:16,486 [ERROR] LogOutputStream:75 - [STDERR_REDIRECT] 
2025-11-05 09:55:16,486 [ERROR] LogOutputStream:75 - [STDERR_REDIRECT] Nov 05, 2025 9:55:16 AM java.util.prefs.FileSystemPreferences syncWorld
2025-11-05 09:55:16,487 [ERROR] LogOutputStream:75 - [STDERR_REDIRECT] WARNING: Couldn't flush system prefs: java.util.prefs.BackingStoreException: Couldn't get file lock.
2025-11-05 09:55:16,487 [ERROR] LogOutputStream:75 - [STDERR_REDIRECT] 
2025-11-05 09:55:46,486 [ERROR] LogOutputStream:75 - [STDERR_REDIRECT] Nov 05, 2025 9:55:46 AM java.util.prefs.FileSystemPreferences checkLockFile0ErrorCode
2025-11-05 09:55:46,486 [ERROR] LogOutputStream:75 - [STDERR_REDIRECT] WARNING: Could not lock System prefs. Unix error code 2.
2025-11-05 09:55:46,486 [ERROR] LogOutputStream:75 - [STDERR_REDIRECT] 
2025-11-05 09:55:46,486 [ERROR] LogOutputStream:75 - [STDERR_REDIRECT] Nov 05, 2025 9:55:46 AM java.util.prefs.FileSystemPreferences syncWorld
2025-11-05 09:55:46,487 [ERROR] LogOutputStream:75 - [STDERR_REDIRECT] WARNING: Couldn't flush system prefs: java.util.prefs.BackingStoreException: Couldn't get file lock.
2025-11-05 09:55:46,487 [ERROR] LogOutputStream:75 - [STDERR_REDIRECT] 
2025-11-05 09:56:16,485 [ERROR] LogOutputStream:75 - [STDERR_REDIRECT] Nov 05, 2025 9:56:16 AM java.util.prefs.FileSystemPreferences checkLockFile0ErrorCode
2025-11-05 09:56:16,485 [ERROR] LogOutputStream:75 - [STDERR_REDIRECT] WARNING: Could not lock System prefs. Unix error code 2.
2025-11-05 09:56:16,486 [ERROR] LogOutputStream:75 - [STDERR_REDIRECT] 
2025-11-05 09:56:16,486 [ERROR] LogOutputStream:75 - [STDERR_REDIRECT] Nov 05, 2025 9:56:16 AM java.util.prefs.FileSystemPreferences syncWorld
2025-11-05 09:56:16,486 [ERROR] LogOutputStream:75 - [STDERR_REDIRECT] WARNING: Couldn't flush system prefs: java.util.prefs.BackingStoreException: Couldn't get file lock.
2025-11-05 09:56:16,486 [ERROR] LogOutputStream:75 - [STDERR_REDIRECT] 
2025-11-05 09:56:46,486 [ERROR] LogOutputStream:75 - [STDERR_REDIRECT] Nov 05, 2025 9:56:46 AM java.util.prefs.FileSystemPreferences checkLockFile0ErrorCode
2025-11-05 09:56:46,486 [ERROR] LogOutputStream:75 - [STDERR_REDIRECT] WARNING: Could not lock System prefs. Unix error code 2.
2025-11-05 09:56:46,487 [ERROR] LogOutputStream:75 - [STDERR_REDIRECT] 
2025-11-05 09:56:46,487 [ERROR] LogOutputStream:75 - [STDERR_REDIRECT] Nov 05, 2025 9:56:46 AM java.util.prefs.FileSystemPreferences syncWorld
2025-11-05 09:56:46,487 [ERROR] LogOutputStream:75 - [STDERR_REDIRECT] WARNING: Couldn't flush system prefs: java.util.prefs.BackingStoreException: Couldn't get file lock.
2025-11-05 09:56:46,487 [ERROR] LogOutputStream:75 - [STDERR_REDIRECT] 
2025-11-05 09:57:16,486 [ERROR] LogOutputStream:75 - [STDERR_REDIRECT] Nov 05, 2025 9:57:16 AM java.util.prefs.FileSystemPreferences checkLockFile0ErrorCode
2025-11-05 09:57:16,486 [ERROR] LogOutputStream:75 - [STDERR_REDIRECT] WARNING: Could not lock System prefs. Unix error code 2.
2025-11-05 09:57:16,487 [ERROR] LogOutputStream:75 - [STDERR_REDIRECT] 
2025-11-05 09:57:16,487 [ERROR] LogOutputStream:75 - [STDERR_REDIRECT] Nov 05, 2025 9:57:16 AM java.util.prefs.FileSystemPreferences syncWorld
2025-11-05 09:57:16,487 [ERROR] LogOutputStream:75 - [STDERR_REDIRECT] WARNING: Couldn't flush system prefs: java.util.prefs.BackingStoreException: Couldn't get file lock.
2025-11-05 09:57:16,487 [ERROR] LogOutputStream:75 - [STDERR_REDIRECT] 
2025-11-05 09:57:46,487 [ERROR] LogOutputStream:75 - [STDERR_REDIRECT] Nov 05, 2025 9:57:46 AM java.util.prefs.FileSystemPreferences checkLockFile0ErrorCode
2025-11-05 09:57:46,487 [ERROR] LogOutputStream:75 - [STDERR_REDIRECT] WARNING: Could not lock System prefs. Unix error code 2.
2025-11-05 09:57:46,488 [ERROR] LogOutputStream:75 - [STDERR_REDIRECT] 
2025-11-05 09:57:46,488 [ERROR] LogOutputStream:75 - [STDERR_REDIRECT] Nov 05, 2025 9:57:46 AM java.util.prefs.FileSystemPreferences syncWorld
2025-11-05 09:57:46,488 [ERROR] LogOutputStream:75 - [STDERR_REDIRECT] WARNING: Couldn't flush system prefs: java.util.prefs.BackingStoreException: Couldn't get file lock.
2025-11-05 09:57:46,488 [ERROR] LogOutputStream:75 - [STDERR_REDIRECT] 
2025-11-05 09:58:16,488 [ERROR] LogOutputStream:75 - [STDERR_REDIRECT] Nov 05, 2025 9:58:16 AM java.util.prefs.FileSystemPreferences checkLockFile0ErrorCode
2025-11-05 09:58:16,488 [ERROR] LogOutputStream:75 - [STDERR_REDIRECT] WARNING: Could not lock System prefs. Unix error code 2.
2025-11-05 09:58:16,488 [ERROR] LogOutputStream:75 - [STDERR_REDIRECT] 
2025-11-05 09:58:16,489 [ERROR] LogOutputStream:75 - [STDERR_REDIRECT] Nov 05, 2025 9:58:16 AM java.util.prefs.FileSystemPreferences syncWorld
2025-11-05 09:58:16,489 [ERROR] LogOutputStream:75 - [STDERR_REDIRECT] WARNING: Couldn't flush system prefs: java.util.prefs.BackingStoreException: Couldn't get file lock.
2025-11-05 09:58:16,489 [ERROR] LogOutputStream:75 - [STDERR_REDIRECT] 
2025-11-05 09:58:46,488 [ERROR] LogOutputStream:75 - [STDERR_REDIRECT] Nov 05, 2025 9:58:46 AM java.util.prefs.FileSystemPreferences checkLockFile0ErrorCode
2025-11-05 09:58:46,488 [ERROR] LogOutputStream:75 - [STDERR_REDIRECT] WARNING: Could not lock System prefs. Unix error code 2.
2025-11-05 09:58:46,488 [ERROR] LogOutputStream:75 - [STDERR_REDIRECT] 
2025-11-05 09:58:46,489 [ERROR] LogOutputStream:75 - [STDERR_REDIRECT] Nov 05, 2025 9:58:46 AM java.util.prefs.FileSystemPreferences syncWorld
2025-11-05 09:58:46,489 [ERROR] LogOutputStream:75 - [STDERR_REDIRECT] WARNING: Couldn't flush system prefs: java.util.prefs.BackingStoreException: Couldn't get file lock.
2025-11-05 09:58:46,489 [ERROR] LogOutputStream:75 - [STDERR_REDIRECT] 
2025-11-05 09:59:16,487 [ERROR] LogOutputStream:75 - [STDERR_REDIRECT] Nov 05, 2025 9:59:16 AM java.util.prefs.FileSystemPreferences checkLockFile0ErrorCode
2025-11-05 09:59:16,487 [ERROR] LogOutputStream:75 - [STDERR_REDIRECT] WARNING: Could not lock System prefs. Unix error code 2.
2025-11-05 09:59:16,488 [ERROR] LogOutputStream:75 - [STDERR_REDIRECT] 
2025-11-05 09:59:16,488 [ERROR] LogOutputStream:75 - [STDERR_REDIRECT] Nov 05, 2025 9:59:16 AM java.util.prefs.FileSystemPreferences syncWorld
2025-11-05 09:59:16,488 [ERROR] LogOutputStream:75 - [STDERR_REDIRECT] WARNING: Couldn't flush system prefs: java.util.prefs.BackingStoreException: Couldn't get file lock.
2025-11-05 09:59:16,488 [ERROR] LogOutputStream:75 - [STDERR_REDIRECT] 
2025-11-05 09:59:46,487 [ERROR] LogOutputStream:75 - [STDERR_REDIRECT] Nov 05, 2025 9:59:46 AM java.util.prefs.FileSystemPreferences checkLockFile0ErrorCode
2025-11-05 09:59:46,487 [ERROR] LogOutputStream:75 - [STDERR_REDIRECT] WARNING: Could not lock System prefs. Unix error code 2.
2025-11-05 09:59:46,488 [ERROR] LogOutputStream:75 - [STDERR_REDIRECT] 
2025-11-05 09:59:46,488 [ERROR] LogOutputStream:75 - [STDERR_REDIRECT] Nov 05, 2025 9:59:46 AM java.util.prefs.FileSystemPreferences syncWorld
2025-11-05 09:59:46,488 [ERROR] LogOutputStream:75 - [STDERR_REDIRECT] WARNING: Couldn't flush system prefs: java.util.prefs.BackingStoreException: Couldn't get file lock.
2025-11-05 09:59:46,488 [ERROR] LogOutputStream:75 - [STDERR_REDIRECT] 
2025-11-05 10:00:16,488 [ERROR] LogOutputStream:75 - [STDERR_REDIRECT] Nov 05, 2025 10:00:16 AM java.util.prefs.FileSystemPreferences checkLockFile0ErrorCode
2025-11-05 10:00:16,488 [ERROR] LogOutputStream:75 - [STDERR_REDIRECT] WARNING: Could not lock System prefs. Unix error code 2.
2025-11-05 10:00:16,488 [ERROR] LogOutputStream:75 - [STDERR_REDIRECT] 
2025-11-05 10:00:16,488 [ERROR] LogOutputStream:75 - [STDERR_REDIRECT] Nov 05, 2025 10:00:16 AM java.util.prefs.FileSystemPreferences syncWorld
2025-11-05 10:00:16,489 [ERROR] LogOutputStream:75 - [STDERR_REDIRECT] WARNING: Couldn't flush system prefs: java.util.prefs.BackingStoreException: Couldn't get file lock.
2025-11-05 10:00:16,489 [ERROR] LogOutputStream:75 - [STDERR_REDIRECT] 
2025-11-05 10:00:46,487 [ERROR] LogOutputStream:75 - [STDERR_REDIRECT] Nov 05, 2025 10:00:46 AM java.util.prefs.FileSystemPreferences checkLockFile0ErrorCode
2025-11-05 10:00:46,487 [ERROR] LogOutputStream:75 - [STDERR_REDIRECT] WARNING: Could not lock System prefs. Unix error code 2.
2025-11-05 10:00:46,488 [ERROR] LogOutputStream:75 - [STDERR_REDIRECT] 
2025-11-05 10:00:46,488 [ERROR] LogOutputStream:75 - [STDERR_REDIRECT] Nov 05, 2025 10:00:46 AM java.util.prefs.FileSystemPreferences syncWorld
2025-11-05 10:00:46,488 [ERROR] LogOutputStream:75 - [STDERR_REDIRECT] WARNING: Couldn't flush system prefs: java.util.prefs.BackingStoreException: Couldn't get file lock.
2025-11-05 10:00:46,488 [ERROR] LogOutputStream:75 - [STDERR_REDIRECT] 
2025-11-05 10:01:16,488 [ERROR] LogOutputStream:75 - [STDERR_REDIRECT] Nov 05, 2025 10:01:16 AM java.util.prefs.FileSystemPreferences checkLockFile0ErrorCode
2025-11-05 10:01:16,488 [ERROR] LogOutputStream:75 - [STDERR_REDIRECT] WARNING: Could not lock System prefs. Unix error code 2.
2025-11-05 10:01:16,488 [ERROR] LogOutputStream:75 - [STDERR_REDIRECT] 
2025-11-05 10:01:16,489 [ERROR] LogOutputStream:75 - [STDERR_REDIRECT] Nov 05, 2025 10:01:16 AM java.util.prefs.FileSystemPreferences syncWorld
2025-11-05 10:01:16,489 [ERROR] LogOutputStream:75 - [STDERR_REDIRECT] WARNING: Couldn't flush system prefs: java.util.prefs.BackingStoreException: Couldn't get file lock.
2025-11-05 10:01:16,489 [ERROR] LogOutputStream:75 - [STDERR_REDIRECT] 
2025-11-05 10:01:46,489 [ERROR] LogOutputStream:75 - [STDERR_REDIRECT] Nov 05, 2025 10:01:46 AM java.util.prefs.FileSystemPreferences checkLockFile0ErrorCode
2025-11-05 10:01:46,489 [ERROR] LogOutputStream:75 - [STDERR_REDIRECT] WARNING: Could not lock System prefs. Unix error code 2.
2025-11-05 10:01:46,489 [ERROR] LogOutputStream:75 - [STDERR_REDIRECT] 
2025-11-05 10:01:46,490 [ERROR] LogOutputStream:75 - [STDERR_REDIRECT] Nov 05, 2025 10:01:46 AM java.util.prefs.FileSystemPreferences syncWorld
2025-11-05 10:01:46,490 [ERROR] LogOutputStream:75 - [STDERR_REDIRECT] WARNING: Couldn't flush system prefs: java.util.prefs.BackingStoreException: Couldn't get file lock.
2025-11-05 10:01:46,490 [ERROR] LogOutputStream:75 - [STDERR_REDIRECT] 
2025-11-05 10:02:16,489 [ERROR] LogOutputStream:75 - [STDERR_REDIRECT] Nov 05, 2025 10:02:16 AM java.util.prefs.FileSystemPreferences checkLockFile0ErrorCode
2025-11-05 10:02:16,490 [ERROR] LogOutputStream:75 - [STDERR_REDIRECT] WARNING: Could not lock System prefs. Unix error code 2.
2025-11-05 10:02:16,490 [ERROR] LogOutputStream:75 - [STDERR_REDIRECT] 
2025-11-05 10:02:16,490 [ERROR] LogOutputStream:75 - [STDERR_REDIRECT] Nov 05, 2025 10:02:16 AM java.util.prefs.FileSystemPreferences syncWorld
2025-11-05 10:02:16,490 [ERROR] LogOutputStream:75 - [STDERR_REDIRECT] WARNING: Couldn't flush system prefs: java.util.prefs.BackingStoreException: Couldn't get file lock.
2025-11-05 10:02:16,491 [ERROR] LogOutputStream:75 - [STDERR_REDIRECT] 
2025-11-05 10:02:46,489 [ERROR] LogOutputStream:75 - [STDERR_REDIRECT] Nov 05, 2025 10:02:46 AM java.util.prefs.FileSystemPreferences checkLockFile0ErrorCode
2025-11-05 10:02:46,489 [ERROR] LogOutputStream:75 - [STDERR_REDIRECT] WARNING: Could not lock System prefs. Unix error code 2.
2025-11-05 10:02:46,489 [ERROR] LogOutputStream:75 - [STDERR_REDIRECT] 
2025-11-05 10:02:46,489 [ERROR] LogOutputStream:75 - [STDERR_REDIRECT] Nov 05, 2025 10:02:46 AM java.util.prefs.FileSystemPreferences syncWorld
2025-11-05 10:02:46,490 [ERROR] LogOutputStream:75 - [STDERR_REDIRECT] WARNING: Couldn't flush system prefs: java.util.prefs.BackingStoreException: Couldn't get file lock.
2025-11-05 10:02:46,490 [ERROR] LogOutputStream:75 - [STDERR_REDIRECT] 
2025-11-05 10:03:16,489 [ERROR] LogOutputStream:75 - [STDERR_REDIRECT] Nov 05, 2025 10:03:16 AM java.util.prefs.FileSystemPreferences checkLockFile0ErrorCode
2025-11-05 10:03:16,490 [ERROR] LogOutputStream:75 - [STDERR_REDIRECT] WARNING: Could not lock System prefs. Unix error code 2.
2025-11-05 10:03:16,490 [ERROR] LogOutputStream:75 - [STDERR_REDIRECT] 
2025-11-05 10:03:16,490 [ERROR] LogOutputStream:75 - [STDERR_REDIRECT] Nov 05, 2025 10:03:16 AM java.util.prefs.FileSystemPreferences syncWorld
2025-11-05 10:03:16,490 [ERROR] LogOutputStream:75 - [STDERR_REDIRECT] WARNING: Couldn't flush system prefs: java.util.prefs.BackingStoreException: Couldn't get file lock.
2025-11-05 10:03:16,490 [ERROR] LogOutputStream:75 - [STDERR_REDIRECT] 
2025-11-05 10:03:46,490 [ERROR] LogOutputStream:75 - [STDERR_REDIRECT] Nov 05, 2025 10:03:46 AM java.util.prefs.FileSystemPreferences checkLockFile0ErrorCode
2025-11-05 10:03:46,491 [ERROR] LogOutputStream:75 - [STDERR_REDIRECT] WARNING: Could not lock System prefs. Unix error code 2.
2025-11-05 10:03:46,491 [ERROR] LogOutputStream:75 - [STDERR_REDIRECT] 
2025-11-05 10:03:46,491 [ERROR] LogOutputStream:75 - [STDERR_REDIRECT] Nov 05, 2025 10:03:46 AM java.util.prefs.FileSystemPreferences syncWorld
2025-11-05 10:03:46,491 [ERROR] LogOutputStream:75 - [STDERR_REDIRECT] WARNING: Couldn't flush system prefs: java.util.prefs.BackingStoreException: Couldn't get file lock.
2025-11-05 10:03:46,491 [ERROR] LogOutputStream:75 - [STDERR_REDIRECT] 
2025-11-05 10:04:16,490 [ERROR] LogOutputStream:75 - [STDERR_REDIRECT] Nov 05, 2025 10:04:16 AM java.util.prefs.FileSystemPreferences checkLockFile0ErrorCode
2025-11-05 10:04:16,491 [ERROR] LogOutputStream:75 - [STDERR_REDIRECT] WARNING: Could not lock System prefs. Unix error code 2.
2025-11-05 10:04:16,491 [ERROR] LogOutputStream:75 - [STDERR_REDIRECT] 
2025-11-05 10:04:16,491 [ERROR] LogOutputStream:75 - [STDERR_REDIRECT] Nov 05, 2025 10:04:16 AM java.util.prefs.FileSystemPreferences syncWorld
2025-11-05 10:04:16,491 [ERROR] LogOutputStream:75 - [STDERR_REDIRECT] WARNING: Couldn't flush system prefs: java.util.prefs.BackingStoreException: Couldn't get file lock.
2025-11-05 10:04:16,491 [ERROR] LogOutputStream:75 - [STDERR_REDIRECT] 
2025-11-05 10:04:46,492 [ERROR] LogOutputStream:75 - [STDERR_REDIRECT] Nov 05, 2025 10:04:46 AM java.util.prefs.FileSystemPreferences checkLockFile0ErrorCode
2025-11-05 10:04:46,493 [ERROR] LogOutputStream:75 - [STDERR_REDIRECT] WARNING: Could not lock System prefs. Unix error code 2.
2025-11-05 10:04:46,493 [ERROR] LogOutputStream:75 - [STDERR_REDIRECT] 
2025-11-05 10:04:46,493 [ERROR] LogOutputStream:75 - [STDERR_REDIRECT] Nov 05, 2025 10:04:46 AM java.util.prefs.FileSystemPreferences syncWorld
2025-11-05 10:04:46,493 [ERROR] LogOutputStream:75 - [STDERR_REDIRECT] WARNING: Couldn't flush system prefs: java.util.prefs.BackingStoreException: Couldn't get file lock.
2025-11-05 10:04:46,493 [ERROR] LogOutputStream:75 - [STDERR_REDIRECT] 
2025-11-05 10:05:16,493 [ERROR] LogOutputStream:75 - [STDERR_REDIRECT] Nov 05, 2025 10:05:16 AM java.util.prefs.FileSystemPreferences checkLockFile0ErrorCode
2025-11-05 10:05:16,494 [ERROR] LogOutputStream:75 - [STDERR_REDIRECT] WARNING: Could not lock System prefs. Unix error code 2.
2025-11-05 10:05:16,494 [ERROR] LogOutputStream:75 - [STDERR_REDIRECT] 
2025-11-05 10:05:16,494 [ERROR] LogOutputStream:75 - [STDERR_REDIRECT] Nov 05, 2025 10:05:16 AM java.util.prefs.FileSystemPreferences syncWorld
2025-11-05 10:05:16,494 [ERROR] LogOutputStream:75 - [STDERR_REDIRECT] WARNING: Couldn't flush system prefs: java.util.prefs.BackingStoreException: Couldn't get file lock.
2025-11-05 10:05:16,494 [ERROR] LogOutputStream:75 - [STDERR_REDIRECT] 
2025-11-05 10:05:46,494 [ERROR] LogOutputStream:75 - [STDERR_REDIRECT] Nov 05, 2025 10:05:46 AM java.util.prefs.FileSystemPreferences checkLockFile0ErrorCode
2025-11-05 10:05:46,494 [ERROR] LogOutputStream:75 - [STDERR_REDIRECT] WARNING: Could not lock System prefs. Unix error code 2.
2025-11-05 10:05:46,494 [ERROR] LogOutputStream:75 - [STDERR_REDIRECT] 
2025-11-05 10:05:46,495 [ERROR] LogOutputStream:75 - [STDERR_REDIRECT] Nov 05, 2025 10:05:46 AM java.util.prefs.FileSystemPreferences syncWorld
2025-11-05 10:05:46,495 [ERROR] LogOutputStream:75 - [STDERR_REDIRECT] WARNING: Couldn't flush system prefs: java.util.prefs.BackingStoreException: Couldn't get file lock.
2025-11-05 10:05:46,495 [ERROR] LogOutputStream:75 - [STDERR_REDIRECT] 
2025-11-05 10:06:16,495 [ERROR] LogOutputStream:75 - [STDERR_REDIRECT] Nov 05, 2025 10:06:16 AM java.util.prefs.FileSystemPreferences checkLockFile0ErrorCode
2025-11-05 10:06:16,495 [ERROR] LogOutputStream:75 - [STDERR_REDIRECT] WARNING: Could not lock System prefs. Unix error code 2.
2025-11-05 10:06:16,496 [ERROR] LogOutputStream:75 - [STDERR_REDIRECT] 
2025-11-05 10:06:16,496 [ERROR] LogOutputStream:75 - [STDERR_REDIRECT] Nov 05, 2025 10:06:16 AM java.util.prefs.FileSystemPreferences syncWorld
2025-11-05 10:06:16,496 [ERROR] LogOutputStream:75 - [STDERR_REDIRECT] WARNING: Couldn't flush system prefs: java.util.prefs.BackingStoreException: Couldn't get file lock.
2025-11-05 10:06:16,496 [ERROR] LogOutputStream:75 - [STDERR_REDIRECT] 
2025-11-05 16:20:35,480 [ERROR] LogOutputStream:75 - [STDERR_REDIRECT] Nov 05, 2025 4:20:35 PM java.util.prefs.FileSystemPreferences checkLockFile0ErrorCode
2025-11-05 16:20:35,480 [ERROR] LogOutputStream:75 - [STDERR_REDIRECT] WARNING: Could not lock System prefs. Unix error code 2.
2025-11-05 16:20:35,480 [ERROR] LogOutputStream:75 - [STDERR_REDIRECT] 
2025-11-05 16:20:35,480 [ERROR] LogOutputStream:75 - [STDERR_REDIRECT] Nov 05, 2025 4:20:35 PM java.util.prefs.FileSystemPreferences syncWorld
2025-11-05 16:20:35,480 [ERROR] LogOutputStream:75 - [STDERR_REDIRECT] WARNING: Couldn't flush system prefs: java.util.prefs.BackingStoreException: Couldn't get file lock.
2025-11-05 16:20:35,480 [ERROR] LogOutputStream:75 - [STDERR_REDIRECT] 
2025-11-05 16:21:05,479 [ERROR] LogOutputStream:75 - [STDERR_REDIRECT] Nov 05, 2025 4:21:05 PM java.util.prefs.FileSystemPreferences checkLockFile0ErrorCode
2025-11-05 16:21:05,479 [ERROR] LogOutputStream:75 - [STDERR_REDIRECT] WARNING: Could not lock System prefs. Unix error code 2.
2025-11-05 16:21:05,479 [ERROR] LogOutputStream:75 - [STDERR_REDIRECT] 
2025-11-05 16:21:05,479 [ERROR] LogOutputStream:75 - [STDERR_REDIRECT] Nov 05, 2025 4:21:05 PM java.util.prefs.FileSystemPreferences syncWorld
2025-11-05 16:21:05,479 [ERROR] LogOutputStream:75 - [STDERR_REDIRECT] WARNING: Couldn't flush system prefs: java.util.prefs.BackingStoreException: Couldn't get file lock.
2025-11-05 16:21:05,479 [ERROR] LogOutputStream:75 - [STDERR_REDIRECT] 
2025-11-05 16:21:35,480 [ERROR] LogOutputStream:75 - [STDERR_REDIRECT] Nov 05, 2025 4:21:35 PM java.util.prefs.FileSystemPreferences checkLockFile0ErrorCode
2025-11-05 16:21:35,480 [ERROR] LogOutputStream:75 - [STDERR_REDIRECT] WARNING: Could not lock System prefs. Unix error code 2.
2025-11-05 16:21:35,480 [ERROR] LogOutputStream:75 - [STDERR_REDIRECT] 
2025-11-05 16:21:35,481 [ERROR] LogOutputStream:75 - [STDERR_REDIRECT] Nov 05, 2025 4:21:35 PM java.util.prefs.FileSystemPreferences syncWorld
2025-11-05 16:21:35,481 [ERROR] LogOutputStream:75 - [STDERR_REDIRECT] WARNING: Couldn't flush system prefs: java.util.prefs.BackingStoreException: Couldn't get file lock.
2025-11-05 16:21:35,481 [ERROR] LogOutputStream:75 - [STDERR_REDIRECT] 
2025-11-05 16:22:05,482 [ERROR] LogOutputStream:75 - [STDERR_REDIRECT] Nov 05, 2025 4:22:05 PM java.util.prefs.FileSystemPreferences checkLockFile0ErrorCode
2025-11-05 16:22:05,482 [ERROR] LogOutputStream:75 - [STDERR_REDIRECT] WARNING: Could not lock System prefs. Unix error code 2.
2025-11-05 16:22:05,482 [ERROR] LogOutputStream:75 - [STDERR_REDIRECT] 
2025-11-05 16:22:05,482 [ERROR] LogOutputStream:75 - [STDERR_REDIRECT] Nov 05, 2025 4:22:05 PM java.util.prefs.FileSystemPreferences syncWorld
2025-11-05 16:22:05,482 [ERROR] LogOutputStream:75 - [STDERR_REDIRECT] WARNING: Couldn't flush system prefs: java.util.prefs.BackingStoreException: Couldn't get file lock.
2025-11-05 16:22:05,483 [ERROR] LogOutputStream:75 - [STDERR_REDIRECT] 
2025-11-05 16:22:35,481 [ERROR] LogOutputStream:75 - [STDERR_REDIRECT] Nov 05, 2025 4:22:35 PM java.util.prefs.FileSystemPreferences checkLockFile0ErrorCode
2025-11-05 16:22:35,481 [ERROR] LogOutputStream:75 - [STDERR_REDIRECT] WARNING: Could not lock System prefs. Unix error code 2.
2025-11-05 16:22:35,481 [ERROR] LogOutputStream:75 - [STDERR_REDIRECT] 
2025-11-05 16:22:35,482 [ERROR] LogOutputStream:75 - [STDERR_REDIRECT] Nov 05, 2025 4:22:35 PM java.util.prefs.FileSystemPreferences syncWorld
2025-11-05 16:22:35,482 [ERROR] LogOutputStream:75 - [STDERR_REDIRECT] WARNING: Couldn't flush system prefs: java.util.prefs.BackingStoreException: Couldn't get file lock.
2025-11-05 16:22:35,482 [ERROR] LogOutputStream:75 - [STDERR_REDIRECT] 
