2025-10-13 10:53:43,313 [INFO] Activator:176 - 


2025-10-13 10:53:43,319 [INFO] Activator:177 - !SESSION log4j initialized
2025-10-13 10:53:45,920 [INFO] LogOutputStream:77 - [STDOUT_REDIRECT] 
2025-10-13 10:53:46,331 [ERROR] ConfigurationRetriever:142 - IOException on connection: sw-center.st.com
2025-10-13 10:53:46,350 [ERROR] ConfigurationRetriever:142 - IOException on connection: sw-center.st.com
2025-10-13 10:53:46,352 [ERROR] ConfigurationRetriever:142 - IOException on connection: sw-center.st.com
2025-10-13 10:53:46,676 [INFO] ApplicationProperties:184 - Using Application install path: /opt/st/stm32cubeide_1.19.0/plugins/com.st.stm32cube.common.mx_6.15.0.202507011659
2025-10-13 10:53:46,716 [INFO] DbMcusXml:78 - Set database path to: /opt/st/stm32cubeide_1.19.0/plugins/com.st.stm32cube.common.mx_6.15.0.202507011659//db//mcu/
2025-10-13 10:53:46,717 [INFO] ApiDb:274 - Set plugin database path to: /opt/st/stm32cubeide_1.19.0/plugins/com.st.stm32cube.common.mx_6.15.0.202507011659//db//plugins/boardmanager/
2025-10-13 10:53:46,717 [WARN] ApiDb:259 - Overriding images path with different value:  => /opt/st/stm32cubeide_1.19.0/plugins/com.st.stm32cube.common.mx_6.15.0.202507011659//db//plugins/mcufinder/images/
2025-10-13 10:53:46,724 [INFO] ApiDb:250 - Set database path to: /home/stellarbeing22/.stmcufinder/plugins/mcufinder//mcu/
2025-10-13 10:53:46,726 [INFO] DbMcusAds:125 - Set database path to: /home/stellarbeing22/.stmcufinder/plugins/mcufinder//mcu/
2025-10-13 10:53:46,730 [INFO] CrossReferenceDbSqlite:203 - Set database path to: /home/stellarbeing22/.stmcufinder/plugins/mcufinder//mcu/cs/
2025-10-13 10:53:46,861 [INFO] RulesReader:64 - Compatibility file has been processed (317 Rules)
2025-10-13 10:53:46,927 [INFO] DbMcusXml:78 - Set database path to: /opt/st/stm32cubeide_1.19.0/plugins/com.st.stm32cube.common.mx_6.15.0.202507011659//db//mcu/
2025-10-13 10:53:46,927 [INFO] ApiDb:274 - Set plugin database path to: /opt/st/stm32cubeide_1.19.0/plugins/com.st.stm32cube.common.mx_6.15.0.202507011659//db//plugins/boardmanager/
2025-10-13 10:53:46,927 [INFO] ApiDb:261 - Set plugin images path to: /opt/st/stm32cubeide_1.19.0/plugins/com.st.stm32cube.common.mx_6.15.0.202507011659//db//plugins/mcufinder/images/
2025-10-13 10:53:46,928 [WARN] DbFile:41 - Overriding database path with different value: /home/stellarbeing22/.stmcufinder/plugins/mcufinder/ => /home/stellarbeing22/.stmcufinder/plugins/mcufinder
2025-10-13 10:53:46,928 [INFO] ApiDb:250 - Set database path to: /home/stellarbeing22/.stmcufinder/plugins/mcufinder//mcu/
2025-10-13 10:53:46,928 [WARN] DbFile:41 - Overriding database path with different value: /home/stellarbeing22/.stmcufinder/plugins/mcufinder/ => /home/stellarbeing22/.stmcufinder/plugins/mcufinder
2025-10-13 10:53:46,928 [INFO] DbMcusAds:125 - Set database path to: /home/stellarbeing22/.stmcufinder/plugins/mcufinder//mcu/
2025-10-13 10:53:46,928 [WARN] DbFile:41 - Overriding database path with different value: /home/stellarbeing22/.stmcufinder/plugins/mcufinder/ => /home/stellarbeing22/.stmcufinder/plugins/mcufinder
2025-10-13 10:53:46,928 [WARN] DbFile:41 - Overriding database path with different value: /home/stellarbeing22/.stmcufinder/plugins/mcufinder/ => /home/stellarbeing22/.stmcufinder/plugins/mcufinder
2025-10-13 10:53:46,928 [INFO] CrossReferenceDbSqlite:203 - Set database path to: /home/stellarbeing22/.stmcufinder/plugins/mcufinder//mcu/cs/
2025-10-13 10:53:46,996 [INFO] MainPanel:274 - HeapMemory: 272629760
2025-10-13 10:53:47,101 [INFO] DbMcusXml:78 - Set database path to: /opt/st/stm32cubeide_1.19.0/plugins/com.st.stm32cube.common.mx_6.15.0.202507011659//db//mcu/
2025-10-13 10:53:47,102 [INFO] ApiDb:274 - Set plugin database path to: /opt/st/stm32cubeide_1.19.0/plugins/com.st.stm32cube.common.mx_6.15.0.202507011659//db//plugins/boardmanager/
2025-10-13 10:53:47,102 [INFO] ApiDb:261 - Set plugin images path to: /opt/st/stm32cubeide_1.19.0/plugins/com.st.stm32cube.common.mx_6.15.0.202507011659//db//plugins/mcufinder/images/
2025-10-13 10:53:47,102 [WARN] DbFile:41 - Overriding database path with different value: /home/stellarbeing22/.stmcufinder/plugins/mcufinder/ => /home/stellarbeing22/.stmcufinder/plugins/mcufinder
2025-10-13 10:53:47,102 [INFO] ApiDb:250 - Set database path to: /home/stellarbeing22/.stmcufinder/plugins/mcufinder//mcu/
2025-10-13 10:53:47,102 [WARN] DbFile:41 - Overriding database path with different value: /home/stellarbeing22/.stmcufinder/plugins/mcufinder/ => /home/stellarbeing22/.stmcufinder/plugins/mcufinder
2025-10-13 10:53:47,102 [INFO] DbMcusAds:125 - Set database path to: /home/stellarbeing22/.stmcufinder/plugins/mcufinder//mcu/
2025-10-13 10:53:47,102 [WARN] DbFile:41 - Overriding database path with different value: /home/stellarbeing22/.stmcufinder/plugins/mcufinder/ => /home/stellarbeing22/.stmcufinder/plugins/mcufinder
2025-10-13 10:53:47,102 [WARN] DbFile:41 - Overriding database path with different value: /home/stellarbeing22/.stmcufinder/plugins/mcufinder/ => /home/stellarbeing22/.stmcufinder/plugins/mcufinder
2025-10-13 10:53:47,103 [INFO] CrossReferenceDbSqlite:203 - Set database path to: /home/stellarbeing22/.stmcufinder/plugins/mcufinder//mcu/cs/
2025-10-13 10:53:47,118 [INFO] ApplicationProperties:184 - Using Application install path: /opt/st/stm32cubeide_1.19.0/plugins/com.st.stm32cube.common.mx_6.15.0.202507011659
2025-10-13 10:53:47,120 [INFO] PluginManage:196 - Search for loadable plugins [exclusion list=, ]
2025-10-13 10:53:47,121 [INFO] PluginManage:310 - Check plugin analytics
2025-10-13 10:53:47,281 [INFO] AnalyticsPlugin:253 - Accepted Software Licenses: 
2025-10-13 10:53:47,282 [INFO] AnalyticsPlugin:255 - Accepted CMSIS Pack Licenses: 
2025-10-13 10:53:47,282 [INFO] AnalyticsPlugin:257 - Accepted Firmware Licenses: 
2025-10-13 10:53:47,285 [INFO] PluginManage:359 - Loaded plugin analytics (category:tool,tabindex:-1)
2025-10-13 10:53:47,285 [INFO] PluginManage:310 - Check plugin cadmodel
2025-10-13 10:53:47,285 [ERROR] ConfigurationRetriever:142 - IOException on connection: sw-center.st.com
2025-10-13 10:53:47,286 [ERROR] ConfigurationRetriever:142 - IOException on connection: sw-center.st.com
2025-10-13 10:53:47,286 [ERROR] ConfigurationRetriever:142 - IOException on connection: sw-center.st.com
2025-10-13 10:53:47,290 [INFO] CADModel:105 - Init CAD model plugin
2025-10-13 10:53:47,291 [INFO] PluginManage:359 - Loaded plugin cadmodel (category:power,tabindex:5)
2025-10-13 10:53:47,291 [INFO] PluginManage:310 - Check plugin clock
2025-10-13 10:53:47,302 [INFO] PluginManage:359 - Loaded plugin clock (category:base,tabindex:2)
2025-10-13 10:53:47,302 [INFO] PluginManage:310 - Check plugin ddr
2025-10-13 10:53:47,306 [INFO] PluginManage:359 - Loaded plugin ddr (category:tool,tabindex:6)
2025-10-13 10:53:47,306 [INFO] PluginManage:310 - Check plugin filemanager
2025-10-13 10:53:47,472 [INFO] PluginManage:359 - Loaded plugin filemanager (category:base,tabindex:10)
2025-10-13 10:53:47,472 [INFO] PluginManage:310 - Check plugin ipmanager
2025-10-13 10:53:47,477 [INFO] PluginManage:359 - Loaded plugin ipmanager (category:base,tabindex:5)
2025-10-13 10:53:47,478 [INFO] PluginManage:310 - Check plugin lpbam
2025-10-13 10:53:47,488 [INFO] PluginManage:359 - Loaded plugin lpbam (category:base,tabindex:0)
2025-10-13 10:53:47,488 [INFO] PluginManage:310 - Check plugin memorymap
2025-10-13 10:53:47,499 [INFO] PluginManage:359 - Loaded plugin memorymap (category:base,tabindex:4)
2025-10-13 10:53:47,500 [INFO] PluginManage:310 - Check plugin pinoutandconfiguration
2025-10-13 10:53:47,508 [INFO] PluginManage:359 - Loaded plugin pinoutandconfiguration (category:base,tabindex:1)
2025-10-13 10:53:47,509 [INFO] PluginManage:310 - Check plugin pinoutconfig
2025-10-13 10:53:47,602 [WARN] SupportedApi:132 - Cannot load RTOS API schema: s4s-elt-must-match.1: The content of 'definitions' must match (annotation?, (simpleType | complexType)?, (unique | key | keyref)*)). A problem was found starting at: attribute.
2025-10-13 10:53:47,805 [INFO] PluginManage:359 - Loaded plugin pinoutconfig (category:base,tabindex:0)
2025-10-13 10:53:47,806 [INFO] PluginManage:310 - Check plugin power
2025-10-13 10:53:47,815 [INFO] PluginManage:359 - Loaded plugin power (category:power,tabindex:4)
2025-10-13 10:53:47,816 [INFO] PluginManage:310 - Check plugin projectmanager
2025-10-13 10:53:47,829 [INFO] PluginManage:359 - Loaded plugin projectmanager (category:projectmanager,tabindex:4)
2025-10-13 10:53:47,830 [INFO] PluginManage:310 - Check plugin rif
2025-10-13 10:53:47,839 [INFO] PluginManage:359 - Loaded plugin rif (category:base,tabindex:3)
2025-10-13 10:53:47,840 [INFO] PluginManage:310 - Check plugin thirdparty
2025-10-13 10:53:47,976 [INFO] PluginManage:359 - Loaded plugin thirdparty (category:base,tabindex:-1)
2025-10-13 10:53:47,976 [WARN] IntegrityCheckThread:84 - waiting for thirdparty lock release [integrity check]
2025-10-13 10:53:47,977 [INFO] PluginManage:310 - Check plugin tools
2025-10-13 10:53:47,977 [INFO] IntegrityCheckThread:86 - entering critical section [integrity check]
2025-10-13 10:53:47,977 [INFO] ThirdPartyUpdaterWithRetryManager:70 - Updater plugin not ready yet. [1/15]
2025-10-13 10:53:47,979 [INFO] PluginManage:359 - Loaded plugin tools (category:base,tabindex:7)
2025-10-13 10:53:47,979 [INFO] PluginManage:310 - Check plugin tutovideos
2025-10-13 10:53:48,135 [INFO] PluginManage:359 - Loaded plugin tutovideos (category:base,tabindex:-1)
2025-10-13 10:53:48,135 [INFO] PluginManage:310 - Check plugin updater
2025-10-13 10:53:48,155 [INFO] PluginManage:359 - Loaded plugin updater (category:base,tabindex:12)
2025-10-13 10:53:48,155 [INFO] PluginManage:310 - Check plugin userauth
2025-10-13 10:53:48,158 [INFO] UserAuth:118 - Init User Auth plugin
2025-10-13 10:53:48,158 [INFO] PluginManage:359 - Loaded plugin userauth (category:base,tabindex:14)
2025-10-13 10:53:48,159 [INFO] PluginManage:283 - PluginManage : Loaded plugins [18]
2025-10-13 10:53:48,285 [INFO] PinOutPanel:1589 - setPackage(No Configuration,No Configuration)
2025-10-13 10:53:48,338 [INFO] CADModel:165 - CPN selected for project level
2025-10-13 10:53:48,338 [INFO] CADModel:114 - Register for checkConnection events
2025-10-13 10:53:48,349 [INFO] IPUIPlugin:80 - create IPUIPlugin
2025-10-13 10:53:48,349 [INFO] PluginManager:220 - loadIPPluginJar : add i2c
2025-10-13 10:53:48,352 [INFO] IPUIPlugin:80 - create IPUIPlugin
2025-10-13 10:53:48,352 [INFO] PluginManager:220 - loadIPPluginJar : add dfsdm
2025-10-13 10:53:48,354 [INFO] IPUIPlugin:80 - create IPUIPlugin
2025-10-13 10:53:48,354 [INFO] PluginManager:220 - loadIPPluginJar : add extmemmanager
2025-10-13 10:53:48,359 [INFO] IPUIPlugin:80 - create IPUIPlugin
2025-10-13 10:53:48,360 [INFO] PluginManager:220 - loadIPPluginJar : add freertos
2025-10-13 10:53:48,361 [INFO] IPUIPlugin:80 - create IPUIPlugin
2025-10-13 10:53:48,361 [INFO] PluginManager:220 - loadIPPluginJar : add quadspi
2025-10-13 10:53:48,364 [INFO] IPUIPlugin:80 - create IPUIPlugin
2025-10-13 10:53:48,365 [INFO] PluginManager:220 - loadIPPluginJar : add gpio
2025-10-13 10:53:48,369 [INFO] IPUIPlugin:80 - create IPUIPlugin
2025-10-13 10:53:48,369 [INFO] PluginManager:220 - loadIPPluginJar : add gic
2025-10-13 10:53:48,373 [INFO] IPUIPlugin:80 - create IPUIPlugin
2025-10-13 10:53:48,373 [INFO] PluginManager:220 - loadIPPluginJar : add dma
2025-10-13 10:53:48,376 [INFO] IPUIPlugin:80 - create IPUIPlugin
2025-10-13 10:53:48,376 [INFO] PluginManager:220 - loadIPPluginJar : add cryp
2025-10-13 10:53:48,378 [INFO] IPUIPlugin:80 - create IPUIPlugin
2025-10-13 10:53:48,378 [INFO] PluginManager:220 - loadIPPluginJar : add gtzc
2025-10-13 10:53:48,380 [INFO] IPUIPlugin:80 - create IPUIPlugin
2025-10-13 10:53:48,380 [INFO] PluginManager:220 - loadIPPluginJar : add aes
2025-10-13 10:53:48,382 [INFO] IPUIPlugin:80 - create IPUIPlugin
2025-10-13 10:53:48,383 [INFO] PluginManager:220 - loadIPPluginJar : add spi
2025-10-13 10:53:48,419 [INFO] IPUIPlugin:80 - create IPUIPlugin
2025-10-13 10:53:48,420 [INFO] PluginManager:220 - loadIPPluginJar : add linkedlist
2025-10-13 10:53:48,449 [INFO] IPUIPlugin:80 - create IPUIPlugin
2025-10-13 10:53:48,463 [INFO] PluginManager:220 - loadIPPluginJar : add plateformsettings
2025-10-13 10:53:48,477 [INFO] IPUIPlugin:80 - create IPUIPlugin
2025-10-13 10:53:48,479 [INFO] PluginManager:220 - loadIPPluginJar : add touchsensing
2025-10-13 10:53:48,503 [INFO] IPUIPlugin:80 - create IPUIPlugin
2025-10-13 10:53:48,503 [INFO] PluginManager:220 - loadIPPluginJar : add resmgrutility
2025-10-13 10:53:48,512 [INFO] IPUIPlugin:80 - create IPUIPlugin
2025-10-13 10:53:48,513 [INFO] PluginManager:220 - loadIPPluginJar : add tracer_emb
2025-10-13 10:53:48,524 [INFO] IPUIPlugin:80 - create IPUIPlugin
2025-10-13 10:53:48,525 [INFO] PluginManager:220 - loadIPPluginJar : add can
2025-10-13 10:53:48,533 [INFO] IPUIPlugin:80 - create IPUIPlugin
2025-10-13 10:53:48,536 [INFO] PluginManager:220 - loadIPPluginJar : add radio
2025-10-13 10:53:48,550 [INFO] IPUIPlugin:80 - create IPUIPlugin
2025-10-13 10:53:48,551 [INFO] PluginManager:220 - loadIPPluginJar : add pdm2pcm
2025-10-13 10:53:48,564 [INFO] IPUIPlugin:80 - create IPUIPlugin
2025-10-13 10:53:48,565 [INFO] PluginManager:220 - loadIPPluginJar : add ddr_ctrl_phy
2025-10-13 10:53:48,579 [INFO] IPUIPlugin:80 - create IPUIPlugin
2025-10-13 10:53:48,580 [INFO] PluginManager:220 - loadIPPluginJar : add usart
2025-10-13 10:53:48,597 [INFO] IPUIPlugin:80 - create IPUIPlugin
2025-10-13 10:53:48,604 [INFO] PluginManager:220 - loadIPPluginJar : add ipddr
2025-10-13 10:53:48,615 [INFO] IPUIPlugin:80 - create IPUIPlugin
2025-10-13 10:53:48,616 [INFO] PluginManager:220 - loadIPPluginJar : add i2s
2025-10-13 10:53:48,643 [INFO] IPUIPlugin:80 - create IPUIPlugin
2025-10-13 10:53:48,644 [INFO] PluginManager:220 - loadIPPluginJar : add stm32_wpan
2025-10-13 10:53:48,657 [INFO] IPUIPlugin:80 - create IPUIPlugin
2025-10-13 10:53:48,658 [INFO] PluginManager:220 - loadIPPluginJar : add opamp
2025-10-13 10:53:48,665 [INFO] IPUIPlugin:80 - create IPUIPlugin
2025-10-13 10:53:48,666 [INFO] PluginManager:220 - loadIPPluginJar : add ucpd
2025-10-13 10:53:48,678 [INFO] IPUIPlugin:80 - create IPUIPlugin
2025-10-13 10:53:48,678 [INFO] PluginManager:220 - loadIPPluginJar : add i3c
2025-10-13 10:53:48,711 [INFO] IPUIPlugin:80 - create IPUIPlugin
2025-10-13 10:53:48,713 [INFO] PluginManager:220 - loadIPPluginJar : add mdma
2025-10-13 10:53:48,724 [INFO] IPUIPlugin:80 - create IPUIPlugin
2025-10-13 10:53:48,725 [INFO] PluginManager:220 - loadIPPluginJar : add gfxmmu
2025-10-13 10:53:48,735 [INFO] IPUIPlugin:80 - create IPUIPlugin
2025-10-13 10:53:48,736 [INFO] PluginManager:220 - loadIPPluginJar : add ts
2025-10-13 10:53:48,742 [INFO] IPUIPlugin:80 - create IPUIPlugin
2025-10-13 10:53:48,743 [INFO] PluginManager:220 - loadIPPluginJar : add tsc
2025-10-13 10:53:48,750 [INFO] IPUIPlugin:80 - create IPUIPlugin
2025-10-13 10:53:48,751 [INFO] PluginManager:220 - loadIPPluginJar : add genericplugin
2025-10-13 10:53:48,759 [INFO] IPUIPlugin:80 - create IPUIPlugin
2025-10-13 10:53:48,760 [INFO] PluginManager:220 - loadIPPluginJar : add hash
2025-10-13 10:53:48,776 [INFO] IPUIPlugin:80 - create IPUIPlugin
2025-10-13 10:53:48,777 [INFO] PluginManager:220 - loadIPPluginJar : add nvic
2025-10-13 10:53:48,795 [INFO] IPUIPlugin:80 - create IPUIPlugin
2025-10-13 10:53:48,796 [INFO] PluginManager:220 - loadIPPluginJar : add fmc
2025-10-13 10:53:48,807 [INFO] IPUIPlugin:80 - create IPUIPlugin
2025-10-13 10:53:48,808 [INFO] PluginManager:220 - loadIPPluginJar : add lorawan
2025-10-13 10:53:48,823 [INFO] IPUIPlugin:80 - create IPUIPlugin
2025-10-13 10:53:48,824 [INFO] PluginManager:220 - loadIPPluginJar : add usbx
2025-10-13 10:53:48,830 [INFO] IPUIPlugin:80 - create IPUIPlugin
2025-10-13 10:53:48,830 [INFO] PluginManager:220 - loadIPPluginJar : add fatfs
2025-10-13 10:53:48,842 [INFO] IPUIPlugin:80 - create IPUIPlugin
2025-10-13 10:53:48,843 [INFO] PluginManager:220 - loadIPPluginJar : add openamp
2025-10-13 10:53:48,852 [INFO] IPUIPlugin:80 - create IPUIPlugin
2025-10-13 10:53:48,853 [INFO] PluginManager:220 - loadIPPluginJar : add comp
2025-10-13 10:53:48,863 [INFO] IPUIPlugin:80 - create IPUIPlugin
2025-10-13 10:53:48,864 [INFO] PluginManager:220 - loadIPPluginJar : add tim
2025-10-13 10:53:48,931 [INFO] IPUIPlugin:80 - create IPUIPlugin
2025-10-13 10:53:48,933 [INFO] PluginManager:220 - loadIPPluginJar : add sai
2025-10-13 10:53:48,940 [INFO] IPUIPlugin:80 - create IPUIPlugin
2025-10-13 10:53:48,941 [INFO] PluginManager:220 - loadIPPluginJar : add ltdc
2025-10-13 10:53:48,953 [INFO] IPUIPlugin:80 - create IPUIPlugin
2025-10-13 10:53:48,954 [INFO] PluginManager:220 - loadIPPluginJar : add dma3
2025-10-13 10:53:48,987 [INFO] IPUIPlugin:80 - create IPUIPlugin
2025-10-13 10:53:48,988 [INFO] PluginManager:220 - loadIPPluginJar : add adc
2025-10-13 10:53:49,300 [FATAL] Updater:351 - Updater called before beeing initialized
2025-10-13 10:53:49,506 [INFO] RulesReader:64 - Compatibility file has been processed (317 Rules)
2025-10-13 10:53:49,595 [INFO] RulesReader:64 - Compatibility file has been processed (317 Rules)
2025-10-13 10:53:49,645 [INFO] CADModel:165 - CPN selected for project level
2025-10-13 10:53:49,646 [INFO] CADModel:114 - Register for checkConnection events
2025-10-13 10:53:49,646 [FATAL] Updater:351 - Updater called before beeing initialized
2025-10-13 10:53:49,647 [ERROR] CADModel:125 - Updater not yet initialized, retry later 
2025-10-13 10:53:50,496 [FATAL] Updater:351 - Updater called before beeing initialized
2025-10-13 10:53:50,506 [INFO] CADModel:165 - CPN selected for project level
2025-10-13 10:53:50,507 [INFO] CADModel:114 - Register for checkConnection events
2025-10-13 10:53:50,507 [FATAL] Updater:351 - Updater called before beeing initialized
2025-10-13 10:53:50,508 [ERROR] CADModel:125 - Updater not yet initialized, retry later 
2025-10-13 10:53:50,528 [FATAL] Updater:351 - Updater called before beeing initialized
2025-10-13 10:53:50,979 [INFO] ThirdPartyUpdaterWithRetryManager:70 - Updater plugin not ready yet. [2/15]
2025-10-13 10:53:51,059 [FATAL] Updater:351 - Updater called before beeing initialized
2025-10-13 10:53:51,087 [INFO] DbMcusAds:53 - JSON generation date=Tue Jul 08 13:44:23 IST 2025 (1751962463524)
2025-10-13 10:53:51,088 [FATAL] Updater:351 - Updater called before beeing initialized
2025-10-13 10:53:51,341 [WARN] DetailPanel:346 - Failed to get advertising image, set to default
2025-10-13 10:53:51,462 [FATAL] Updater:351 - Updater called before beeing initialized
2025-10-13 10:53:51,463 [FATAL] Updater:351 - Updater called before beeing initialized
2025-10-13 10:53:51,464 [FATAL] Updater:351 - Updater called before beeing initialized
2025-10-13 10:53:51,464 [WARN] DetailPanel:346 - Failed to get advertising image, set to default
2025-10-13 10:53:51,464 [FATAL] Updater:351 - Updater called before beeing initialized
2025-10-13 10:53:51,492 [ERROR] Updater:1198 - MainUpdater not yet initialized. External WinMGr cannot be set.
2025-10-13 10:53:51,494 [INFO] Updater:1134 - Updater Version found : 6.15.0
2025-10-13 10:53:51,511 [INFO] ApplicationProperties:184 - Using Application install path: /opt/st/stm32cubeide_1.19.0/plugins/com.st.stm32cube.common.mx_6.15.0.202507011659
2025-10-13 10:53:51,522 [ERROR] LogOutputStream:75 - [STDERR_REDIRECT] Oct 13, 2025 10:53:51 AM java.util.prefs.FileSystemPreferences$2 run
2025-10-13 10:53:51,522 [ERROR] LogOutputStream:75 - [STDERR_REDIRECT] WARNING: Could not create system preferences directory. System preferences are unusable.
2025-10-13 10:53:51,522 [ERROR] LogOutputStream:75 - [STDERR_REDIRECT] 
2025-10-13 10:53:51,683 [INFO] MainUpdater:2872 - connection check result : 22
2025-10-13 10:53:51,684 [INFO] MainUpdater:289 - Updater Check For Update Now.
2025-10-13 10:53:51,685 [INFO] MicroXplorer:498 - Change Database Version : DB.6.0.150
2025-10-13 10:53:51,690 [INFO] McuFinderGlobals:63 - Set McuFinder mode to 2 (CubeIDE integrated)
2025-10-13 10:53:51,690 [INFO] UserAuth:171 - activating auth plugin
2025-10-13 10:53:51,693 [INFO] UserAuth:487 - Internet connection configuration mode: 2
2025-10-13 10:53:51,699 [INFO] UserAuth:487 - Internet connection configuration mode: 2
2025-10-13 10:53:51,848 [INFO] CheckServerUpdateThread:120 - End of CheckServer Thread
2025-10-13 10:53:54,173 [WARN] PackLoader:240 - Cannot read IP mode file for STMicroelectronics.FP-SNS-MOTENVWB1.1.4.0
2025-10-13 10:53:54,185 [WARN] PackLoader:240 - Cannot read IP mode file for STMicroelectronics.FP-ATR-ASTRA1.2.0.2
2025-10-13 10:53:54,196 [WARN] PackLoader:240 - Cannot read IP mode file for STMicroelectronics.X-CUBE-SMBUS.2.1.0
2025-10-13 10:53:54,203 [WARN] PackLoader:240 - Cannot read IP mode file for STMicroelectronics.X-CUBE-ST60.1.0.0
2025-10-13 10:53:54,257 [WARN] PackLoader:240 - Cannot read IP mode file for STMicroelectronics.X-CUBE-AZRTOS-F7.1.1.0
2025-10-13 10:53:54,280 [WARN] PackLoader:240 - Cannot read IP mode file for WES.I-CUBE-Cesium.1.4.0
2025-10-13 10:53:54,317 [WARN] PackLoader:240 - Cannot read IP mode file for Infineon.AIROC-Wi-Fi-Bluetooth-STM32.1.7.1
2025-10-13 10:53:54,362 [WARN] PackLoader:240 - Cannot read IP mode file for STMicroelectronics.X-CUBE-AZRTOS-H7.3.4.0
2025-10-13 10:53:54,379 [WARN] PackLoader:240 - Cannot read IP mode file for STMicroelectronics.X-CUBE-DISPLAY.3.0.0
2025-10-13 10:53:54,398 [WARN] PackLoader:240 - Cannot read IP mode file for STMicroelectronics.X-CUBE-NFC10.1.0.0
2025-10-13 10:53:54,408 [WARN] PackLoader:240 - Cannot read IP mode file for emotas.I-CUBE-CANOPEN.1.3.0
2025-10-13 10:53:54,417 [WARN] PackLoader:240 - Cannot read IP mode file for STMicroelectronics.FP-SNS-STBOX1.2.1.0
2025-10-13 10:53:54,426 [WARN] PackLoader:240 - Cannot read IP mode file for STMicroelectronics.FP-SNS-SMARTAG2.1.2.0
2025-10-13 10:53:54,430 [WARN] PackLoader:240 - Cannot read IP mode file for STMicroelectronics.FP-SNS-FLIGHT1.5.1.0
2025-10-13 10:53:54,442 [INFO] LogOutputStream:77 - [STDOUT_REDIRECT] 1 : Invalid condition id : UX_CORESTACK_Condition cause : null
2025-10-13 10:53:54,443 [INFO] LogOutputStream:77 - [STDOUT_REDIRECT] 1 : Invalid condition id : UX_CORESTACK_Condition cause : null
2025-10-13 10:53:54,444 [INFO] LogOutputStream:77 - [STDOUT_REDIRECT] 1 : Invalid condition id : UX_CORESTACK_Condition cause : null
2025-10-13 10:53:54,444 [INFO] LogOutputStream:77 - [STDOUT_REDIRECT] 1 : Invalid condition id : UX_CORESTACK_Condition cause : null
2025-10-13 10:53:54,444 [INFO] LogOutputStream:77 - [STDOUT_REDIRECT] 1 : Invalid condition id : UX_CORESTACK_Condition cause : null
2025-10-13 10:53:54,448 [WARN] PackLoader:240 - Cannot read IP mode file for STMicroelectronics.X-CUBE-AZRTOS-WL.2.0.0
2025-10-13 10:53:54,456 [WARN] PackLoader:240 - Cannot read IP mode file for STMicroelectronics.FP-SNS-MOTENV1.5.0.0
2025-10-13 10:53:54,465 [WARN] PackLoader:240 - Cannot read IP mode file for STMicroelectronics.X-CUBE-BLE2.3.3.0
2025-10-13 10:53:54,474 [WARN] PackLoader:240 - Cannot read IP mode file for STMicroelectronics.X-CUBE-NFC9.1.0.0
2025-10-13 10:53:54,481 [WARN] PackLoader:240 - Cannot read IP mode file for wolfSSL.I-CUBE-wolfSSL.5.8.2
2025-10-13 10:53:54,488 [WARN] PackLoader:240 - Cannot read IP mode file for STMicroelectronics.X-CUBE-BLE1.7.1.0
2025-10-13 10:53:54,493 [WARN] PackLoader:240 - Cannot read IP mode file for wolfSSL.I-CUBE-wolfMQTT.1.19.2
2025-10-13 10:53:54,501 [WARN] PackLoader:240 - Cannot read IP mode file for STMicroelectronics.X-CUBE-EEPRMA1.5.2.0
2025-10-13 10:53:54,541 [WARN] PackLoader:240 - Cannot read IP mode file for STMicroelectronics.X-CUBE-AZRTOS-G0.1.1.0
2025-10-13 10:53:54,556 [WARN] PackLoader:240 - Cannot read IP mode file for STMicroelectronics.X-CUBE-SAFEA1.1.2.2
2025-10-13 10:53:54,567 [WARN] PackLoader:240 - Cannot read IP mode file for STMicroelectronics.X-CUBE-NFC4.3.0.0
2025-10-13 10:53:54,581 [WARN] PackLoader:240 - Cannot read IP mode file for EmbeddedOffice.I-CUBE-FS-RTOS.1.0.1
2025-10-13 10:53:54,589 [WARN] PackLoader:240 - Cannot read IP mode file for STMicroelectronics.X-CUBE-WB05N.2.0.0
2025-10-13 10:53:54,597 [WARN] PackLoader:240 - Cannot read IP mode file for wolfSSL.I-CUBE-wolfTPM.3.8.0
2025-10-13 10:53:54,605 [WARN] PackLoader:240 - Cannot read IP mode file for STMicroelectronics.X-CUBE-TCPP.4.2.0
2025-10-13 10:53:54,613 [WARN] PackLoader:240 - Cannot read IP mode file for RealThread.X-CUBE-RT-Thread_Nano.4.1.1
2025-10-13 10:53:54,618 [WARN] PackLoader:240 - Cannot read IP mode file for STMicroelectronics.FP-ATR-SIGFOX1.3.2.0
2025-10-13 10:53:54,625 [WARN] PackLoader:240 - Cannot read IP mode file for ITTIA_DB.I-CUBE-ITTIADB.8.9.0
2025-10-13 10:53:54,633 [WARN] PackLoader:240 - Cannot read IP mode file for STMicroelectronics.X-CUBE-ST67W61.1.0.0
2025-10-13 10:53:54,639 [WARN] PackLoader:240 - Cannot read IP mode file for STMicroelectronics.X-CUBE-AI.10.2.0
2025-10-13 10:53:54,674 [WARN] PackLoader:240 - Cannot read IP mode file for SEGGER.I-CUBE-embOS.1.3.1
2025-10-13 10:53:54,733 [WARN] PackLoader:240 - Cannot read IP mode file for STMicroelectronics.X-CUBE-ALGOBUILD.1.4.0
2025-10-13 10:53:54,840 [WARN] PackLoader:240 - Cannot read IP mode file for STMicroelectronics.X-CUBE-MEMS1.11.3.0
2025-10-13 10:53:55,174 [WARN] PackLoader:240 - Cannot read IP mode file for STMicroelectronics.X-CUBE-PM33A1.1.0.0
2025-10-13 10:53:55,203 [WARN] PackLoader:240 - Cannot read IP mode file for STMicroelectronics.X-CUBE-AZRTOS-F4.1.1.0
2025-10-13 10:53:55,210 [WARN] PackLoader:240 - Cannot read IP mode file for Avnet-IotConnect.X-CUBE-IoTC-DA16k-PMOD.1.0.0
2025-10-13 10:53:55,215 [WARN] PackLoader:240 - Cannot read IP mode file for STMicroelectronics.X-CUBE-ISPU.2.1.0
2025-10-13 10:53:55,223 [WARN] PackLoader:240 - Cannot read IP mode file for STMicroelectronics.X-CUBE-NFC12.1.0.0
2025-10-13 10:53:55,244 [WARN] PackLoader:240 - Cannot read IP mode file for STMicroelectronics.X-CUBE-AZRTOS-L5.2.0.0
2025-10-13 10:53:55,256 [WARN] PackLoader:240 - Cannot read IP mode file for STMicroelectronics.X-CUBE-NFC6.3.1.0
2025-10-13 10:53:55,267 [WARN] PackLoader:240 - Cannot read IP mode file for STMicroelectronics.X-CUBE-FREERTOS.1.3.1
2025-10-13 10:53:55,275 [WARN] PackLoader:240 - Cannot read IP mode file for STMicroelectronics.X-CUBE-TOUCHGFX.4.26.0
2025-10-13 10:53:55,281 [WARN] PackLoader:240 - Cannot read IP mode file for STMicroelectronics.FP-SNS-STAIOTCFT.1.0.0
2025-10-13 10:53:55,288 [WARN] PackLoader:240 - Cannot read IP mode file for STMicroelectronics.X-CUBE-DPower.1.3.0
2025-10-13 10:53:55,314 [WARN] ConditionMgr:438 - getConditionDescription Invalid condition id : LAN8742 Phy interface Condition cause : null
2025-10-13 10:53:55,315 [WARN] PackLoader:240 - Cannot read IP mode file for STMicroelectronics.X-CUBE-AZRTOS-L4.2.0.0
2025-10-13 10:53:55,317 [WARN] ConditionMgr:1044 - genDependencies : Invalid condition id : LAN8742 Phy interface Condition cause : null
2025-10-13 10:53:55,317 [WARN] ConditionMgr:1044 - genDependencies : Invalid condition id : LAN8742 Phy interface Condition cause : null
2025-10-13 10:53:55,318 [WARN] ConditionMgr:1044 - genDependencies : Invalid condition id : LAN8742 Phy interface Condition cause : null
2025-10-13 10:53:55,328 [WARN] PackLoader:240 - Cannot read IP mode file for STMicroelectronics.X-CUBE-SFXS2LP1.4.0.0
2025-10-13 10:53:55,341 [WARN] PackLoader:240 - Cannot read IP mode file for STMicroelectronics.X-CUBE-BLEMGR.4.1.0
2025-10-13 10:53:55,359 [WARN] ConditionMgr:438 - getConditionDescription Invalid condition id : UX DEVICE CLASS RTOS Condition cause : null
2025-10-13 10:53:55,360 [WARN] ConditionMgr:438 - getConditionDescription Invalid condition id : UX DEVICE CLASS RTOS Condition cause : null
2025-10-13 10:53:55,362 [WARN] PackLoader:240 - Cannot read IP mode file for STMicroelectronics.X-CUBE-AZRTOS-WB.2.0.0
2025-10-13 10:53:55,363 [WARN] ConditionMgr:1044 - genDependencies : Invalid condition id : UX DEVICE CLASS RTOS Condition cause : null
2025-10-13 10:53:55,363 [WARN] ConditionMgr:1044 - genDependencies : Invalid condition id : UX DEVICE CLASS RTOS Condition cause : null
2025-10-13 10:53:55,363 [WARN] ConditionMgr:1044 - genDependencies : Invalid condition id : UX DEVICE CLASS RTOS Condition cause : null
2025-10-13 10:53:55,364 [WARN] ConditionMgr:1044 - genDependencies : Invalid condition id : UX DEVICE CLASS RTOS Condition cause : null
2025-10-13 10:53:55,364 [WARN] ConditionMgr:1044 - genDependencies : Invalid condition id : UX DEVICE CLASS RTOS Condition cause : null
2025-10-13 10:53:55,371 [WARN] PackLoader:240 - Cannot read IP mode file for STMicroelectronics.X-CUBE-GNSS1.7.0.1
2025-10-13 10:53:55,375 [WARN] PackLoader:240 - Cannot read IP mode file for STMicroelectronics.X-CUBE-TOUCHGFX.4.25.0
2025-10-13 10:53:55,380 [WARN] ConditionMgr:438 - getConditionDescription Invalid condition id : Cortex-A Device cause : null
2025-10-13 10:53:55,398 [WARN] ConditionMgr:1044 - genDependencies : Invalid condition id : Cortex-A Device cause : null
2025-10-13 10:53:55,398 [WARN] ConditionMgr:1044 - genDependencies : Invalid condition id : Cortex-A Device cause : null
2025-10-13 10:53:55,398 [WARN] ConditionMgr:1044 - genDependencies : Invalid condition id : Cortex-A Device cause : null
2025-10-13 10:53:55,414 [WARN] PackLoader:240 - Cannot read IP mode file for STMicroelectronics.X-CUBE-SUBG2.5.0.0
2025-10-13 10:53:55,440 [WARN] PackLoader:240 - Cannot read IP mode file for STMicroelectronics.X-CUBE-AZRTOS-H7RS.1.1.0
2025-10-13 10:53:55,448 [WARN] PackLoader:240 - Cannot read IP mode file for Cesanta.I-CUBE-Mongoose.7.13.0
2025-10-13 10:53:55,462 [WARN] PackLoader:240 - Cannot read IP mode file for STMicroelectronics.X-CUBE-AZRTOS-G4.2.0.0
2025-10-13 10:53:55,468 [WARN] PackLoader:240 - Cannot read IP mode file for wolfSSL.I-CUBE-wolfSSH.1.4.20
2025-10-13 10:53:55,473 [WARN] PackLoader:240 - Cannot read IP mode file for STMicroelectronics.X-CUBE-NFC7.2.0.0
2025-10-13 10:53:55,487 [WARN] PackLoader:240 - Cannot read IP mode file for STMicroelectronics.X-CUBE-IPS.3.1.0
2025-10-13 10:53:55,498 [WARN] PackLoader:240 - Cannot read IP mode file for STMicroelectronics.X-CUBE-ALS.1.0.2
2025-10-13 10:53:55,505 [WARN] PackLoader:240 - Cannot read IP mode file for STMicroelectronics.X-CUBE-STSE01.1.0.0
2025-10-13 10:53:55,518 [WARN] PackLoader:240 - Cannot read IP mode file for STMicroelectronics.X-CUBE-TOF1.3.4.3
2025-10-13 10:53:55,530 [INFO] ThirdParty:978 - Integrity check success = true
2025-10-13 10:53:55,530 [INFO] IntegrityCheckThread:100 - exiting critical section [integrity check]
2025-10-13 10:53:55,530 [INFO] IntegrityCheckThread:103 - End integrity checks thread
2025-10-13 10:54:17,762 [ERROR] LogOutputStream:75 - [STDERR_REDIRECT] Oct 13, 2025 10:54:17 AM java.util.prefs.FileSystemPreferences checkLockFile0ErrorCode
2025-10-13 10:54:17,763 [ERROR] LogOutputStream:75 - [STDERR_REDIRECT] WARNING: Could not lock System prefs. Unix error code 2.
2025-10-13 10:54:17,763 [ERROR] LogOutputStream:75 - [STDERR_REDIRECT] 
2025-10-13 10:54:17,763 [ERROR] LogOutputStream:75 - [STDERR_REDIRECT] Oct 13, 2025 10:54:17 AM java.util.prefs.FileSystemPreferences syncWorld
2025-10-13 10:54:17,764 [ERROR] LogOutputStream:75 - [STDERR_REDIRECT] WARNING: Couldn't flush system prefs: java.util.prefs.BackingStoreException: Couldn't get file lock.
2025-10-13 10:54:17,764 [ERROR] LogOutputStream:75 - [STDERR_REDIRECT] 
2025-10-13 10:54:21,301 [ERROR] ConfigurationRetriever:142 - IOException on connection: sw-center.st.com
2025-10-13 10:54:21,302 [ERROR] ConfigurationRetriever:142 - IOException on connection: sw-center.st.com
2025-10-13 10:54:21,303 [ERROR] ConfigurationRetriever:142 - IOException on connection: sw-center.st.com
2025-10-13 10:54:23,002 [ERROR] LogOutputStream:75 - [STDERR_REDIRECT] 
