2025-09-30 08:17:52,703 [ERROR] LogOutputStream:75 - [STDERR_REDIRECT] Sep 30, 2025 8:17:52 AM java.util.prefs.FileSystemPreferences checkLockFile0ErrorCode
2025-09-30 08:17:52,710 [ERROR] LogOutputStream:75 - [STDERR_REDIRECT] WARNING: Could not lock System prefs. Unix error code 2.
2025-09-30 08:17:52,711 [ERROR] LogOutputStream:75 - [STDERR_REDIRECT] 
2025-09-30 08:17:52,711 [ERROR] LogOutputStream:75 - [STDERR_REDIRECT] Sep 30, 2025 8:17:52 AM java.util.prefs.FileSystemPreferences syncWorld
2025-09-30 08:17:52,711 [ERROR] LogOutputStream:75 - [STDERR_REDIRECT] WARNING: Couldn't flush system prefs: java.util.prefs.BackingStoreException: Couldn't get file lock.
2025-09-30 08:17:52,711 [ERROR] LogOutputStream:75 - [STDERR_REDIRECT] 
2025-09-30 08:18:22,703 [ERROR] LogOutputStream:75 - [STDERR_REDIRECT] Sep 30, 2025 8:18:22 AM java.util.prefs.FileSystemPreferences checkLockFile0ErrorCode
2025-09-30 08:18:22,703 [ERROR] LogOutputStream:75 - [STDERR_REDIRECT] WARNING: Could not lock System prefs. Unix error code 2.
2025-09-30 08:18:22,703 [ERROR] LogOutputStream:75 - [STDERR_REDIRECT] 
2025-09-30 08:18:22,703 [ERROR] LogOutputStream:75 - [STDERR_REDIRECT] Sep 30, 2025 8:18:22 AM java.util.prefs.FileSystemPreferences syncWorld
2025-09-30 08:18:22,704 [ERROR] LogOutputStream:75 - [STDERR_REDIRECT] WARNING: Couldn't flush system prefs: java.util.prefs.BackingStoreException: Couldn't get file lock.
2025-09-30 08:18:22,704 [ERROR] LogOutputStream:75 - [STDERR_REDIRECT] 
2025-09-30 08:20:14,216 [ERROR] LogOutputStream:75 - [STDERR_REDIRECT] Sep 30, 2025 8:20:14 AM java.util.prefs.FileSystemPreferences checkLockFile0ErrorCode
2025-09-30 08:20:14,217 [ERROR] LogOutputStream:75 - [STDERR_REDIRECT] WARNING: Could not lock System prefs. Unix error code 2.
2025-09-30 08:20:14,217 [ERROR] LogOutputStream:75 - [STDERR_REDIRECT] 
2025-09-30 08:20:14,217 [ERROR] LogOutputStream:75 - [STDERR_REDIRECT] Sep 30, 2025 8:20:14 AM java.util.prefs.FileSystemPreferences syncWorld
2025-09-30 08:20:14,217 [ERROR] LogOutputStream:75 - [STDERR_REDIRECT] WARNING: Couldn't flush system prefs: java.util.prefs.BackingStoreException: Couldn't get file lock.
2025-09-30 08:20:14,217 [ERROR] LogOutputStream:75 - [STDERR_REDIRECT] 
2025-09-30 08:21:11,969 [ERROR] LogOutputStream:75 - [STDERR_REDIRECT] Sep 30, 2025 8:21:11 AM java.util.prefs.FileSystemPreferences checkLockFile0ErrorCode
2025-09-30 08:21:11,970 [ERROR] LogOutputStream:75 - [STDERR_REDIRECT] WARNING: Could not lock System prefs. Unix error code 2.
2025-09-30 08:21:11,970 [ERROR] LogOutputStream:75 - [STDERR_REDIRECT] 
2025-09-30 08:21:11,970 [ERROR] LogOutputStream:75 - [STDERR_REDIRECT] Sep 30, 2025 8:21:11 AM java.util.prefs.FileSystemPreferences syncWorld
2025-09-30 08:21:11,970 [ERROR] LogOutputStream:75 - [STDERR_REDIRECT] WARNING: Couldn't flush system prefs: java.util.prefs.BackingStoreException: Couldn't get file lock.
2025-09-30 08:21:11,970 [ERROR] LogOutputStream:75 - [STDERR_REDIRECT] 
2025-09-30 08:22:19,278 [ERROR] LogOutputStream:75 - [STDERR_REDIRECT] Sep 30, 2025 8:22:19 AM java.util.prefs.FileSystemPreferences checkLockFile0ErrorCode
2025-09-30 08:22:19,279 [ERROR] LogOutputStream:75 - [STDERR_REDIRECT] WARNING: Could not lock System prefs. Unix error code 2.
2025-09-30 08:22:19,279 [ERROR] LogOutputStream:75 - [STDERR_REDIRECT] 
2025-09-30 08:22:19,279 [ERROR] LogOutputStream:75 - [STDERR_REDIRECT] Sep 30, 2025 8:22:19 AM java.util.prefs.FileSystemPreferences syncWorld
2025-09-30 08:22:19,279 [ERROR] LogOutputStream:75 - [STDERR_REDIRECT] WARNING: Couldn't flush system prefs: java.util.prefs.BackingStoreException: Couldn't get file lock.
2025-09-30 08:22:19,280 [ERROR] LogOutputStream:75 - [STDERR_REDIRECT] 
2025-09-30 08:24:19,565 [ERROR] LogOutputStream:75 - [STDERR_REDIRECT] Sep 30, 2025 8:24:19 AM java.util.prefs.FileSystemPreferences checkLockFile0ErrorCode
2025-09-30 08:24:19,565 [ERROR] LogOutputStream:75 - [STDERR_REDIRECT] WARNING: Could not lock System prefs. Unix error code 2.
2025-09-30 08:24:19,565 [ERROR] LogOutputStream:75 - [STDERR_REDIRECT] 
2025-09-30 08:24:19,566 [ERROR] LogOutputStream:75 - [STDERR_REDIRECT] Sep 30, 2025 8:24:19 AM java.util.prefs.FileSystemPreferences syncWorld
2025-09-30 08:24:19,566 [ERROR] LogOutputStream:75 - [STDERR_REDIRECT] WARNING: Couldn't flush system prefs: java.util.prefs.BackingStoreException: Couldn't get file lock.
2025-09-30 08:24:19,566 [ERROR] LogOutputStream:75 - [STDERR_REDIRECT] 
2025-09-30 08:24:49,567 [ERROR] LogOutputStream:75 - [STDERR_REDIRECT] Sep 30, 2025 8:24:49 AM java.util.prefs.FileSystemPreferences checkLockFile0ErrorCode
2025-09-30 08:24:49,568 [ERROR] LogOutputStream:75 - [STDERR_REDIRECT] WARNING: Could not lock System prefs. Unix error code 2.
2025-09-30 08:24:49,568 [ERROR] LogOutputStream:75 - [STDERR_REDIRECT] 
2025-09-30 08:24:49,568 [ERROR] LogOutputStream:75 - [STDERR_REDIRECT] Sep 30, 2025 8:24:49 AM java.util.prefs.FileSystemPreferences syncWorld
2025-09-30 08:24:49,569 [ERROR] LogOutputStream:75 - [STDERR_REDIRECT] WARNING: Couldn't flush system prefs: java.util.prefs.BackingStoreException: Couldn't get file lock.
2025-09-30 08:24:49,569 [ERROR] LogOutputStream:75 - [STDERR_REDIRECT] 
2025-09-30 08:25:38,017 [ERROR] LogOutputStream:75 - [STDERR_REDIRECT] Sep 30, 2025 8:25:38 AM java.util.prefs.FileSystemPreferences checkLockFile0ErrorCode
2025-09-30 08:25:38,017 [ERROR] LogOutputStream:75 - [STDERR_REDIRECT] WARNING: Could not lock System prefs. Unix error code 2.
2025-09-30 08:25:38,017 [ERROR] LogOutputStream:75 - [STDERR_REDIRECT] 
2025-09-30 08:25:38,018 [ERROR] LogOutputStream:75 - [STDERR_REDIRECT] Sep 30, 2025 8:25:38 AM java.util.prefs.FileSystemPreferences syncWorld
2025-09-30 08:25:38,018 [ERROR] LogOutputStream:75 - [STDERR_REDIRECT] WARNING: Couldn't flush system prefs: java.util.prefs.BackingStoreException: Couldn't get file lock.
2025-09-30 08:25:38,018 [ERROR] LogOutputStream:75 - [STDERR_REDIRECT] 
2025-09-30 08:35:33,278 [ERROR] LogOutputStream:75 - [STDERR_REDIRECT] Sep 30, 2025 8:35:33 AM java.util.prefs.FileSystemPreferences checkLockFile0ErrorCode
2025-09-30 08:35:33,279 [ERROR] LogOutputStream:75 - [STDERR_REDIRECT] WARNING: Could not lock System prefs. Unix error code 2.
2025-09-30 08:35:33,279 [ERROR] LogOutputStream:75 - [STDERR_REDIRECT] 
2025-09-30 08:35:33,279 [ERROR] LogOutputStream:75 - [STDERR_REDIRECT] Sep 30, 2025 8:35:33 AM java.util.prefs.FileSystemPreferences syncWorld
2025-09-30 08:35:33,279 [ERROR] LogOutputStream:75 - [STDERR_REDIRECT] WARNING: Couldn't flush system prefs: java.util.prefs.BackingStoreException: Couldn't get file lock.
2025-09-30 08:35:33,279 [ERROR] LogOutputStream:75 - [STDERR_REDIRECT] 
2025-09-30 08:36:37,436 [ERROR] LogOutputStream:75 - [STDERR_REDIRECT] Sep 30, 2025 8:36:37 AM java.util.prefs.FileSystemPreferences checkLockFile0ErrorCode
2025-09-30 08:36:37,436 [ERROR] LogOutputStream:75 - [STDERR_REDIRECT] WARNING: Could not lock System prefs. Unix error code 2.
2025-09-30 08:36:37,436 [ERROR] LogOutputStream:75 - [STDERR_REDIRECT] 
2025-09-30 08:36:37,436 [ERROR] LogOutputStream:75 - [STDERR_REDIRECT] Sep 30, 2025 8:36:37 AM java.util.prefs.FileSystemPreferences syncWorld
2025-09-30 08:36:37,437 [ERROR] LogOutputStream:75 - [STDERR_REDIRECT] WARNING: Couldn't flush system prefs: java.util.prefs.BackingStoreException: Couldn't get file lock.
2025-09-30 08:36:37,437 [ERROR] LogOutputStream:75 - [STDERR_REDIRECT] 
2025-09-30 08:37:34,798 [ERROR] LogOutputStream:75 - [STDERR_REDIRECT] Sep 30, 2025 8:37:34 AM java.util.prefs.FileSystemPreferences checkLockFile0ErrorCode
2025-09-30 08:37:34,799 [ERROR] LogOutputStream:75 - [STDERR_REDIRECT] WARNING: Could not lock System prefs. Unix error code 2.
2025-09-30 08:37:34,799 [ERROR] LogOutputStream:75 - [STDERR_REDIRECT] 
2025-09-30 08:37:34,799 [ERROR] LogOutputStream:75 - [STDERR_REDIRECT] Sep 30, 2025 8:37:34 AM java.util.prefs.FileSystemPreferences syncWorld
2025-09-30 08:37:34,799 [ERROR] LogOutputStream:75 - [STDERR_REDIRECT] WARNING: Couldn't flush system prefs: java.util.prefs.BackingStoreException: Couldn't get file lock.
2025-09-30 08:37:34,799 [ERROR] LogOutputStream:75 - [STDERR_REDIRECT] 
2025-09-30 08:39:11,041 [ERROR] LogOutputStream:75 - [STDERR_REDIRECT] Sep 30, 2025 8:39:11 AM java.util.prefs.FileSystemPreferences checkLockFile0ErrorCode
2025-09-30 08:39:11,042 [ERROR] LogOutputStream:75 - [STDERR_REDIRECT] WARNING: Could not lock System prefs. Unix error code 2.
2025-09-30 08:39:11,042 [ERROR] LogOutputStream:75 - [STDERR_REDIRECT] 
2025-09-30 08:39:11,042 [ERROR] LogOutputStream:75 - [STDERR_REDIRECT] Sep 30, 2025 8:39:11 AM java.util.prefs.FileSystemPreferences syncWorld
2025-09-30 08:39:11,042 [ERROR] LogOutputStream:75 - [STDERR_REDIRECT] WARNING: Couldn't flush system prefs: java.util.prefs.BackingStoreException: Couldn't get file lock.
2025-09-30 08:39:11,042 [ERROR] LogOutputStream:75 - [STDERR_REDIRECT] 
2025-09-30 08:39:43,698 [ERROR] LogOutputStream:75 - [STDERR_REDIRECT] Sep 30, 2025 8:39:43 AM java.util.prefs.FileSystemPreferences checkLockFile0ErrorCode
2025-09-30 08:39:43,698 [ERROR] LogOutputStream:75 - [STDERR_REDIRECT] WARNING: Could not lock System prefs. Unix error code 2.
2025-09-30 08:39:43,698 [ERROR] LogOutputStream:75 - [STDERR_REDIRECT] 
2025-09-30 08:39:43,699 [ERROR] LogOutputStream:75 - [STDERR_REDIRECT] Sep 30, 2025 8:39:43 AM java.util.prefs.FileSystemPreferences syncWorld
2025-09-30 08:39:43,699 [ERROR] LogOutputStream:75 - [STDERR_REDIRECT] WARNING: Couldn't flush system prefs: java.util.prefs.BackingStoreException: Couldn't get file lock.
2025-09-30 08:39:43,699 [ERROR] LogOutputStream:75 - [STDERR_REDIRECT] 
2025-09-30 08:41:10,507 [ERROR] LogOutputStream:75 - [STDERR_REDIRECT] Sep 30, 2025 8:41:10 AM java.util.prefs.FileSystemPreferences checkLockFile0ErrorCode
2025-09-30 08:41:10,508 [ERROR] LogOutputStream:75 - [STDERR_REDIRECT] WARNING: Could not lock System prefs. Unix error code 2.
2025-09-30 08:41:10,508 [ERROR] LogOutputStream:75 - [STDERR_REDIRECT] 
2025-09-30 08:41:10,508 [ERROR] LogOutputStream:75 - [STDERR_REDIRECT] Sep 30, 2025 8:41:10 AM java.util.prefs.FileSystemPreferences syncWorld
2025-09-30 08:41:10,508 [ERROR] LogOutputStream:75 - [STDERR_REDIRECT] WARNING: Couldn't flush system prefs: java.util.prefs.BackingStoreException: Couldn't get file lock.
2025-09-30 08:41:10,508 [ERROR] LogOutputStream:75 - [STDERR_REDIRECT] 
2025-09-30 08:43:51,304 [ERROR] LogOutputStream:75 - [STDERR_REDIRECT] Sep 30, 2025 8:43:51 AM java.util.prefs.FileSystemPreferences checkLockFile0ErrorCode
2025-09-30 08:43:51,305 [ERROR] LogOutputStream:75 - [STDERR_REDIRECT] WARNING: Could not lock System prefs. Unix error code 2.
2025-09-30 08:43:51,305 [ERROR] LogOutputStream:75 - [STDERR_REDIRECT] 
2025-09-30 08:43:51,305 [ERROR] LogOutputStream:75 - [STDERR_REDIRECT] Sep 30, 2025 8:43:51 AM java.util.prefs.FileSystemPreferences syncWorld
2025-09-30 08:43:51,305 [ERROR] LogOutputStream:75 - [STDERR_REDIRECT] WARNING: Couldn't flush system prefs: java.util.prefs.BackingStoreException: Couldn't get file lock.
2025-09-30 08:43:51,305 [ERROR] LogOutputStream:75 - [STDERR_REDIRECT] 
2025-09-30 08:49:36,934 [ERROR] LogOutputStream:75 - [STDERR_REDIRECT] Sep 30, 2025 8:49:36 AM java.util.prefs.FileSystemPreferences checkLockFile0ErrorCode
2025-09-30 08:49:36,934 [ERROR] LogOutputStream:75 - [STDERR_REDIRECT] WARNING: Could not lock System prefs. Unix error code 2.
2025-09-30 08:49:36,934 [ERROR] LogOutputStream:75 - [STDERR_REDIRECT] 
2025-09-30 08:49:36,935 [ERROR] LogOutputStream:75 - [STDERR_REDIRECT] Sep 30, 2025 8:49:36 AM java.util.prefs.FileSystemPreferences syncWorld
2025-09-30 08:49:36,935 [ERROR] LogOutputStream:75 - [STDERR_REDIRECT] WARNING: Couldn't flush system prefs: java.util.prefs.BackingStoreException: Couldn't get file lock.
2025-09-30 08:49:36,935 [ERROR] LogOutputStream:75 - [STDERR_REDIRECT] 
2025-09-30 08:50:06,934 [ERROR] LogOutputStream:75 - [STDERR_REDIRECT] Sep 30, 2025 8:50:06 AM java.util.prefs.FileSystemPreferences checkLockFile0ErrorCode
2025-09-30 08:50:06,934 [ERROR] LogOutputStream:75 - [STDERR_REDIRECT] WARNING: Could not lock System prefs. Unix error code 2.
2025-09-30 08:50:06,934 [ERROR] LogOutputStream:75 - [STDERR_REDIRECT] 
2025-09-30 08:50:06,935 [ERROR] LogOutputStream:75 - [STDERR_REDIRECT] Sep 30, 2025 8:50:06 AM java.util.prefs.FileSystemPreferences syncWorld
2025-09-30 08:50:06,935 [ERROR] LogOutputStream:75 - [STDERR_REDIRECT] WARNING: Couldn't flush system prefs: java.util.prefs.BackingStoreException: Couldn't get file lock.
2025-09-30 08:50:06,935 [ERROR] LogOutputStream:75 - [STDERR_REDIRECT] 
2025-09-30 08:50:36,936 [ERROR] LogOutputStream:75 - [STDERR_REDIRECT] Sep 30, 2025 8:50:36 AM java.util.prefs.FileSystemPreferences checkLockFile0ErrorCode
2025-09-30 08:50:36,936 [ERROR] LogOutputStream:75 - [STDERR_REDIRECT] WARNING: Could not lock System prefs. Unix error code 2.
2025-09-30 08:50:36,936 [ERROR] LogOutputStream:75 - [STDERR_REDIRECT] 
2025-09-30 08:50:36,937 [ERROR] LogOutputStream:75 - [STDERR_REDIRECT] Sep 30, 2025 8:50:36 AM java.util.prefs.FileSystemPreferences syncWorld
2025-09-30 08:50:36,937 [ERROR] LogOutputStream:75 - [STDERR_REDIRECT] WARNING: Couldn't flush system prefs: java.util.prefs.BackingStoreException: Couldn't get file lock.
2025-09-30 08:50:36,937 [ERROR] LogOutputStream:75 - [STDERR_REDIRECT] 
2025-09-30 08:51:09,335 [ERROR] LogOutputStream:75 - [STDERR_REDIRECT] Sep 30, 2025 8:51:09 AM java.util.prefs.FileSystemPreferences checkLockFile0ErrorCode
2025-09-30 08:51:09,336 [ERROR] LogOutputStream:75 - [STDERR_REDIRECT] WARNING: Could not lock System prefs. Unix error code 2.
2025-09-30 08:51:09,336 [ERROR] LogOutputStream:75 - [STDERR_REDIRECT] 
2025-09-30 08:51:09,336 [ERROR] LogOutputStream:75 - [STDERR_REDIRECT] Sep 30, 2025 8:51:09 AM java.util.prefs.FileSystemPreferences syncWorld
2025-09-30 08:51:09,336 [ERROR] LogOutputStream:75 - [STDERR_REDIRECT] WARNING: Couldn't flush system prefs: java.util.prefs.BackingStoreException: Couldn't get file lock.
2025-09-30 08:51:09,336 [ERROR] LogOutputStream:75 - [STDERR_REDIRECT] 
2025-09-30 08:51:43,910 [ERROR] LogOutputStream:75 - [STDERR_REDIRECT] Sep 30, 2025 8:51:43 AM java.util.prefs.FileSystemPreferences checkLockFile0ErrorCode
2025-09-30 08:51:43,910 [ERROR] LogOutputStream:75 - [STDERR_REDIRECT] WARNING: Could not lock System prefs. Unix error code 2.
2025-09-30 08:51:43,911 [ERROR] LogOutputStream:75 - [STDERR_REDIRECT] 
2025-09-30 08:51:43,911 [ERROR] LogOutputStream:75 - [STDERR_REDIRECT] Sep 30, 2025 8:51:43 AM java.util.prefs.FileSystemPreferences syncWorld
2025-09-30 08:51:43,911 [ERROR] LogOutputStream:75 - [STDERR_REDIRECT] WARNING: Couldn't flush system prefs: java.util.prefs.BackingStoreException: Couldn't get file lock.
2025-09-30 08:51:43,911 [ERROR] LogOutputStream:75 - [STDERR_REDIRECT] 
2025-09-30 08:52:13,910 [ERROR] LogOutputStream:75 - [STDERR_REDIRECT] Sep 30, 2025 8:52:13 AM java.util.prefs.FileSystemPreferences checkLockFile0ErrorCode
2025-09-30 08:52:13,911 [ERROR] LogOutputStream:75 - [STDERR_REDIRECT] WARNING: Could not lock System prefs. Unix error code 2.
2025-09-30 08:52:13,911 [ERROR] LogOutputStream:75 - [STDERR_REDIRECT] 
2025-09-30 08:52:13,911 [ERROR] LogOutputStream:75 - [STDERR_REDIRECT] Sep 30, 2025 8:52:13 AM java.util.prefs.FileSystemPreferences syncWorld
2025-09-30 08:52:13,911 [ERROR] LogOutputStream:75 - [STDERR_REDIRECT] WARNING: Couldn't flush system prefs: java.util.prefs.BackingStoreException: Couldn't get file lock.
2025-09-30 08:52:13,911 [ERROR] LogOutputStream:75 - [STDERR_REDIRECT] 
2025-09-30 08:52:43,910 [ERROR] LogOutputStream:75 - [STDERR_REDIRECT] Sep 30, 2025 8:52:43 AM java.util.prefs.FileSystemPreferences checkLockFile0ErrorCode
2025-09-30 08:52:43,911 [ERROR] LogOutputStream:75 - [STDERR_REDIRECT] WARNING: Could not lock System prefs. Unix error code 2.
2025-09-30 08:52:43,911 [ERROR] LogOutputStream:75 - [STDERR_REDIRECT] 
2025-09-30 08:52:43,911 [ERROR] LogOutputStream:75 - [STDERR_REDIRECT] Sep 30, 2025 8:52:43 AM java.util.prefs.FileSystemPreferences syncWorld
2025-09-30 08:52:43,911 [ERROR] LogOutputStream:75 - [STDERR_REDIRECT] WARNING: Couldn't flush system prefs: java.util.prefs.BackingStoreException: Couldn't get file lock.
2025-09-30 08:52:43,911 [ERROR] LogOutputStream:75 - [STDERR_REDIRECT] 
2025-09-30 08:56:34,353 [ERROR] LogOutputStream:75 - [STDERR_REDIRECT] Sep 30, 2025 8:56:34 AM java.util.prefs.FileSystemPreferences checkLockFile0ErrorCode
2025-09-30 08:56:34,354 [ERROR] LogOutputStream:75 - [STDERR_REDIRECT] WARNING: Could not lock System prefs. Unix error code 2.
2025-09-30 08:56:34,354 [ERROR] LogOutputStream:75 - [STDERR_REDIRECT] 
2025-09-30 08:56:34,354 [ERROR] LogOutputStream:75 - [STDERR_REDIRECT] Sep 30, 2025 8:56:34 AM java.util.prefs.FileSystemPreferences syncWorld
2025-09-30 08:56:34,354 [ERROR] LogOutputStream:75 - [STDERR_REDIRECT] WARNING: Couldn't flush system prefs: java.util.prefs.BackingStoreException: Couldn't get file lock.
2025-09-30 08:56:34,354 [ERROR] LogOutputStream:75 - [STDERR_REDIRECT] 
2025-09-30 09:01:05,951 [ERROR] LogOutputStream:75 - [STDERR_REDIRECT] Sep 30, 2025 9:01:05 AM java.util.prefs.FileSystemPreferences checkLockFile0ErrorCode
2025-09-30 09:01:05,951 [ERROR] LogOutputStream:75 - [STDERR_REDIRECT] WARNING: Could not lock System prefs. Unix error code 2.
2025-09-30 09:01:05,951 [ERROR] LogOutputStream:75 - [STDERR_REDIRECT] 
2025-09-30 09:01:05,952 [ERROR] LogOutputStream:75 - [STDERR_REDIRECT] Sep 30, 2025 9:01:05 AM java.util.prefs.FileSystemPreferences syncWorld
2025-09-30 09:01:05,952 [ERROR] LogOutputStream:75 - [STDERR_REDIRECT] WARNING: Couldn't flush system prefs: java.util.prefs.BackingStoreException: Couldn't get file lock.
2025-09-30 09:01:05,952 [ERROR] LogOutputStream:75 - [STDERR_REDIRECT] 
2025-09-30 09:01:35,953 [ERROR] LogOutputStream:75 - [STDERR_REDIRECT] Sep 30, 2025 9:01:35 AM java.util.prefs.FileSystemPreferences checkLockFile0ErrorCode
2025-09-30 09:01:35,953 [ERROR] LogOutputStream:75 - [STDERR_REDIRECT] WARNING: Could not lock System prefs. Unix error code 2.
2025-09-30 09:01:35,953 [ERROR] LogOutputStream:75 - [STDERR_REDIRECT] 
2025-09-30 09:01:35,953 [ERROR] LogOutputStream:75 - [STDERR_REDIRECT] Sep 30, 2025 9:01:35 AM java.util.prefs.FileSystemPreferences syncWorld
2025-09-30 09:01:35,954 [ERROR] LogOutputStream:75 - [STDERR_REDIRECT] WARNING: Couldn't flush system prefs: java.util.prefs.BackingStoreException: Couldn't get file lock.
2025-09-30 09:01:35,954 [ERROR] LogOutputStream:75 - [STDERR_REDIRECT] 
2025-09-30 09:26:17,588 [ERROR] LogOutputStream:75 - [STDERR_REDIRECT] Sep 30, 2025 9:26:17 AM java.util.prefs.FileSystemPreferences checkLockFile0ErrorCode
2025-09-30 09:26:17,588 [ERROR] LogOutputStream:75 - [STDERR_REDIRECT] WARNING: Could not lock System prefs. Unix error code 2.
2025-09-30 09:26:17,589 [ERROR] LogOutputStream:75 - [STDERR_REDIRECT] 
2025-09-30 09:26:17,589 [ERROR] LogOutputStream:75 - [STDERR_REDIRECT] Sep 30, 2025 9:26:17 AM java.util.prefs.FileSystemPreferences syncWorld
2025-09-30 09:26:17,589 [ERROR] LogOutputStream:75 - [STDERR_REDIRECT] WARNING: Couldn't flush system prefs: java.util.prefs.BackingStoreException: Couldn't get file lock.
2025-09-30 09:26:17,589 [ERROR] LogOutputStream:75 - [STDERR_REDIRECT] 
2025-09-30 10:27:38,577 [ERROR] LogOutputStream:75 - [STDERR_REDIRECT] Sep 30, 2025 10:27:38 AM java.util.prefs.FileSystemPreferences checkLockFile0ErrorCode
2025-09-30 10:27:38,577 [ERROR] LogOutputStream:75 - [STDERR_REDIRECT] WARNING: Could not lock System prefs. Unix error code 2.
2025-09-30 10:27:38,577 [ERROR] LogOutputStream:75 - [STDERR_REDIRECT] 
2025-09-30 10:27:38,577 [ERROR] LogOutputStream:75 - [STDERR_REDIRECT] Sep 30, 2025 10:27:38 AM java.util.prefs.FileSystemPreferences syncWorld
2025-09-30 10:27:38,577 [ERROR] LogOutputStream:75 - [STDERR_REDIRECT] WARNING: Couldn't flush system prefs: java.util.prefs.BackingStoreException: Couldn't get file lock.
2025-09-30 10:27:38,578 [ERROR] LogOutputStream:75 - [STDERR_REDIRECT] 
2025-09-30 11:02:38,925 [ERROR] LogOutputStream:75 - [STDERR_REDIRECT] Sep 30, 2025 11:02:38 AM java.util.prefs.FileSystemPreferences checkLockFile0ErrorCode
2025-09-30 11:02:38,925 [ERROR] LogOutputStream:75 - [STDERR_REDIRECT] WARNING: Could not lock System prefs. Unix error code 2.
2025-09-30 11:02:38,925 [ERROR] LogOutputStream:75 - [STDERR_REDIRECT] 
2025-09-30 11:02:38,925 [ERROR] LogOutputStream:75 - [STDERR_REDIRECT] Sep 30, 2025 11:02:38 AM java.util.prefs.FileSystemPreferences syncWorld
2025-09-30 11:02:38,925 [ERROR] LogOutputStream:75 - [STDERR_REDIRECT] WARNING: Couldn't flush system prefs: java.util.prefs.BackingStoreException: Couldn't get file lock.
2025-09-30 11:02:38,926 [ERROR] LogOutputStream:75 - [STDERR_REDIRECT] 
2025-09-30 11:03:08,925 [ERROR] LogOutputStream:75 - [STDERR_REDIRECT] Sep 30, 2025 11:03:08 AM java.util.prefs.FileSystemPreferences checkLockFile0ErrorCode
2025-09-30 11:03:08,925 [ERROR] LogOutputStream:75 - [STDERR_REDIRECT] WARNING: Could not lock System prefs. Unix error code 2.
2025-09-30 11:03:08,925 [ERROR] LogOutputStream:75 - [STDERR_REDIRECT] 
2025-09-30 11:03:08,925 [ERROR] LogOutputStream:75 - [STDERR_REDIRECT] Sep 30, 2025 11:03:08 AM java.util.prefs.FileSystemPreferences syncWorld
2025-09-30 11:03:08,925 [ERROR] LogOutputStream:75 - [STDERR_REDIRECT] WARNING: Couldn't flush system prefs: java.util.prefs.BackingStoreException: Couldn't get file lock.
2025-09-30 11:03:08,926 [ERROR] LogOutputStream:75 - [STDERR_REDIRECT] 
2025-09-30 11:04:49,605 [ERROR] LogOutputStream:75 - [STDERR_REDIRECT] Sep 30, 2025 11:04:49 AM java.util.prefs.FileSystemPreferences checkLockFile0ErrorCode
2025-09-30 11:04:49,605 [ERROR] LogOutputStream:75 - [STDERR_REDIRECT] WARNING: Could not lock System prefs. Unix error code 2.
2025-09-30 11:04:49,605 [ERROR] LogOutputStream:75 - [STDERR_REDIRECT] 
2025-09-30 11:04:49,605 [ERROR] LogOutputStream:75 - [STDERR_REDIRECT] Sep 30, 2025 11:04:49 AM java.util.prefs.FileSystemPreferences syncWorld
2025-09-30 11:04:49,606 [ERROR] LogOutputStream:75 - [STDERR_REDIRECT] WARNING: Couldn't flush system prefs: java.util.prefs.BackingStoreException: Couldn't get file lock.
2025-09-30 11:04:49,606 [ERROR] LogOutputStream:75 - [STDERR_REDIRECT] 
2025-09-30 11:05:19,605 [ERROR] LogOutputStream:75 - [STDERR_REDIRECT] Sep 30, 2025 11:05:19 AM java.util.prefs.FileSystemPreferences checkLockFile0ErrorCode
2025-09-30 11:05:19,606 [ERROR] LogOutputStream:75 - [STDERR_REDIRECT] WARNING: Could not lock System prefs. Unix error code 2.
2025-09-30 11:05:19,606 [ERROR] LogOutputStream:75 - [STDERR_REDIRECT] 
2025-09-30 11:05:19,606 [ERROR] LogOutputStream:75 - [STDERR_REDIRECT] Sep 30, 2025 11:05:19 AM java.util.prefs.FileSystemPreferences syncWorld
2025-09-30 11:05:19,606 [ERROR] LogOutputStream:75 - [STDERR_REDIRECT] WARNING: Couldn't flush system prefs: java.util.prefs.BackingStoreException: Couldn't get file lock.
2025-09-30 11:05:19,606 [ERROR] LogOutputStream:75 - [STDERR_REDIRECT] 
2025-09-30 11:05:49,606 [ERROR] LogOutputStream:75 - [STDERR_REDIRECT] Sep 30, 2025 11:05:49 AM java.util.prefs.FileSystemPreferences checkLockFile0ErrorCode
2025-09-30 11:05:49,606 [ERROR] LogOutputStream:75 - [STDERR_REDIRECT] WARNING: Could not lock System prefs. Unix error code 2.
2025-09-30 11:05:49,606 [ERROR] LogOutputStream:75 - [STDERR_REDIRECT] 
2025-09-30 11:05:49,607 [ERROR] LogOutputStream:75 - [STDERR_REDIRECT] Sep 30, 2025 11:05:49 AM java.util.prefs.FileSystemPreferences syncWorld
2025-09-30 11:05:49,607 [ERROR] LogOutputStream:75 - [STDERR_REDIRECT] WARNING: Couldn't flush system prefs: java.util.prefs.BackingStoreException: Couldn't get file lock.
2025-09-30 11:05:49,607 [ERROR] LogOutputStream:75 - [STDERR_REDIRECT] 
2025-09-30 11:06:19,606 [ERROR] LogOutputStream:75 - [STDERR_REDIRECT] Sep 30, 2025 11:06:19 AM java.util.prefs.FileSystemPreferences checkLockFile0ErrorCode
2025-09-30 11:06:19,607 [ERROR] LogOutputStream:75 - [STDERR_REDIRECT] WARNING: Could not lock System prefs. Unix error code 2.
2025-09-30 11:06:19,607 [ERROR] LogOutputStream:75 - [STDERR_REDIRECT] 
2025-09-30 11:06:19,607 [ERROR] LogOutputStream:75 - [STDERR_REDIRECT] Sep 30, 2025 11:06:19 AM java.util.prefs.FileSystemPreferences syncWorld
2025-09-30 11:06:19,607 [ERROR] LogOutputStream:75 - [STDERR_REDIRECT] WARNING: Couldn't flush system prefs: java.util.prefs.BackingStoreException: Couldn't get file lock.
2025-09-30 11:06:19,608 [ERROR] LogOutputStream:75 - [STDERR_REDIRECT] 
2025-09-30 11:06:49,607 [ERROR] LogOutputStream:75 - [STDERR_REDIRECT] Sep 30, 2025 11:06:49 AM java.util.prefs.FileSystemPreferences checkLockFile0ErrorCode
2025-09-30 11:06:49,607 [ERROR] LogOutputStream:75 - [STDERR_REDIRECT] WARNING: Could not lock System prefs. Unix error code 2.
2025-09-30 11:06:49,607 [ERROR] LogOutputStream:75 - [STDERR_REDIRECT] 
2025-09-30 11:06:49,607 [ERROR] LogOutputStream:75 - [STDERR_REDIRECT] Sep 30, 2025 11:06:49 AM java.util.prefs.FileSystemPreferences syncWorld
2025-09-30 11:06:49,607 [ERROR] LogOutputStream:75 - [STDERR_REDIRECT] WARNING: Couldn't flush system prefs: java.util.prefs.BackingStoreException: Couldn't get file lock.
2025-09-30 11:06:49,607 [ERROR] LogOutputStream:75 - [STDERR_REDIRECT] 
2025-09-30 11:07:19,607 [ERROR] LogOutputStream:75 - [STDERR_REDIRECT] Sep 30, 2025 11:07:19 AM java.util.prefs.FileSystemPreferences checkLockFile0ErrorCode
2025-09-30 11:07:19,607 [ERROR] LogOutputStream:75 - [STDERR_REDIRECT] WARNING: Could not lock System prefs. Unix error code 2.
2025-09-30 11:07:19,607 [ERROR] LogOutputStream:75 - [STDERR_REDIRECT] 
2025-09-30 11:07:19,607 [ERROR] LogOutputStream:75 - [STDERR_REDIRECT] Sep 30, 2025 11:07:19 AM java.util.prefs.FileSystemPreferences syncWorld
2025-09-30 11:07:19,608 [ERROR] LogOutputStream:75 - [STDERR_REDIRECT] WARNING: Couldn't flush system prefs: java.util.prefs.BackingStoreException: Couldn't get file lock.
2025-09-30 11:07:19,608 [ERROR] LogOutputStream:75 - [STDERR_REDIRECT] 
2025-09-30 11:09:29,880 [ERROR] LogOutputStream:75 - [STDERR_REDIRECT] Sep 30, 2025 11:09:29 AM java.util.prefs.FileSystemPreferences checkLockFile0ErrorCode
2025-09-30 11:09:29,880 [ERROR] LogOutputStream:75 - [STDERR_REDIRECT] WARNING: Could not lock System prefs. Unix error code 2.
2025-09-30 11:09:29,880 [ERROR] LogOutputStream:75 - [STDERR_REDIRECT] 
2025-09-30 11:09:29,880 [ERROR] LogOutputStream:75 - [STDERR_REDIRECT] Sep 30, 2025 11:09:29 AM java.util.prefs.FileSystemPreferences syncWorld
2025-09-30 11:09:29,881 [ERROR] LogOutputStream:75 - [STDERR_REDIRECT] WARNING: Couldn't flush system prefs: java.util.prefs.BackingStoreException: Couldn't get file lock.
2025-09-30 11:09:29,881 [ERROR] LogOutputStream:75 - [STDERR_REDIRECT] 
2025-09-30 11:09:59,878 [ERROR] LogOutputStream:75 - [STDERR_REDIRECT] Sep 30, 2025 11:09:59 AM java.util.prefs.FileSystemPreferences checkLockFile0ErrorCode
2025-09-30 11:09:59,878 [ERROR] LogOutputStream:75 - [STDERR_REDIRECT] WARNING: Could not lock System prefs. Unix error code 2.
2025-09-30 11:09:59,878 [ERROR] LogOutputStream:75 - [STDERR_REDIRECT] 
2025-09-30 11:09:59,878 [ERROR] LogOutputStream:75 - [STDERR_REDIRECT] Sep 30, 2025 11:09:59 AM java.util.prefs.FileSystemPreferences syncWorld
2025-09-30 11:09:59,879 [ERROR] LogOutputStream:75 - [STDERR_REDIRECT] WARNING: Couldn't flush system prefs: java.util.prefs.BackingStoreException: Couldn't get file lock.
2025-09-30 11:09:59,879 [ERROR] LogOutputStream:75 - [STDERR_REDIRECT] 
2025-09-30 11:10:16,476 [ERROR] LogOutputStream:75 - [STDERR_REDIRECT] 11:10:16.473 ERROR Chromium process exit code: 139
2025-09-30 11:10:16,477 [ERROR] LogOutputStream:75 - [STDERR_REDIRECT] 
2025-09-30 11:10:16,478 [ERROR] LogOutputStream:75 - [STDERR_REDIRECT] 11:10:16.478 ERROR Crash dump dir: /home/stellarbeing22/.config/jxbrowser/7.41.4/crash-reports
2025-09-30 11:10:16,478 [ERROR] LogOutputStream:75 - [STDERR_REDIRECT] 
2025-09-30 11:10:29,877 [ERROR] LogOutputStream:75 - [STDERR_REDIRECT] Sep 30, 2025 11:10:29 AM java.util.prefs.FileSystemPreferences checkLockFile0ErrorCode
2025-09-30 11:10:29,877 [ERROR] LogOutputStream:75 - [STDERR_REDIRECT] WARNING: Could not lock System prefs. Unix error code 2.
2025-09-30 11:10:29,878 [ERROR] LogOutputStream:75 - [STDERR_REDIRECT] 
2025-09-30 11:10:29,878 [ERROR] LogOutputStream:75 - [STDERR_REDIRECT] Sep 30, 2025 11:10:29 AM java.util.prefs.FileSystemPreferences syncWorld
2025-09-30 11:10:29,878 [ERROR] LogOutputStream:75 - [STDERR_REDIRECT] WARNING: Couldn't flush system prefs: java.util.prefs.BackingStoreException: Couldn't get file lock.
2025-09-30 11:10:29,878 [ERROR] LogOutputStream:75 - [STDERR_REDIRECT] 
2025-09-30 11:10:59,879 [ERROR] LogOutputStream:75 - [STDERR_REDIRECT] Sep 30, 2025 11:10:59 AM java.util.prefs.FileSystemPreferences checkLockFile0ErrorCode
2025-09-30 11:10:59,879 [ERROR] LogOutputStream:75 - [STDERR_REDIRECT] WARNING: Could not lock System prefs. Unix error code 2.
2025-09-30 11:10:59,879 [ERROR] LogOutputStream:75 - [STDERR_REDIRECT] 
2025-09-30 11:10:59,880 [ERROR] LogOutputStream:75 - [STDERR_REDIRECT] Sep 30, 2025 11:10:59 AM java.util.prefs.FileSystemPreferences syncWorld
2025-09-30 11:10:59,880 [ERROR] LogOutputStream:75 - [STDERR_REDIRECT] WARNING: Couldn't flush system prefs: java.util.prefs.BackingStoreException: Couldn't get file lock.
2025-09-30 11:10:59,880 [ERROR] LogOutputStream:75 - [STDERR_REDIRECT] 
2025-09-30 11:11:29,877 [ERROR] LogOutputStream:75 - [STDERR_REDIRECT] Sep 30, 2025 11:11:29 AM java.util.prefs.FileSystemPreferences checkLockFile0ErrorCode
2025-09-30 11:11:29,877 [ERROR] LogOutputStream:75 - [STDERR_REDIRECT] WARNING: Could not lock System prefs. Unix error code 2.
2025-09-30 11:11:29,877 [ERROR] LogOutputStream:75 - [STDERR_REDIRECT] 
2025-09-30 11:11:29,877 [ERROR] LogOutputStream:75 - [STDERR_REDIRECT] Sep 30, 2025 11:11:29 AM java.util.prefs.FileSystemPreferences syncWorld
2025-09-30 11:11:29,878 [ERROR] LogOutputStream:75 - [STDERR_REDIRECT] WARNING: Couldn't flush system prefs: java.util.prefs.BackingStoreException: Couldn't get file lock.
2025-09-30 11:11:29,878 [ERROR] LogOutputStream:75 - [STDERR_REDIRECT] 
2025-09-30 11:11:59,877 [ERROR] LogOutputStream:75 - [STDERR_REDIRECT] Sep 30, 2025 11:11:59 AM java.util.prefs.FileSystemPreferences checkLockFile0ErrorCode
2025-09-30 11:11:59,877 [ERROR] LogOutputStream:75 - [STDERR_REDIRECT] WARNING: Could not lock System prefs. Unix error code 2.
2025-09-30 11:11:59,877 [ERROR] LogOutputStream:75 - [STDERR_REDIRECT] 
2025-09-30 11:11:59,877 [ERROR] LogOutputStream:75 - [STDERR_REDIRECT] Sep 30, 2025 11:11:59 AM java.util.prefs.FileSystemPreferences syncWorld
2025-09-30 11:11:59,877 [ERROR] LogOutputStream:75 - [STDERR_REDIRECT] WARNING: Couldn't flush system prefs: java.util.prefs.BackingStoreException: Couldn't get file lock.
2025-09-30 11:11:59,877 [ERROR] LogOutputStream:75 - [STDERR_REDIRECT] 
2025-09-30 11:12:29,878 [ERROR] LogOutputStream:75 - [STDERR_REDIRECT] Sep 30, 2025 11:12:29 AM java.util.prefs.FileSystemPreferences checkLockFile0ErrorCode
2025-09-30 11:12:29,879 [ERROR] LogOutputStream:75 - [STDERR_REDIRECT] WARNING: Could not lock System prefs. Unix error code 2.
2025-09-30 11:12:29,879 [ERROR] LogOutputStream:75 - [STDERR_REDIRECT] 
2025-09-30 11:12:29,879 [ERROR] LogOutputStream:75 - [STDERR_REDIRECT] Sep 30, 2025 11:12:29 AM java.util.prefs.FileSystemPreferences syncWorld
2025-09-30 11:12:29,879 [ERROR] LogOutputStream:75 - [STDERR_REDIRECT] WARNING: Couldn't flush system prefs: java.util.prefs.BackingStoreException: Couldn't get file lock.
2025-09-30 11:12:29,879 [ERROR] LogOutputStream:75 - [STDERR_REDIRECT] 
2025-09-30 12:25:38,372 [ERROR] LogOutputStream:75 - [STDERR_REDIRECT] Sep 30, 2025 12:25:38 PM java.util.prefs.FileSystemPreferences checkLockFile0ErrorCode
2025-09-30 12:25:38,372 [ERROR] LogOutputStream:75 - [STDERR_REDIRECT] WARNING: Could not lock System prefs. Unix error code 2.
2025-09-30 12:25:38,372 [ERROR] LogOutputStream:75 - [STDERR_REDIRECT] 
2025-09-30 12:25:38,372 [ERROR] LogOutputStream:75 - [STDERR_REDIRECT] Sep 30, 2025 12:25:38 PM java.util.prefs.FileSystemPreferences syncWorld
2025-09-30 12:25:38,372 [ERROR] LogOutputStream:75 - [STDERR_REDIRECT] WARNING: Couldn't flush system prefs: java.util.prefs.BackingStoreException: Couldn't get file lock.
2025-09-30 12:25:38,372 [ERROR] LogOutputStream:75 - [STDERR_REDIRECT] 
2025-09-30 12:26:08,372 [ERROR] LogOutputStream:75 - [STDERR_REDIRECT] Sep 30, 2025 12:26:08 PM java.util.prefs.FileSystemPreferences checkLockFile0ErrorCode
2025-09-30 12:26:08,372 [ERROR] LogOutputStream:75 - [STDERR_REDIRECT] WARNING: Could not lock System prefs. Unix error code 2.
2025-09-30 12:26:08,372 [ERROR] LogOutputStream:75 - [STDERR_REDIRECT] 
2025-09-30 12:26:08,373 [ERROR] LogOutputStream:75 - [STDERR_REDIRECT] Sep 30, 2025 12:26:08 PM java.util.prefs.FileSystemPreferences syncWorld
2025-09-30 12:26:08,373 [ERROR] LogOutputStream:75 - [STDERR_REDIRECT] WARNING: Couldn't flush system prefs: java.util.prefs.BackingStoreException: Couldn't get file lock.
2025-09-30 12:26:08,373 [ERROR] LogOutputStream:75 - [STDERR_REDIRECT] 
2025-09-30 12:26:38,847 [ERROR] LogOutputStream:75 - [STDERR_REDIRECT] Sep 30, 2025 12:26:38 PM java.util.prefs.FileSystemPreferences checkLockFile0ErrorCode
2025-09-30 12:26:38,847 [ERROR] LogOutputStream:75 - [STDERR_REDIRECT] WARNING: Could not lock System prefs. Unix error code 2.
2025-09-30 12:26:38,847 [ERROR] LogOutputStream:75 - [STDERR_REDIRECT] 
2025-09-30 12:26:38,848 [ERROR] LogOutputStream:75 - [STDERR_REDIRECT] Sep 30, 2025 12:26:38 PM java.util.prefs.FileSystemPreferences syncWorld
2025-09-30 12:26:38,848 [ERROR] LogOutputStream:75 - [STDERR_REDIRECT] WARNING: Couldn't flush system prefs: java.util.prefs.BackingStoreException: Couldn't get file lock.
2025-09-30 12:26:38,848 [ERROR] LogOutputStream:75 - [STDERR_REDIRECT] 
2025-09-30 12:44:08,694 [ERROR] LogOutputStream:75 - [STDERR_REDIRECT] Sep 30, 2025 12:44:08 PM java.util.prefs.FileSystemPreferences checkLockFile0ErrorCode
2025-09-30 12:44:08,694 [ERROR] LogOutputStream:75 - [STDERR_REDIRECT] WARNING: Could not lock System prefs. Unix error code 2.
2025-09-30 12:44:08,695 [ERROR] LogOutputStream:75 - [STDERR_REDIRECT] 
2025-09-30 12:44:08,695 [ERROR] LogOutputStream:75 - [STDERR_REDIRECT] Sep 30, 2025 12:44:08 PM java.util.prefs.FileSystemPreferences syncWorld
2025-09-30 12:44:08,695 [ERROR] LogOutputStream:75 - [STDERR_REDIRECT] WARNING: Couldn't flush system prefs: java.util.prefs.BackingStoreException: Couldn't get file lock.
2025-09-30 12:44:08,695 [ERROR] LogOutputStream:75 - [STDERR_REDIRECT] 
2025-09-30 12:48:10,628 [ERROR] LogOutputStream:75 - [STDERR_REDIRECT] Sep 30, 2025 12:48:10 PM java.util.prefs.FileSystemPreferences checkLockFile0ErrorCode
2025-09-30 12:48:10,628 [ERROR] LogOutputStream:75 - [STDERR_REDIRECT] WARNING: Could not lock System prefs. Unix error code 2.
2025-09-30 12:48:10,628 [ERROR] LogOutputStream:75 - [STDERR_REDIRECT] 
2025-09-30 12:48:10,628 [ERROR] LogOutputStream:75 - [STDERR_REDIRECT] Sep 30, 2025 12:48:10 PM java.util.prefs.FileSystemPreferences syncWorld
2025-09-30 12:48:10,629 [ERROR] LogOutputStream:75 - [STDERR_REDIRECT] WARNING: Couldn't flush system prefs: java.util.prefs.BackingStoreException: Couldn't get file lock.
2025-09-30 12:48:10,629 [ERROR] LogOutputStream:75 - [STDERR_REDIRECT] 
2025-09-30 13:41:22,668 [ERROR] LogOutputStream:75 - [STDERR_REDIRECT] Sep 30, 2025 1:41:22 PM java.util.prefs.FileSystemPreferences checkLockFile0ErrorCode
2025-09-30 13:41:22,668 [ERROR] LogOutputStream:75 - [STDERR_REDIRECT] WARNING: Could not lock System prefs. Unix error code 2.
2025-09-30 13:41:22,668 [ERROR] LogOutputStream:75 - [STDERR_REDIRECT] 
2025-09-30 13:41:22,668 [ERROR] LogOutputStream:75 - [STDERR_REDIRECT] Sep 30, 2025 1:41:22 PM java.util.prefs.FileSystemPreferences syncWorld
2025-09-30 13:41:22,669 [ERROR] LogOutputStream:75 - [STDERR_REDIRECT] WARNING: Couldn't flush system prefs: java.util.prefs.BackingStoreException: Couldn't get file lock.
2025-09-30 13:41:22,669 [ERROR] LogOutputStream:75 - [STDERR_REDIRECT] 
2025-09-30 13:41:52,669 [ERROR] LogOutputStream:75 - [STDERR_REDIRECT] Sep 30, 2025 1:41:52 PM java.util.prefs.FileSystemPreferences checkLockFile0ErrorCode
2025-09-30 13:41:52,669 [ERROR] LogOutputStream:75 - [STDERR_REDIRECT] WARNING: Could not lock System prefs. Unix error code 2.
2025-09-30 13:41:52,669 [ERROR] LogOutputStream:75 - [STDERR_REDIRECT] 
2025-09-30 13:41:52,670 [ERROR] LogOutputStream:75 - [STDERR_REDIRECT] Sep 30, 2025 1:41:52 PM java.util.prefs.FileSystemPreferences syncWorld
2025-09-30 13:41:52,670 [ERROR] LogOutputStream:75 - [STDERR_REDIRECT] WARNING: Couldn't flush system prefs: java.util.prefs.BackingStoreException: Couldn't get file lock.
2025-09-30 13:41:52,670 [ERROR] LogOutputStream:75 - [STDERR_REDIRECT] 
2025-09-30 13:42:22,668 [ERROR] LogOutputStream:75 - [STDERR_REDIRECT] Sep 30, 2025 1:42:22 PM java.util.prefs.FileSystemPreferences checkLockFile0ErrorCode
2025-09-30 13:42:22,668 [ERROR] LogOutputStream:75 - [STDERR_REDIRECT] WARNING: Could not lock System prefs. Unix error code 2.
2025-09-30 13:42:22,668 [ERROR] LogOutputStream:75 - [STDERR_REDIRECT] 
2025-09-30 13:42:22,668 [ERROR] LogOutputStream:75 - [STDERR_REDIRECT] Sep 30, 2025 1:42:22 PM java.util.prefs.FileSystemPreferences syncWorld
2025-09-30 13:42:22,668 [ERROR] LogOutputStream:75 - [STDERR_REDIRECT] WARNING: Couldn't flush system prefs: java.util.prefs.BackingStoreException: Couldn't get file lock.
2025-09-30 13:42:22,668 [ERROR] LogOutputStream:75 - [STDERR_REDIRECT] 
2025-09-30 13:42:52,669 [ERROR] LogOutputStream:75 - [STDERR_REDIRECT] Sep 30, 2025 1:42:52 PM java.util.prefs.FileSystemPreferences checkLockFile0ErrorCode
2025-09-30 13:42:52,669 [ERROR] LogOutputStream:75 - [STDERR_REDIRECT] WARNING: Could not lock System prefs. Unix error code 2.
2025-09-30 13:42:52,669 [ERROR] LogOutputStream:75 - [STDERR_REDIRECT] 
2025-09-30 13:42:52,669 [ERROR] LogOutputStream:75 - [STDERR_REDIRECT] Sep 30, 2025 1:42:52 PM java.util.prefs.FileSystemPreferences syncWorld
2025-09-30 13:42:52,669 [ERROR] LogOutputStream:75 - [STDERR_REDIRECT] WARNING: Couldn't flush system prefs: java.util.prefs.BackingStoreException: Couldn't get file lock.
2025-09-30 13:42:52,670 [ERROR] LogOutputStream:75 - [STDERR_REDIRECT] 
2025-09-30 13:43:22,667 [ERROR] LogOutputStream:75 - [STDERR_REDIRECT] Sep 30, 2025 1:43:22 PM java.util.prefs.FileSystemPreferences checkLockFile0ErrorCode
2025-09-30 13:43:22,668 [ERROR] LogOutputStream:75 - [STDERR_REDIRECT] WARNING: Could not lock System prefs. Unix error code 2.
2025-09-30 13:43:22,668 [ERROR] LogOutputStream:75 - [STDERR_REDIRECT] 
2025-09-30 13:43:22,668 [ERROR] LogOutputStream:75 - [STDERR_REDIRECT] Sep 30, 2025 1:43:22 PM java.util.prefs.FileSystemPreferences syncWorld
2025-09-30 13:43:22,668 [ERROR] LogOutputStream:75 - [STDERR_REDIRECT] WARNING: Couldn't flush system prefs: java.util.prefs.BackingStoreException: Couldn't get file lock.
2025-09-30 13:43:22,668 [ERROR] LogOutputStream:75 - [STDERR_REDIRECT] 
2025-09-30 13:43:52,670 [ERROR] LogOutputStream:75 - [STDERR_REDIRECT] Sep 30, 2025 1:43:52 PM java.util.prefs.FileSystemPreferences checkLockFile0ErrorCode
2025-09-30 13:43:52,670 [ERROR] LogOutputStream:75 - [STDERR_REDIRECT] WARNING: Could not lock System prefs. Unix error code 2.
2025-09-30 13:43:52,670 [ERROR] LogOutputStream:75 - [STDERR_REDIRECT] 
2025-09-30 13:43:52,670 [ERROR] LogOutputStream:75 - [STDERR_REDIRECT] Sep 30, 2025 1:43:52 PM java.util.prefs.FileSystemPreferences syncWorld
2025-09-30 13:43:52,671 [ERROR] LogOutputStream:75 - [STDERR_REDIRECT] WARNING: Couldn't flush system prefs: java.util.prefs.BackingStoreException: Couldn't get file lock.
2025-09-30 13:43:52,671 [ERROR] LogOutputStream:75 - [STDERR_REDIRECT] 
2025-09-30 13:44:22,669 [ERROR] LogOutputStream:75 - [STDERR_REDIRECT] Sep 30, 2025 1:44:22 PM java.util.prefs.FileSystemPreferences checkLockFile0ErrorCode
2025-09-30 13:44:22,669 [ERROR] LogOutputStream:75 - [STDERR_REDIRECT] WARNING: Could not lock System prefs. Unix error code 2.
2025-09-30 13:44:22,669 [ERROR] LogOutputStream:75 - [STDERR_REDIRECT] 
2025-09-30 13:44:22,669 [ERROR] LogOutputStream:75 - [STDERR_REDIRECT] Sep 30, 2025 1:44:22 PM java.util.prefs.FileSystemPreferences syncWorld
2025-09-30 13:44:22,670 [ERROR] LogOutputStream:75 - [STDERR_REDIRECT] WARNING: Couldn't flush system prefs: java.util.prefs.BackingStoreException: Couldn't get file lock.
2025-09-30 13:44:22,670 [ERROR] LogOutputStream:75 - [STDERR_REDIRECT] 
2025-09-30 13:44:52,670 [ERROR] LogOutputStream:75 - [STDERR_REDIRECT] Sep 30, 2025 1:44:52 PM java.util.prefs.FileSystemPreferences checkLockFile0ErrorCode
2025-09-30 13:44:52,670 [ERROR] LogOutputStream:75 - [STDERR_REDIRECT] WARNING: Could not lock System prefs. Unix error code 2.
2025-09-30 13:44:52,670 [ERROR] LogOutputStream:75 - [STDERR_REDIRECT] 
2025-09-30 13:44:52,670 [ERROR] LogOutputStream:75 - [STDERR_REDIRECT] Sep 30, 2025 1:44:52 PM java.util.prefs.FileSystemPreferences syncWorld
2025-09-30 13:44:52,670 [ERROR] LogOutputStream:75 - [STDERR_REDIRECT] WARNING: Couldn't flush system prefs: java.util.prefs.BackingStoreException: Couldn't get file lock.
2025-09-30 13:44:52,671 [ERROR] LogOutputStream:75 - [STDERR_REDIRECT] 
2025-09-30 13:45:22,669 [ERROR] LogOutputStream:75 - [STDERR_REDIRECT] Sep 30, 2025 1:45:22 PM java.util.prefs.FileSystemPreferences checkLockFile0ErrorCode
2025-09-30 13:45:22,669 [ERROR] LogOutputStream:75 - [STDERR_REDIRECT] WARNING: Could not lock System prefs. Unix error code 2.
2025-09-30 13:45:22,669 [ERROR] LogOutputStream:75 - [STDERR_REDIRECT] 
2025-09-30 13:45:22,669 [ERROR] LogOutputStream:75 - [STDERR_REDIRECT] Sep 30, 2025 1:45:22 PM java.util.prefs.FileSystemPreferences syncWorld
2025-09-30 13:45:22,670 [ERROR] LogOutputStream:75 - [STDERR_REDIRECT] WARNING: Couldn't flush system prefs: java.util.prefs.BackingStoreException: Couldn't get file lock.
2025-09-30 13:45:22,670 [ERROR] LogOutputStream:75 - [STDERR_REDIRECT] 
2025-09-30 13:45:52,671 [ERROR] LogOutputStream:75 - [STDERR_REDIRECT] Sep 30, 2025 1:45:52 PM java.util.prefs.FileSystemPreferences checkLockFile0ErrorCode
2025-09-30 13:45:52,672 [ERROR] LogOutputStream:75 - [STDERR_REDIRECT] WARNING: Could not lock System prefs. Unix error code 2.
2025-09-30 13:45:52,672 [ERROR] LogOutputStream:75 - [STDERR_REDIRECT] 
2025-09-30 13:45:52,672 [ERROR] LogOutputStream:75 - [STDERR_REDIRECT] Sep 30, 2025 1:45:52 PM java.util.prefs.FileSystemPreferences syncWorld
2025-09-30 13:45:52,673 [ERROR] LogOutputStream:75 - [STDERR_REDIRECT] WARNING: Couldn't flush system prefs: java.util.prefs.BackingStoreException: Couldn't get file lock.
2025-09-30 13:45:52,673 [ERROR] LogOutputStream:75 - [STDERR_REDIRECT] 
2025-09-30 13:46:22,669 [ERROR] LogOutputStream:75 - [STDERR_REDIRECT] Sep 30, 2025 1:46:22 PM java.util.prefs.FileSystemPreferences checkLockFile0ErrorCode
2025-09-30 13:46:22,669 [ERROR] LogOutputStream:75 - [STDERR_REDIRECT] WARNING: Could not lock System prefs. Unix error code 2.
2025-09-30 13:46:22,670 [ERROR] LogOutputStream:75 - [STDERR_REDIRECT] 
2025-09-30 13:46:22,670 [ERROR] LogOutputStream:75 - [STDERR_REDIRECT] Sep 30, 2025 1:46:22 PM java.util.prefs.FileSystemPreferences syncWorld
2025-09-30 13:46:22,670 [ERROR] LogOutputStream:75 - [STDERR_REDIRECT] WARNING: Couldn't flush system prefs: java.util.prefs.BackingStoreException: Couldn't get file lock.
2025-09-30 13:46:22,670 [ERROR] LogOutputStream:75 - [STDERR_REDIRECT] 
2025-09-30 13:46:52,670 [ERROR] LogOutputStream:75 - [STDERR_REDIRECT] Sep 30, 2025 1:46:52 PM java.util.prefs.FileSystemPreferences checkLockFile0ErrorCode
2025-09-30 13:46:52,670 [ERROR] LogOutputStream:75 - [STDERR_REDIRECT] WARNING: Could not lock System prefs. Unix error code 2.
2025-09-30 13:46:52,670 [ERROR] LogOutputStream:75 - [STDERR_REDIRECT] 
2025-09-30 13:46:52,670 [ERROR] LogOutputStream:75 - [STDERR_REDIRECT] Sep 30, 2025 1:46:52 PM java.util.prefs.FileSystemPreferences syncWorld
2025-09-30 13:46:52,671 [ERROR] LogOutputStream:75 - [STDERR_REDIRECT] WARNING: Couldn't flush system prefs: java.util.prefs.BackingStoreException: Couldn't get file lock.
2025-09-30 13:46:52,671 [ERROR] LogOutputStream:75 - [STDERR_REDIRECT] 
2025-09-30 13:47:22,670 [ERROR] LogOutputStream:75 - [STDERR_REDIRECT] Sep 30, 2025 1:47:22 PM java.util.prefs.FileSystemPreferences checkLockFile0ErrorCode
2025-09-30 13:47:22,670 [ERROR] LogOutputStream:75 - [STDERR_REDIRECT] WARNING: Could not lock System prefs. Unix error code 2.
2025-09-30 13:47:22,671 [ERROR] LogOutputStream:75 - [STDERR_REDIRECT] 
2025-09-30 13:47:22,671 [ERROR] LogOutputStream:75 - [STDERR_REDIRECT] Sep 30, 2025 1:47:22 PM java.util.prefs.FileSystemPreferences syncWorld
2025-09-30 13:47:22,671 [ERROR] LogOutputStream:75 - [STDERR_REDIRECT] WARNING: Couldn't flush system prefs: java.util.prefs.BackingStoreException: Couldn't get file lock.
2025-09-30 13:47:22,671 [ERROR] LogOutputStream:75 - [STDERR_REDIRECT] 
2025-09-30 13:47:52,671 [ERROR] LogOutputStream:75 - [STDERR_REDIRECT] Sep 30, 2025 1:47:52 PM java.util.prefs.FileSystemPreferences checkLockFile0ErrorCode
2025-09-30 13:47:52,671 [ERROR] LogOutputStream:75 - [STDERR_REDIRECT] WARNING: Could not lock System prefs. Unix error code 2.
2025-09-30 13:47:52,671 [ERROR] LogOutputStream:75 - [STDERR_REDIRECT] 
2025-09-30 13:47:52,672 [ERROR] LogOutputStream:75 - [STDERR_REDIRECT] Sep 30, 2025 1:47:52 PM java.util.prefs.FileSystemPreferences syncWorld
2025-09-30 13:47:52,672 [ERROR] LogOutputStream:75 - [STDERR_REDIRECT] WARNING: Couldn't flush system prefs: java.util.prefs.BackingStoreException: Couldn't get file lock.
2025-09-30 13:47:52,672 [ERROR] LogOutputStream:75 - [STDERR_REDIRECT] 
2025-09-30 13:48:22,670 [ERROR] LogOutputStream:75 - [STDERR_REDIRECT] Sep 30, 2025 1:48:22 PM java.util.prefs.FileSystemPreferences checkLockFile0ErrorCode
2025-09-30 13:48:22,670 [ERROR] LogOutputStream:75 - [STDERR_REDIRECT] WARNING: Could not lock System prefs. Unix error code 2.
2025-09-30 13:48:22,671 [ERROR] LogOutputStream:75 - [STDERR_REDIRECT] 
2025-09-30 13:48:22,671 [ERROR] LogOutputStream:75 - [STDERR_REDIRECT] Sep 30, 2025 1:48:22 PM java.util.prefs.FileSystemPreferences syncWorld
2025-09-30 13:48:22,671 [ERROR] LogOutputStream:75 - [STDERR_REDIRECT] WARNING: Couldn't flush system prefs: java.util.prefs.BackingStoreException: Couldn't get file lock.
2025-09-30 13:48:22,671 [ERROR] LogOutputStream:75 - [STDERR_REDIRECT] 
2025-09-30 13:48:52,671 [ERROR] LogOutputStream:75 - [STDERR_REDIRECT] Sep 30, 2025 1:48:52 PM java.util.prefs.FileSystemPreferences checkLockFile0ErrorCode
2025-09-30 13:48:52,671 [ERROR] LogOutputStream:75 - [STDERR_REDIRECT] WARNING: Could not lock System prefs. Unix error code 2.
2025-09-30 13:48:52,671 [ERROR] LogOutputStream:75 - [STDERR_REDIRECT] 
2025-09-30 13:48:52,672 [ERROR] LogOutputStream:75 - [STDERR_REDIRECT] Sep 30, 2025 1:48:52 PM java.util.prefs.FileSystemPreferences syncWorld
2025-09-30 13:48:52,672 [ERROR] LogOutputStream:75 - [STDERR_REDIRECT] WARNING: Couldn't flush system prefs: java.util.prefs.BackingStoreException: Couldn't get file lock.
2025-09-30 13:48:52,672 [ERROR] LogOutputStream:75 - [STDERR_REDIRECT] 
2025-09-30 13:49:22,671 [ERROR] LogOutputStream:75 - [STDERR_REDIRECT] Sep 30, 2025 1:49:22 PM java.util.prefs.FileSystemPreferences checkLockFile0ErrorCode
2025-09-30 13:49:22,672 [ERROR] LogOutputStream:75 - [STDERR_REDIRECT] WARNING: Could not lock System prefs. Unix error code 2.
2025-09-30 13:49:22,672 [ERROR] LogOutputStream:75 - [STDERR_REDIRECT] 
2025-09-30 13:49:22,672 [ERROR] LogOutputStream:75 - [STDERR_REDIRECT] Sep 30, 2025 1:49:22 PM java.util.prefs.FileSystemPreferences syncWorld
2025-09-30 13:49:22,672 [ERROR] LogOutputStream:75 - [STDERR_REDIRECT] WARNING: Couldn't flush system prefs: java.util.prefs.BackingStoreException: Couldn't get file lock.
2025-09-30 13:49:22,672 [ERROR] LogOutputStream:75 - [STDERR_REDIRECT] 
2025-09-30 13:49:52,672 [ERROR] LogOutputStream:75 - [STDERR_REDIRECT] Sep 30, 2025 1:49:52 PM java.util.prefs.FileSystemPreferences checkLockFile0ErrorCode
2025-09-30 13:49:52,672 [ERROR] LogOutputStream:75 - [STDERR_REDIRECT] WARNING: Could not lock System prefs. Unix error code 2.
2025-09-30 13:49:52,673 [ERROR] LogOutputStream:75 - [STDERR_REDIRECT] 
2025-09-30 13:49:52,673 [ERROR] LogOutputStream:75 - [STDERR_REDIRECT] Sep 30, 2025 1:49:52 PM java.util.prefs.FileSystemPreferences syncWorld
2025-09-30 13:49:52,673 [ERROR] LogOutputStream:75 - [STDERR_REDIRECT] WARNING: Couldn't flush system prefs: java.util.prefs.BackingStoreException: Couldn't get file lock.
2025-09-30 13:49:52,673 [ERROR] LogOutputStream:75 - [STDERR_REDIRECT] 
2025-09-30 13:50:22,673 [ERROR] LogOutputStream:75 - [STDERR_REDIRECT] Sep 30, 2025 1:50:22 PM java.util.prefs.FileSystemPreferences checkLockFile0ErrorCode
2025-09-30 13:50:22,673 [ERROR] LogOutputStream:75 - [STDERR_REDIRECT] WARNING: Could not lock System prefs. Unix error code 2.
2025-09-30 13:50:22,673 [ERROR] LogOutputStream:75 - [STDERR_REDIRECT] 
2025-09-30 13:50:22,673 [ERROR] LogOutputStream:75 - [STDERR_REDIRECT] Sep 30, 2025 1:50:22 PM java.util.prefs.FileSystemPreferences syncWorld
2025-09-30 13:50:22,673 [ERROR] LogOutputStream:75 - [STDERR_REDIRECT] WARNING: Couldn't flush system prefs: java.util.prefs.BackingStoreException: Couldn't get file lock.
2025-09-30 13:50:22,674 [ERROR] LogOutputStream:75 - [STDERR_REDIRECT] 
2025-09-30 13:50:52,672 [ERROR] LogOutputStream:75 - [STDERR_REDIRECT] Sep 30, 2025 1:50:52 PM java.util.prefs.FileSystemPreferences checkLockFile0ErrorCode
2025-09-30 13:50:52,673 [ERROR] LogOutputStream:75 - [STDERR_REDIRECT] WARNING: Could not lock System prefs. Unix error code 2.
2025-09-30 13:50:52,673 [ERROR] LogOutputStream:75 - [STDERR_REDIRECT] 
2025-09-30 13:50:52,673 [ERROR] LogOutputStream:75 - [STDERR_REDIRECT] Sep 30, 2025 1:50:52 PM java.util.prefs.FileSystemPreferences syncWorld
2025-09-30 13:50:52,673 [ERROR] LogOutputStream:75 - [STDERR_REDIRECT] WARNING: Couldn't flush system prefs: java.util.prefs.BackingStoreException: Couldn't get file lock.
2025-09-30 13:50:52,673 [ERROR] LogOutputStream:75 - [STDERR_REDIRECT] 
2025-09-30 13:51:22,673 [ERROR] LogOutputStream:75 - [STDERR_REDIRECT] Sep 30, 2025 1:51:22 PM java.util.prefs.FileSystemPreferences checkLockFile0ErrorCode
2025-09-30 13:51:22,673 [ERROR] LogOutputStream:75 - [STDERR_REDIRECT] WARNING: Could not lock System prefs. Unix error code 2.
2025-09-30 13:51:22,673 [ERROR] LogOutputStream:75 - [STDERR_REDIRECT] 
2025-09-30 13:51:22,674 [ERROR] LogOutputStream:75 - [STDERR_REDIRECT] Sep 30, 2025 1:51:22 PM java.util.prefs.FileSystemPreferences syncWorld
2025-09-30 13:51:22,674 [ERROR] LogOutputStream:75 - [STDERR_REDIRECT] WARNING: Couldn't flush system prefs: java.util.prefs.BackingStoreException: Couldn't get file lock.
2025-09-30 13:51:22,674 [ERROR] LogOutputStream:75 - [STDERR_REDIRECT] 
2025-09-30 13:51:52,673 [ERROR] LogOutputStream:75 - [STDERR_REDIRECT] Sep 30, 2025 1:51:52 PM java.util.prefs.FileSystemPreferences checkLockFile0ErrorCode
2025-09-30 13:51:52,673 [ERROR] LogOutputStream:75 - [STDERR_REDIRECT] WARNING: Could not lock System prefs. Unix error code 2.
2025-09-30 13:51:52,673 [ERROR] LogOutputStream:75 - [STDERR_REDIRECT] 
2025-09-30 13:51:52,674 [ERROR] LogOutputStream:75 - [STDERR_REDIRECT] Sep 30, 2025 1:51:52 PM java.util.prefs.FileSystemPreferences syncWorld
2025-09-30 13:51:52,674 [ERROR] LogOutputStream:75 - [STDERR_REDIRECT] WARNING: Couldn't flush system prefs: java.util.prefs.BackingStoreException: Couldn't get file lock.
2025-09-30 13:51:52,674 [ERROR] LogOutputStream:75 - [STDERR_REDIRECT] 
2025-09-30 14:09:54,694 [ERROR] LogOutputStream:75 - [STDERR_REDIRECT] Sep 30, 2025 2:09:54 PM java.util.prefs.FileSystemPreferences checkLockFile0ErrorCode
2025-09-30 14:09:54,694 [ERROR] LogOutputStream:75 - [STDERR_REDIRECT] WARNING: Could not lock System prefs. Unix error code 2.
2025-09-30 14:09:54,694 [ERROR] LogOutputStream:75 - [STDERR_REDIRECT] 
2025-09-30 14:09:54,695 [ERROR] LogOutputStream:75 - [STDERR_REDIRECT] Sep 30, 2025 2:09:54 PM java.util.prefs.FileSystemPreferences syncWorld
2025-09-30 14:09:54,695 [ERROR] LogOutputStream:75 - [STDERR_REDIRECT] WARNING: Couldn't flush system prefs: java.util.prefs.BackingStoreException: Couldn't get file lock.
2025-09-30 14:09:54,695 [ERROR] LogOutputStream:75 - [STDERR_REDIRECT] 
2025-09-30 14:10:06,540 [ERROR] ConfigurationRetriever:142 - IOException on connection: Connect timed out
2025-09-30 14:10:08,544 [ERROR] ConfigurationRetriever:142 - IOException on connection: Connect timed out
2025-09-30 14:10:10,548 [ERROR] ConfigurationRetriever:142 - IOException on connection: Connect timed out
2025-09-30 14:10:12,287 [ERROR] LogOutputStream:75 - [STDERR_REDIRECT] 
2025-09-30 14:10:12,288 [ERROR] LogOutputStream:75 - [STDERR_REDIRECT] 
