2025-11-01 06:49:02,368 [ERROR] LogOutputStream:75 - [STDERR_REDIRECT] Nov 01, 2025 6:49:02 AM java.util.prefs.FileSystemPreferences checkLockFile0ErrorCode
2025-11-01 06:49:02,371 [ERROR] LogOutputStream:75 - [STDERR_REDIRECT] WARNING: Could not lock System prefs. Unix error code 2.
2025-11-01 06:49:02,371 [ERROR] LogOutputStream:75 - [STDERR_REDIRECT] 
2025-11-01 06:49:02,372 [ERROR] LogOutputStream:75 - [STDERR_REDIRECT] Nov 01, 2025 6:49:02 AM java.util.prefs.FileSystemPreferences syncWorld
2025-11-01 06:49:02,372 [ERROR] LogOutputStream:75 - [STDERR_REDIRECT] WARNING: Couldn't flush system prefs: java.util.prefs.BackingStoreException: Couldn't get file lock.
2025-11-01 06:49:02,372 [ERROR] LogOutputStream:75 - [STDERR_REDIRECT] 
2025-11-01 10:09:44,692 [ERROR] LogOutputStream:75 - [STDERR_REDIRECT] Nov 01, 2025 10:09:44 AM java.util.prefs.FileSystemPreferences checkLockFile0ErrorCode
2025-11-01 10:09:44,692 [ERROR] LogOutputStream:75 - [STDERR_REDIRECT] WARNING: Could not lock System prefs. Unix error code 2.
2025-11-01 10:09:44,693 [ERROR] LogOutputStream:75 - [STDERR_REDIRECT] 
2025-11-01 10:09:44,693 [ERROR] LogOutputStream:75 - [STDERR_REDIRECT] Nov 01, 2025 10:09:44 AM java.util.prefs.FileSystemPreferences syncWorld
2025-11-01 10:09:44,693 [ERROR] LogOutputStream:75 - [STDERR_REDIRECT] WARNING: Couldn't flush system prefs: java.util.prefs.BackingStoreException: Couldn't get file lock.
2025-11-01 10:09:44,694 [ERROR] LogOutputStream:75 - [STDERR_REDIRECT] 
2025-11-01 10:10:14,693 [ERROR] LogOutputStream:75 - [STDERR_REDIRECT] Nov 01, 2025 10:10:14 AM java.util.prefs.FileSystemPreferences checkLockFile0ErrorCode
2025-11-01 10:10:14,693 [ERROR] LogOutputStream:75 - [STDERR_REDIRECT] WARNING: Could not lock System prefs. Unix error code 2.
2025-11-01 10:10:14,693 [ERROR] LogOutputStream:75 - [STDERR_REDIRECT] 
2025-11-01 10:10:14,694 [ERROR] LogOutputStream:75 - [STDERR_REDIRECT] Nov 01, 2025 10:10:14 AM java.util.prefs.FileSystemPreferences syncWorld
2025-11-01 10:10:14,694 [ERROR] LogOutputStream:75 - [STDERR_REDIRECT] WARNING: Couldn't flush system prefs: java.util.prefs.BackingStoreException: Couldn't get file lock.
2025-11-01 10:10:14,694 [ERROR] LogOutputStream:75 - [STDERR_REDIRECT] 
2025-11-01 10:10:44,692 [ERROR] LogOutputStream:75 - [STDERR_REDIRECT] Nov 01, 2025 10:10:44 AM java.util.prefs.FileSystemPreferences checkLockFile0ErrorCode
2025-11-01 10:10:44,693 [ERROR] LogOutputStream:75 - [STDERR_REDIRECT] WARNING: Could not lock System prefs. Unix error code 2.
2025-11-01 10:10:44,693 [ERROR] LogOutputStream:75 - [STDERR_REDIRECT] 
2025-11-01 10:10:44,693 [ERROR] LogOutputStream:75 - [STDERR_REDIRECT] Nov 01, 2025 10:10:44 AM java.util.prefs.FileSystemPreferences syncWorld
2025-11-01 10:10:44,693 [ERROR] LogOutputStream:75 - [STDERR_REDIRECT] WARNING: Couldn't flush system prefs: java.util.prefs.BackingStoreException: Couldn't get file lock.
2025-11-01 10:10:44,694 [ERROR] LogOutputStream:75 - [STDERR_REDIRECT] 
2025-11-01 10:11:14,692 [ERROR] LogOutputStream:75 - [STDERR_REDIRECT] Nov 01, 2025 10:11:14 AM java.util.prefs.FileSystemPreferences checkLockFile0ErrorCode
2025-11-01 10:11:14,692 [ERROR] LogOutputStream:75 - [STDERR_REDIRECT] WARNING: Could not lock System prefs. Unix error code 2.
2025-11-01 10:11:14,692 [ERROR] LogOutputStream:75 - [STDERR_REDIRECT] 
2025-11-01 10:11:14,693 [ERROR] LogOutputStream:75 - [STDERR_REDIRECT] Nov 01, 2025 10:11:14 AM java.util.prefs.FileSystemPreferences syncWorld
2025-11-01 10:11:14,693 [ERROR] LogOutputStream:75 - [STDERR_REDIRECT] WARNING: Couldn't flush system prefs: java.util.prefs.BackingStoreException: Couldn't get file lock.
2025-11-01 10:11:14,693 [ERROR] LogOutputStream:75 - [STDERR_REDIRECT] 
2025-11-01 10:11:44,693 [ERROR] LogOutputStream:75 - [STDERR_REDIRECT] Nov 01, 2025 10:11:44 AM java.util.prefs.FileSystemPreferences checkLockFile0ErrorCode
2025-11-01 10:11:44,693 [ERROR] LogOutputStream:75 - [STDERR_REDIRECT] WARNING: Could not lock System prefs. Unix error code 2.
2025-11-01 10:11:44,693 [ERROR] LogOutputStream:75 - [STDERR_REDIRECT] 
2025-11-01 10:11:44,694 [ERROR] LogOutputStream:75 - [STDERR_REDIRECT] Nov 01, 2025 10:11:44 AM java.util.prefs.FileSystemPreferences syncWorld
2025-11-01 10:11:44,694 [ERROR] LogOutputStream:75 - [STDERR_REDIRECT] WARNING: Couldn't flush system prefs: java.util.prefs.BackingStoreException: Couldn't get file lock.
2025-11-01 10:11:44,694 [ERROR] LogOutputStream:75 - [STDERR_REDIRECT] 
2025-11-01 10:12:14,692 [ERROR] LogOutputStream:75 - [STDERR_REDIRECT] Nov 01, 2025 10:12:14 AM java.util.prefs.FileSystemPreferences checkLockFile0ErrorCode
2025-11-01 10:12:14,692 [ERROR] LogOutputStream:75 - [STDERR_REDIRECT] WARNING: Could not lock System prefs. Unix error code 2.
2025-11-01 10:12:14,692 [ERROR] LogOutputStream:75 - [STDERR_REDIRECT] 
2025-11-01 10:12:14,693 [ERROR] LogOutputStream:75 - [STDERR_REDIRECT] Nov 01, 2025 10:12:14 AM java.util.prefs.FileSystemPreferences syncWorld
2025-11-01 10:12:14,693 [ERROR] LogOutputStream:75 - [STDERR_REDIRECT] WARNING: Couldn't flush system prefs: java.util.prefs.BackingStoreException: Couldn't get file lock.
2025-11-01 10:12:14,693 [ERROR] LogOutputStream:75 - [STDERR_REDIRECT] 
2025-11-01 10:12:44,694 [ERROR] LogOutputStream:75 - [STDERR_REDIRECT] Nov 01, 2025 10:12:44 AM java.util.prefs.FileSystemPreferences checkLockFile0ErrorCode
2025-11-01 10:12:44,694 [ERROR] LogOutputStream:75 - [STDERR_REDIRECT] WARNING: Could not lock System prefs. Unix error code 2.
2025-11-01 10:12:44,694 [ERROR] LogOutputStream:75 - [STDERR_REDIRECT] 
2025-11-01 10:12:44,695 [ERROR] LogOutputStream:75 - [STDERR_REDIRECT] Nov 01, 2025 10:12:44 AM java.util.prefs.FileSystemPreferences syncWorld
2025-11-01 10:12:44,695 [ERROR] LogOutputStream:75 - [STDERR_REDIRECT] WARNING: Couldn't flush system prefs: java.util.prefs.BackingStoreException: Couldn't get file lock.
2025-11-01 10:12:44,695 [ERROR] LogOutputStream:75 - [STDERR_REDIRECT] 
2025-11-01 10:13:14,694 [ERROR] LogOutputStream:75 - [STDERR_REDIRECT] Nov 01, 2025 10:13:14 AM java.util.prefs.FileSystemPreferences checkLockFile0ErrorCode
2025-11-01 10:13:14,695 [ERROR] LogOutputStream:75 - [STDERR_REDIRECT] WARNING: Could not lock System prefs. Unix error code 2.
2025-11-01 10:13:14,695 [ERROR] LogOutputStream:75 - [STDERR_REDIRECT] 
2025-11-01 10:13:14,696 [ERROR] LogOutputStream:75 - [STDERR_REDIRECT] Nov 01, 2025 10:13:14 AM java.util.prefs.FileSystemPreferences syncWorld
2025-11-01 10:13:14,696 [ERROR] LogOutputStream:75 - [STDERR_REDIRECT] WARNING: Couldn't flush system prefs: java.util.prefs.BackingStoreException: Couldn't get file lock.
2025-11-01 10:13:14,696 [ERROR] LogOutputStream:75 - [STDERR_REDIRECT] 
2025-11-01 10:13:44,694 [ERROR] LogOutputStream:75 - [STDERR_REDIRECT] Nov 01, 2025 10:13:44 AM java.util.prefs.FileSystemPreferences checkLockFile0ErrorCode
2025-11-01 10:13:44,694 [ERROR] LogOutputStream:75 - [STDERR_REDIRECT] WARNING: Could not lock System prefs. Unix error code 2.
2025-11-01 10:13:44,694 [ERROR] LogOutputStream:75 - [STDERR_REDIRECT] 
2025-11-01 10:13:44,695 [ERROR] LogOutputStream:75 - [STDERR_REDIRECT] Nov 01, 2025 10:13:44 AM java.util.prefs.FileSystemPreferences syncWorld
2025-11-01 10:13:44,695 [ERROR] LogOutputStream:75 - [STDERR_REDIRECT] WARNING: Couldn't flush system prefs: java.util.prefs.BackingStoreException: Couldn't get file lock.
2025-11-01 10:13:44,696 [ERROR] LogOutputStream:75 - [STDERR_REDIRECT] 
2025-11-01 10:14:14,694 [ERROR] LogOutputStream:75 - [STDERR_REDIRECT] Nov 01, 2025 10:14:14 AM java.util.prefs.FileSystemPreferences checkLockFile0ErrorCode
2025-11-01 10:14:14,694 [ERROR] LogOutputStream:75 - [STDERR_REDIRECT] WARNING: Could not lock System prefs. Unix error code 2.
2025-11-01 10:14:14,695 [ERROR] LogOutputStream:75 - [STDERR_REDIRECT] 
2025-11-01 10:14:14,695 [ERROR] LogOutputStream:75 - [STDERR_REDIRECT] Nov 01, 2025 10:14:14 AM java.util.prefs.FileSystemPreferences syncWorld
2025-11-01 10:14:14,695 [ERROR] LogOutputStream:75 - [STDERR_REDIRECT] WARNING: Couldn't flush system prefs: java.util.prefs.BackingStoreException: Couldn't get file lock.
2025-11-01 10:14:14,696 [ERROR] LogOutputStream:75 - [STDERR_REDIRECT] 
2025-11-01 10:14:44,694 [ERROR] LogOutputStream:75 - [STDERR_REDIRECT] Nov 01, 2025 10:14:44 AM java.util.prefs.FileSystemPreferences checkLockFile0ErrorCode
2025-11-01 10:14:44,695 [ERROR] LogOutputStream:75 - [STDERR_REDIRECT] WARNING: Could not lock System prefs. Unix error code 2.
2025-11-01 10:14:44,695 [ERROR] LogOutputStream:75 - [STDERR_REDIRECT] 
2025-11-01 10:14:44,696 [ERROR] LogOutputStream:75 - [STDERR_REDIRECT] Nov 01, 2025 10:14:44 AM java.util.prefs.FileSystemPreferences syncWorld
2025-11-01 10:14:44,696 [ERROR] LogOutputStream:75 - [STDERR_REDIRECT] WARNING: Couldn't flush system prefs: java.util.prefs.BackingStoreException: Couldn't get file lock.
2025-11-01 10:14:44,696 [ERROR] LogOutputStream:75 - [STDERR_REDIRECT] 
2025-11-01 10:15:14,694 [ERROR] LogOutputStream:75 - [STDERR_REDIRECT] Nov 01, 2025 10:15:14 AM java.util.prefs.FileSystemPreferences checkLockFile0ErrorCode
2025-11-01 10:15:14,695 [ERROR] LogOutputStream:75 - [STDERR_REDIRECT] WARNING: Could not lock System prefs. Unix error code 2.
2025-11-01 10:15:14,695 [ERROR] LogOutputStream:75 - [STDERR_REDIRECT] 
2025-11-01 10:15:14,695 [ERROR] LogOutputStream:75 - [STDERR_REDIRECT] Nov 01, 2025 10:15:14 AM java.util.prefs.FileSystemPreferences syncWorld
2025-11-01 10:15:14,696 [ERROR] LogOutputStream:75 - [STDERR_REDIRECT] WARNING: Couldn't flush system prefs: java.util.prefs.BackingStoreException: Couldn't get file lock.
2025-11-01 10:15:14,696 [ERROR] LogOutputStream:75 - [STDERR_REDIRECT] 
2025-11-01 10:15:44,695 [ERROR] LogOutputStream:75 - [STDERR_REDIRECT] Nov 01, 2025 10:15:44 AM java.util.prefs.FileSystemPreferences checkLockFile0ErrorCode
2025-11-01 10:15:44,696 [ERROR] LogOutputStream:75 - [STDERR_REDIRECT] WARNING: Could not lock System prefs. Unix error code 2.
2025-11-01 10:15:44,697 [ERROR] LogOutputStream:75 - [STDERR_REDIRECT] 
2025-11-01 10:15:44,698 [ERROR] LogOutputStream:75 - [STDERR_REDIRECT] Nov 01, 2025 10:15:44 AM java.util.prefs.FileSystemPreferences syncWorld
2025-11-01 10:15:44,699 [ERROR] LogOutputStream:75 - [STDERR_REDIRECT] WARNING: Couldn't flush system prefs: java.util.prefs.BackingStoreException: Couldn't get file lock.
2025-11-01 10:15:44,699 [ERROR] LogOutputStream:75 - [STDERR_REDIRECT] 
2025-11-01 10:16:14,694 [ERROR] LogOutputStream:75 - [STDERR_REDIRECT] Nov 01, 2025 10:16:14 AM java.util.prefs.FileSystemPreferences checkLockFile0ErrorCode
2025-11-01 10:16:14,694 [ERROR] LogOutputStream:75 - [STDERR_REDIRECT] WARNING: Could not lock System prefs. Unix error code 2.
2025-11-01 10:16:14,694 [ERROR] LogOutputStream:75 - [STDERR_REDIRECT] 
2025-11-01 10:16:14,695 [ERROR] LogOutputStream:75 - [STDERR_REDIRECT] Nov 01, 2025 10:16:14 AM java.util.prefs.FileSystemPreferences syncWorld
2025-11-01 10:16:14,695 [ERROR] LogOutputStream:75 - [STDERR_REDIRECT] WARNING: Couldn't flush system prefs: java.util.prefs.BackingStoreException: Couldn't get file lock.
2025-11-01 10:16:14,695 [ERROR] LogOutputStream:75 - [STDERR_REDIRECT] 
2025-11-01 10:16:44,694 [ERROR] LogOutputStream:75 - [STDERR_REDIRECT] Nov 01, 2025 10:16:44 AM java.util.prefs.FileSystemPreferences checkLockFile0ErrorCode
2025-11-01 10:16:44,694 [ERROR] LogOutputStream:75 - [STDERR_REDIRECT] WARNING: Could not lock System prefs. Unix error code 2.
2025-11-01 10:16:44,694 [ERROR] LogOutputStream:75 - [STDERR_REDIRECT] 
2025-11-01 10:16:44,695 [ERROR] LogOutputStream:75 - [STDERR_REDIRECT] Nov 01, 2025 10:16:44 AM java.util.prefs.FileSystemPreferences syncWorld
2025-11-01 10:16:44,695 [ERROR] LogOutputStream:75 - [STDERR_REDIRECT] WARNING: Couldn't flush system prefs: java.util.prefs.BackingStoreException: Couldn't get file lock.
2025-11-01 10:16:44,696 [ERROR] LogOutputStream:75 - [STDERR_REDIRECT] 
2025-11-01 10:17:14,694 [ERROR] LogOutputStream:75 - [STDERR_REDIRECT] Nov 01, 2025 10:17:14 AM java.util.prefs.FileSystemPreferences checkLockFile0ErrorCode
2025-11-01 10:17:14,695 [ERROR] LogOutputStream:75 - [STDERR_REDIRECT] WARNING: Could not lock System prefs. Unix error code 2.
2025-11-01 10:17:14,695 [ERROR] LogOutputStream:75 - [STDERR_REDIRECT] 
2025-11-01 10:17:14,695 [ERROR] LogOutputStream:75 - [STDERR_REDIRECT] Nov 01, 2025 10:17:14 AM java.util.prefs.FileSystemPreferences syncWorld
2025-11-01 10:17:14,696 [ERROR] LogOutputStream:75 - [STDERR_REDIRECT] WARNING: Couldn't flush system prefs: java.util.prefs.BackingStoreException: Couldn't get file lock.
2025-11-01 10:17:14,696 [ERROR] LogOutputStream:75 - [STDERR_REDIRECT] 
2025-11-01 10:17:44,695 [ERROR] LogOutputStream:75 - [STDERR_REDIRECT] Nov 01, 2025 10:17:44 AM java.util.prefs.FileSystemPreferences checkLockFile0ErrorCode
2025-11-01 10:17:44,695 [ERROR] LogOutputStream:75 - [STDERR_REDIRECT] WARNING: Could not lock System prefs. Unix error code 2.
2025-11-01 10:17:44,695 [ERROR] LogOutputStream:75 - [STDERR_REDIRECT] 
2025-11-01 10:17:44,696 [ERROR] LogOutputStream:75 - [STDERR_REDIRECT] Nov 01, 2025 10:17:44 AM java.util.prefs.FileSystemPreferences syncWorld
2025-11-01 10:17:44,696 [ERROR] LogOutputStream:75 - [STDERR_REDIRECT] WARNING: Couldn't flush system prefs: java.util.prefs.BackingStoreException: Couldn't get file lock.
2025-11-01 10:17:44,696 [ERROR] LogOutputStream:75 - [STDERR_REDIRECT] 
2025-11-01 10:18:14,696 [ERROR] LogOutputStream:75 - [STDERR_REDIRECT] Nov 01, 2025 10:18:14 AM java.util.prefs.FileSystemPreferences checkLockFile0ErrorCode
2025-11-01 10:18:14,696 [ERROR] LogOutputStream:75 - [STDERR_REDIRECT] WARNING: Could not lock System prefs. Unix error code 2.
2025-11-01 10:18:14,696 [ERROR] LogOutputStream:75 - [STDERR_REDIRECT] 
2025-11-01 10:18:14,697 [ERROR] LogOutputStream:75 - [STDERR_REDIRECT] Nov 01, 2025 10:18:14 AM java.util.prefs.FileSystemPreferences syncWorld
2025-11-01 10:18:14,697 [ERROR] LogOutputStream:75 - [STDERR_REDIRECT] WARNING: Couldn't flush system prefs: java.util.prefs.BackingStoreException: Couldn't get file lock.
2025-11-01 10:18:14,697 [ERROR] LogOutputStream:75 - [STDERR_REDIRECT] 
2025-11-01 10:18:44,696 [ERROR] LogOutputStream:75 - [STDERR_REDIRECT] Nov 01, 2025 10:18:44 AM java.util.prefs.FileSystemPreferences checkLockFile0ErrorCode
2025-11-01 10:18:44,696 [ERROR] LogOutputStream:75 - [STDERR_REDIRECT] WARNING: Could not lock System prefs. Unix error code 2.
2025-11-01 10:18:44,697 [ERROR] LogOutputStream:75 - [STDERR_REDIRECT] 
2025-11-01 10:18:44,697 [ERROR] LogOutputStream:75 - [STDERR_REDIRECT] Nov 01, 2025 10:18:44 AM java.util.prefs.FileSystemPreferences syncWorld
2025-11-01 10:18:44,697 [ERROR] LogOutputStream:75 - [STDERR_REDIRECT] WARNING: Couldn't flush system prefs: java.util.prefs.BackingStoreException: Couldn't get file lock.
2025-11-01 10:18:44,698 [ERROR] LogOutputStream:75 - [STDERR_REDIRECT] 
2025-11-01 10:19:14,697 [ERROR] LogOutputStream:75 - [STDERR_REDIRECT] Nov 01, 2025 10:19:14 AM java.util.prefs.FileSystemPreferences checkLockFile0ErrorCode
2025-11-01 10:19:14,697 [ERROR] LogOutputStream:75 - [STDERR_REDIRECT] WARNING: Could not lock System prefs. Unix error code 2.
2025-11-01 10:19:14,698 [ERROR] LogOutputStream:75 - [STDERR_REDIRECT] 
2025-11-01 10:19:14,698 [ERROR] LogOutputStream:75 - [STDERR_REDIRECT] Nov 01, 2025 10:19:14 AM java.util.prefs.FileSystemPreferences syncWorld
2025-11-01 10:19:14,698 [ERROR] LogOutputStream:75 - [STDERR_REDIRECT] WARNING: Couldn't flush system prefs: java.util.prefs.BackingStoreException: Couldn't get file lock.
2025-11-01 10:19:14,699 [ERROR] LogOutputStream:75 - [STDERR_REDIRECT] 
2025-11-01 10:19:44,697 [ERROR] LogOutputStream:75 - [STDERR_REDIRECT] Nov 01, 2025 10:19:44 AM java.util.prefs.FileSystemPreferences checkLockFile0ErrorCode
2025-11-01 10:19:44,697 [ERROR] LogOutputStream:75 - [STDERR_REDIRECT] WARNING: Could not lock System prefs. Unix error code 2.
2025-11-01 10:19:44,698 [ERROR] LogOutputStream:75 - [STDERR_REDIRECT] 
2025-11-01 10:19:44,698 [ERROR] LogOutputStream:75 - [STDERR_REDIRECT] Nov 01, 2025 10:19:44 AM java.util.prefs.FileSystemPreferences syncWorld
2025-11-01 10:19:44,698 [ERROR] LogOutputStream:75 - [STDERR_REDIRECT] WARNING: Couldn't flush system prefs: java.util.prefs.BackingStoreException: Couldn't get file lock.
2025-11-01 10:19:44,698 [ERROR] LogOutputStream:75 - [STDERR_REDIRECT] 
2025-11-01 10:20:14,697 [ERROR] LogOutputStream:75 - [STDERR_REDIRECT] Nov 01, 2025 10:20:14 AM java.util.prefs.FileSystemPreferences checkLockFile0ErrorCode
2025-11-01 10:20:14,697 [ERROR] LogOutputStream:75 - [STDERR_REDIRECT] WARNING: Could not lock System prefs. Unix error code 2.
2025-11-01 10:20:14,698 [ERROR] LogOutputStream:75 - [STDERR_REDIRECT] 
2025-11-01 10:20:14,698 [ERROR] LogOutputStream:75 - [STDERR_REDIRECT] Nov 01, 2025 10:20:14 AM java.util.prefs.FileSystemPreferences syncWorld
2025-11-01 10:20:14,698 [ERROR] LogOutputStream:75 - [STDERR_REDIRECT] WARNING: Couldn't flush system prefs: java.util.prefs.BackingStoreException: Couldn't get file lock.
2025-11-01 10:20:14,698 [ERROR] LogOutputStream:75 - [STDERR_REDIRECT] 
2025-11-01 10:20:44,732 [ERROR] LogOutputStream:75 - [STDERR_REDIRECT] Nov 01, 2025 10:20:44 AM java.util.prefs.FileSystemPreferences checkLockFile0ErrorCode
2025-11-01 10:20:44,732 [ERROR] LogOutputStream:75 - [STDERR_REDIRECT] WARNING: Could not lock System prefs. Unix error code 2.
2025-11-01 10:20:44,733 [ERROR] LogOutputStream:75 - [STDERR_REDIRECT] 
2025-11-01 10:20:44,733 [ERROR] LogOutputStream:75 - [STDERR_REDIRECT] Nov 01, 2025 10:20:44 AM java.util.prefs.FileSystemPreferences syncWorld
2025-11-01 10:20:44,733 [ERROR] LogOutputStream:75 - [STDERR_REDIRECT] WARNING: Couldn't flush system prefs: java.util.prefs.BackingStoreException: Couldn't get file lock.
2025-11-01 10:20:44,734 [ERROR] LogOutputStream:75 - [STDERR_REDIRECT] 
2025-11-01 10:21:14,697 [ERROR] LogOutputStream:75 - [STDERR_REDIRECT] Nov 01, 2025 10:21:14 AM java.util.prefs.FileSystemPreferences checkLockFile0ErrorCode
2025-11-01 10:21:14,697 [ERROR] LogOutputStream:75 - [STDERR_REDIRECT] WARNING: Could not lock System prefs. Unix error code 2.
2025-11-01 10:21:14,698 [ERROR] LogOutputStream:75 - [STDERR_REDIRECT] 
2025-11-01 10:21:14,698 [ERROR] LogOutputStream:75 - [STDERR_REDIRECT] Nov 01, 2025 10:21:14 AM java.util.prefs.FileSystemPreferences syncWorld
2025-11-01 10:21:14,698 [ERROR] LogOutputStream:75 - [STDERR_REDIRECT] WARNING: Couldn't flush system prefs: java.util.prefs.BackingStoreException: Couldn't get file lock.
2025-11-01 10:21:14,698 [ERROR] LogOutputStream:75 - [STDERR_REDIRECT] 
2025-11-01 10:21:44,697 [ERROR] LogOutputStream:75 - [STDERR_REDIRECT] Nov 01, 2025 10:21:44 AM java.util.prefs.FileSystemPreferences checkLockFile0ErrorCode
2025-11-01 10:21:44,698 [ERROR] LogOutputStream:75 - [STDERR_REDIRECT] WARNING: Could not lock System prefs. Unix error code 2.
2025-11-01 10:21:44,698 [ERROR] LogOutputStream:75 - [STDERR_REDIRECT] 
2025-11-01 10:21:44,699 [ERROR] LogOutputStream:75 - [STDERR_REDIRECT] Nov 01, 2025 10:21:44 AM java.util.prefs.FileSystemPreferences syncWorld
2025-11-01 10:21:44,699 [ERROR] LogOutputStream:75 - [STDERR_REDIRECT] WARNING: Couldn't flush system prefs: java.util.prefs.BackingStoreException: Couldn't get file lock.
2025-11-01 10:21:44,699 [ERROR] LogOutputStream:75 - [STDERR_REDIRECT] 
2025-11-01 10:22:14,696 [ERROR] LogOutputStream:75 - [STDERR_REDIRECT] Nov 01, 2025 10:22:14 AM java.util.prefs.FileSystemPreferences checkLockFile0ErrorCode
2025-11-01 10:22:14,696 [ERROR] LogOutputStream:75 - [STDERR_REDIRECT] WARNING: Could not lock System prefs. Unix error code 2.
2025-11-01 10:22:14,697 [ERROR] LogOutputStream:75 - [STDERR_REDIRECT] 
2025-11-01 10:22:14,697 [ERROR] LogOutputStream:75 - [STDERR_REDIRECT] Nov 01, 2025 10:22:14 AM java.util.prefs.FileSystemPreferences syncWorld
2025-11-01 10:22:14,697 [ERROR] LogOutputStream:75 - [STDERR_REDIRECT] WARNING: Couldn't flush system prefs: java.util.prefs.BackingStoreException: Couldn't get file lock.
2025-11-01 10:22:14,697 [ERROR] LogOutputStream:75 - [STDERR_REDIRECT] 
2025-11-01 10:22:44,697 [ERROR] LogOutputStream:75 - [STDERR_REDIRECT] Nov 01, 2025 10:22:44 AM java.util.prefs.FileSystemPreferences checkLockFile0ErrorCode
2025-11-01 10:22:44,697 [ERROR] LogOutputStream:75 - [STDERR_REDIRECT] WARNING: Could not lock System prefs. Unix error code 2.
2025-11-01 10:22:44,697 [ERROR] LogOutputStream:75 - [STDERR_REDIRECT] 
2025-11-01 10:22:44,698 [ERROR] LogOutputStream:75 - [STDERR_REDIRECT] Nov 01, 2025 10:22:44 AM java.util.prefs.FileSystemPreferences syncWorld
2025-11-01 10:22:44,698 [ERROR] LogOutputStream:75 - [STDERR_REDIRECT] WARNING: Couldn't flush system prefs: java.util.prefs.BackingStoreException: Couldn't get file lock.
2025-11-01 10:22:44,698 [ERROR] LogOutputStream:75 - [STDERR_REDIRECT] 
2025-11-01 10:23:14,697 [ERROR] LogOutputStream:75 - [STDERR_REDIRECT] Nov 01, 2025 10:23:14 AM java.util.prefs.FileSystemPreferences checkLockFile0ErrorCode
2025-11-01 10:23:14,698 [ERROR] LogOutputStream:75 - [STDERR_REDIRECT] WARNING: Could not lock System prefs. Unix error code 2.
2025-11-01 10:23:14,698 [ERROR] LogOutputStream:75 - [STDERR_REDIRECT] 
2025-11-01 10:23:14,699 [ERROR] LogOutputStream:75 - [STDERR_REDIRECT] Nov 01, 2025 10:23:14 AM java.util.prefs.FileSystemPreferences syncWorld
2025-11-01 10:23:14,699 [ERROR] LogOutputStream:75 - [STDERR_REDIRECT] WARNING: Couldn't flush system prefs: java.util.prefs.BackingStoreException: Couldn't get file lock.
2025-11-01 10:23:14,699 [ERROR] LogOutputStream:75 - [STDERR_REDIRECT] 
2025-11-01 10:23:44,697 [ERROR] LogOutputStream:75 - [STDERR_REDIRECT] Nov 01, 2025 10:23:44 AM java.util.prefs.FileSystemPreferences checkLockFile0ErrorCode
2025-11-01 10:23:44,698 [ERROR] LogOutputStream:75 - [STDERR_REDIRECT] WARNING: Could not lock System prefs. Unix error code 2.
2025-11-01 10:23:44,698 [ERROR] LogOutputStream:75 - [STDERR_REDIRECT] 
2025-11-01 10:23:44,699 [ERROR] LogOutputStream:75 - [STDERR_REDIRECT] Nov 01, 2025 10:23:44 AM java.util.prefs.FileSystemPreferences syncWorld
2025-11-01 10:23:44,699 [ERROR] LogOutputStream:75 - [STDERR_REDIRECT] WARNING: Couldn't flush system prefs: java.util.prefs.BackingStoreException: Couldn't get file lock.
2025-11-01 10:23:44,699 [ERROR] LogOutputStream:75 - [STDERR_REDIRECT] 
2025-11-01 10:24:14,698 [ERROR] LogOutputStream:75 - [STDERR_REDIRECT] Nov 01, 2025 10:24:14 AM java.util.prefs.FileSystemPreferences checkLockFile0ErrorCode
2025-11-01 10:24:14,699 [ERROR] LogOutputStream:75 - [STDERR_REDIRECT] WARNING: Could not lock System prefs. Unix error code 2.
2025-11-01 10:24:14,699 [ERROR] LogOutputStream:75 - [STDERR_REDIRECT] 
2025-11-01 10:24:14,699 [ERROR] LogOutputStream:75 - [STDERR_REDIRECT] Nov 01, 2025 10:24:14 AM java.util.prefs.FileSystemPreferences syncWorld
2025-11-01 10:24:14,699 [ERROR] LogOutputStream:75 - [STDERR_REDIRECT] WARNING: Couldn't flush system prefs: java.util.prefs.BackingStoreException: Couldn't get file lock.
2025-11-01 10:24:14,700 [ERROR] LogOutputStream:75 - [STDERR_REDIRECT] 
2025-11-01 10:24:44,697 [ERROR] LogOutputStream:75 - [STDERR_REDIRECT] Nov 01, 2025 10:24:44 AM java.util.prefs.FileSystemPreferences checkLockFile0ErrorCode
2025-11-01 10:24:44,698 [ERROR] LogOutputStream:75 - [STDERR_REDIRECT] WARNING: Could not lock System prefs. Unix error code 2.
2025-11-01 10:24:44,698 [ERROR] LogOutputStream:75 - [STDERR_REDIRECT] 
2025-11-01 10:24:44,699 [ERROR] LogOutputStream:75 - [STDERR_REDIRECT] Nov 01, 2025 10:24:44 AM java.util.prefs.FileSystemPreferences syncWorld
2025-11-01 10:24:44,699 [ERROR] LogOutputStream:75 - [STDERR_REDIRECT] WARNING: Couldn't flush system prefs: java.util.prefs.BackingStoreException: Couldn't get file lock.
2025-11-01 10:24:44,699 [ERROR] LogOutputStream:75 - [STDERR_REDIRECT] 
2025-11-01 10:25:14,698 [ERROR] LogOutputStream:75 - [STDERR_REDIRECT] Nov 01, 2025 10:25:14 AM java.util.prefs.FileSystemPreferences checkLockFile0ErrorCode
2025-11-01 10:25:14,698 [ERROR] LogOutputStream:75 - [STDERR_REDIRECT] WARNING: Could not lock System prefs. Unix error code 2.
2025-11-01 10:25:14,699 [ERROR] LogOutputStream:75 - [STDERR_REDIRECT] 
2025-11-01 10:25:14,699 [ERROR] LogOutputStream:75 - [STDERR_REDIRECT] Nov 01, 2025 10:25:14 AM java.util.prefs.FileSystemPreferences syncWorld
2025-11-01 10:25:14,700 [ERROR] LogOutputStream:75 - [STDERR_REDIRECT] WARNING: Couldn't flush system prefs: java.util.prefs.BackingStoreException: Couldn't get file lock.
2025-11-01 10:25:14,700 [ERROR] LogOutputStream:75 - [STDERR_REDIRECT] 
2025-11-01 10:25:44,699 [ERROR] LogOutputStream:75 - [STDERR_REDIRECT] Nov 01, 2025 10:25:44 AM java.util.prefs.FileSystemPreferences checkLockFile0ErrorCode
2025-11-01 10:25:44,699 [ERROR] LogOutputStream:75 - [STDERR_REDIRECT] WARNING: Could not lock System prefs. Unix error code 2.
2025-11-01 10:25:44,699 [ERROR] LogOutputStream:75 - [STDERR_REDIRECT] 
2025-11-01 10:25:44,700 [ERROR] LogOutputStream:75 - [STDERR_REDIRECT] Nov 01, 2025 10:25:44 AM java.util.prefs.FileSystemPreferences syncWorld
2025-11-01 10:25:44,700 [ERROR] LogOutputStream:75 - [STDERR_REDIRECT] WARNING: Couldn't flush system prefs: java.util.prefs.BackingStoreException: Couldn't get file lock.
2025-11-01 10:25:44,700 [ERROR] LogOutputStream:75 - [STDERR_REDIRECT] 
2025-11-01 10:26:14,700 [ERROR] LogOutputStream:75 - [STDERR_REDIRECT] Nov 01, 2025 10:26:14 AM java.util.prefs.FileSystemPreferences checkLockFile0ErrorCode
2025-11-01 10:26:14,700 [ERROR] LogOutputStream:75 - [STDERR_REDIRECT] WARNING: Could not lock System prefs. Unix error code 2.
2025-11-01 10:26:14,700 [ERROR] LogOutputStream:75 - [STDERR_REDIRECT] 
2025-11-01 10:26:14,701 [ERROR] LogOutputStream:75 - [STDERR_REDIRECT] Nov 01, 2025 10:26:14 AM java.util.prefs.FileSystemPreferences syncWorld
2025-11-01 10:26:14,701 [ERROR] LogOutputStream:75 - [STDERR_REDIRECT] WARNING: Couldn't flush system prefs: java.util.prefs.BackingStoreException: Couldn't get file lock.
2025-11-01 10:26:14,701 [ERROR] LogOutputStream:75 - [STDERR_REDIRECT] 
2025-11-01 10:26:44,699 [ERROR] LogOutputStream:75 - [STDERR_REDIRECT] Nov 01, 2025 10:26:44 AM java.util.prefs.FileSystemPreferences checkLockFile0ErrorCode
2025-11-01 10:26:44,699 [ERROR] LogOutputStream:75 - [STDERR_REDIRECT] WARNING: Could not lock System prefs. Unix error code 2.
2025-11-01 10:26:44,699 [ERROR] LogOutputStream:75 - [STDERR_REDIRECT] 
2025-11-01 10:26:44,700 [ERROR] LogOutputStream:75 - [STDERR_REDIRECT] Nov 01, 2025 10:26:44 AM java.util.prefs.FileSystemPreferences syncWorld
2025-11-01 10:26:44,700 [ERROR] LogOutputStream:75 - [STDERR_REDIRECT] WARNING: Couldn't flush system prefs: java.util.prefs.BackingStoreException: Couldn't get file lock.
2025-11-01 10:26:44,700 [ERROR] LogOutputStream:75 - [STDERR_REDIRECT] 
2025-11-01 10:27:14,699 [ERROR] LogOutputStream:75 - [STDERR_REDIRECT] Nov 01, 2025 10:27:14 AM java.util.prefs.FileSystemPreferences checkLockFile0ErrorCode
2025-11-01 10:27:14,700 [ERROR] LogOutputStream:75 - [STDERR_REDIRECT] WARNING: Could not lock System prefs. Unix error code 2.
2025-11-01 10:27:14,700 [ERROR] LogOutputStream:75 - [STDERR_REDIRECT] 
2025-11-01 10:27:14,701 [ERROR] LogOutputStream:75 - [STDERR_REDIRECT] Nov 01, 2025 10:27:14 AM java.util.prefs.FileSystemPreferences syncWorld
2025-11-01 10:27:14,701 [ERROR] LogOutputStream:75 - [STDERR_REDIRECT] WARNING: Couldn't flush system prefs: java.util.prefs.BackingStoreException: Couldn't get file lock.
2025-11-01 10:27:14,701 [ERROR] LogOutputStream:75 - [STDERR_REDIRECT] 
2025-11-01 10:27:44,700 [ERROR] LogOutputStream:75 - [STDERR_REDIRECT] Nov 01, 2025 10:27:44 AM java.util.prefs.FileSystemPreferences checkLockFile0ErrorCode
2025-11-01 10:27:44,700 [ERROR] LogOutputStream:75 - [STDERR_REDIRECT] WARNING: Could not lock System prefs. Unix error code 2.
2025-11-01 10:27:44,700 [ERROR] LogOutputStream:75 - [STDERR_REDIRECT] 
2025-11-01 10:27:44,701 [ERROR] LogOutputStream:75 - [STDERR_REDIRECT] Nov 01, 2025 10:27:44 AM java.util.prefs.FileSystemPreferences syncWorld
2025-11-01 10:27:44,701 [ERROR] LogOutputStream:75 - [STDERR_REDIRECT] WARNING: Couldn't flush system prefs: java.util.prefs.BackingStoreException: Couldn't get file lock.
2025-11-01 10:27:44,701 [ERROR] LogOutputStream:75 - [STDERR_REDIRECT] 
2025-11-01 10:28:14,701 [ERROR] LogOutputStream:75 - [STDERR_REDIRECT] Nov 01, 2025 10:28:14 AM java.util.prefs.FileSystemPreferences checkLockFile0ErrorCode
2025-11-01 10:28:14,701 [ERROR] LogOutputStream:75 - [STDERR_REDIRECT] WARNING: Could not lock System prefs. Unix error code 2.
2025-11-01 10:28:14,701 [ERROR] LogOutputStream:75 - [STDERR_REDIRECT] 
2025-11-01 10:28:14,702 [ERROR] LogOutputStream:75 - [STDERR_REDIRECT] Nov 01, 2025 10:28:14 AM java.util.prefs.FileSystemPreferences syncWorld
2025-11-01 10:28:14,702 [ERROR] LogOutputStream:75 - [STDERR_REDIRECT] WARNING: Couldn't flush system prefs: java.util.prefs.BackingStoreException: Couldn't get file lock.
2025-11-01 10:28:14,702 [ERROR] LogOutputStream:75 - [STDERR_REDIRECT] 
2025-11-01 10:28:44,701 [ERROR] LogOutputStream:75 - [STDERR_REDIRECT] Nov 01, 2025 10:28:44 AM java.util.prefs.FileSystemPreferences checkLockFile0ErrorCode
2025-11-01 10:28:44,702 [ERROR] LogOutputStream:75 - [STDERR_REDIRECT] WARNING: Could not lock System prefs. Unix error code 2.
2025-11-01 10:28:44,702 [ERROR] LogOutputStream:75 - [STDERR_REDIRECT] 
2025-11-01 10:28:44,702 [ERROR] LogOutputStream:75 - [STDERR_REDIRECT] Nov 01, 2025 10:28:44 AM java.util.prefs.FileSystemPreferences syncWorld
2025-11-01 10:28:44,703 [ERROR] LogOutputStream:75 - [STDERR_REDIRECT] WARNING: Couldn't flush system prefs: java.util.prefs.BackingStoreException: Couldn't get file lock.
2025-11-01 10:28:44,703 [ERROR] LogOutputStream:75 - [STDERR_REDIRECT] 
2025-11-01 10:29:14,703 [ERROR] LogOutputStream:75 - [STDERR_REDIRECT] Nov 01, 2025 10:29:14 AM java.util.prefs.FileSystemPreferences checkLockFile0ErrorCode
2025-11-01 10:29:14,704 [ERROR] LogOutputStream:75 - [STDERR_REDIRECT] WARNING: Could not lock System prefs. Unix error code 2.
2025-11-01 10:29:14,704 [ERROR] LogOutputStream:75 - [STDERR_REDIRECT] 
2025-11-01 10:29:14,705 [ERROR] LogOutputStream:75 - [STDERR_REDIRECT] Nov 01, 2025 10:29:14 AM java.util.prefs.FileSystemPreferences syncWorld
2025-11-01 10:29:14,705 [ERROR] LogOutputStream:75 - [STDERR_REDIRECT] WARNING: Couldn't flush system prefs: java.util.prefs.BackingStoreException: Couldn't get file lock.
2025-11-01 10:29:14,706 [ERROR] LogOutputStream:75 - [STDERR_REDIRECT] 
2025-11-01 10:29:44,702 [ERROR] LogOutputStream:75 - [STDERR_REDIRECT] Nov 01, 2025 10:29:44 AM java.util.prefs.FileSystemPreferences checkLockFile0ErrorCode
2025-11-01 10:29:44,702 [ERROR] LogOutputStream:75 - [STDERR_REDIRECT] WARNING: Could not lock System prefs. Unix error code 2.
2025-11-01 10:29:44,703 [ERROR] LogOutputStream:75 - [STDERR_REDIRECT] 
2025-11-01 10:29:44,703 [ERROR] LogOutputStream:75 - [STDERR_REDIRECT] Nov 01, 2025 10:29:44 AM java.util.prefs.FileSystemPreferences syncWorld
2025-11-01 10:29:44,703 [ERROR] LogOutputStream:75 - [STDERR_REDIRECT] WARNING: Couldn't flush system prefs: java.util.prefs.BackingStoreException: Couldn't get file lock.
2025-11-01 10:29:44,704 [ERROR] LogOutputStream:75 - [STDERR_REDIRECT] 
2025-11-01 10:30:14,702 [ERROR] LogOutputStream:75 - [STDERR_REDIRECT] Nov 01, 2025 10:30:14 AM java.util.prefs.FileSystemPreferences checkLockFile0ErrorCode
2025-11-01 10:30:14,703 [ERROR] LogOutputStream:75 - [STDERR_REDIRECT] WARNING: Could not lock System prefs. Unix error code 2.
2025-11-01 10:30:14,703 [ERROR] LogOutputStream:75 - [STDERR_REDIRECT] 
2025-11-01 10:30:14,704 [ERROR] LogOutputStream:75 - [STDERR_REDIRECT] Nov 01, 2025 10:30:14 AM java.util.prefs.FileSystemPreferences syncWorld
2025-11-01 10:30:14,704 [ERROR] LogOutputStream:75 - [STDERR_REDIRECT] WARNING: Couldn't flush system prefs: java.util.prefs.BackingStoreException: Couldn't get file lock.
2025-11-01 10:30:14,704 [ERROR] LogOutputStream:75 - [STDERR_REDIRECT] 
2025-11-01 10:30:44,701 [ERROR] LogOutputStream:75 - [STDERR_REDIRECT] Nov 01, 2025 10:30:44 AM java.util.prefs.FileSystemPreferences checkLockFile0ErrorCode
2025-11-01 10:30:44,702 [ERROR] LogOutputStream:75 - [STDERR_REDIRECT] WARNING: Could not lock System prefs. Unix error code 2.
2025-11-01 10:30:44,702 [ERROR] LogOutputStream:75 - [STDERR_REDIRECT] 
2025-11-01 10:30:44,703 [ERROR] LogOutputStream:75 - [STDERR_REDIRECT] Nov 01, 2025 10:30:44 AM java.util.prefs.FileSystemPreferences syncWorld
2025-11-01 10:30:44,703 [ERROR] LogOutputStream:75 - [STDERR_REDIRECT] WARNING: Couldn't flush system prefs: java.util.prefs.BackingStoreException: Couldn't get file lock.
2025-11-01 10:30:44,703 [ERROR] LogOutputStream:75 - [STDERR_REDIRECT] 
2025-11-01 10:31:14,704 [ERROR] LogOutputStream:75 - [STDERR_REDIRECT] Nov 01, 2025 10:31:14 AM java.util.prefs.FileSystemPreferences checkLockFile0ErrorCode
2025-11-01 10:31:14,705 [ERROR] LogOutputStream:75 - [STDERR_REDIRECT] WARNING: Could not lock System prefs. Unix error code 2.
2025-11-01 10:31:14,705 [ERROR] LogOutputStream:75 - [STDERR_REDIRECT] 
2025-11-01 10:31:14,705 [ERROR] LogOutputStream:75 - [STDERR_REDIRECT] Nov 01, 2025 10:31:14 AM java.util.prefs.FileSystemPreferences syncWorld
2025-11-01 10:31:14,706 [ERROR] LogOutputStream:75 - [STDERR_REDIRECT] WARNING: Couldn't flush system prefs: java.util.prefs.BackingStoreException: Couldn't get file lock.
2025-11-01 10:31:14,706 [ERROR] LogOutputStream:75 - [STDERR_REDIRECT] 
2025-11-01 10:31:44,704 [ERROR] LogOutputStream:75 - [STDERR_REDIRECT] Nov 01, 2025 10:31:44 AM java.util.prefs.FileSystemPreferences checkLockFile0ErrorCode
2025-11-01 10:31:44,704 [ERROR] LogOutputStream:75 - [STDERR_REDIRECT] WARNING: Could not lock System prefs. Unix error code 2.
2025-11-01 10:31:44,705 [ERROR] LogOutputStream:75 - [STDERR_REDIRECT] 
2025-11-01 10:31:44,705 [ERROR] LogOutputStream:75 - [STDERR_REDIRECT] Nov 01, 2025 10:31:44 AM java.util.prefs.FileSystemPreferences syncWorld
2025-11-01 10:31:44,705 [ERROR] LogOutputStream:75 - [STDERR_REDIRECT] WARNING: Couldn't flush system prefs: java.util.prefs.BackingStoreException: Couldn't get file lock.
2025-11-01 10:31:44,706 [ERROR] LogOutputStream:75 - [STDERR_REDIRECT] 
2025-11-01 10:32:14,704 [ERROR] LogOutputStream:75 - [STDERR_REDIRECT] Nov 01, 2025 10:32:14 AM java.util.prefs.FileSystemPreferences checkLockFile0ErrorCode
2025-11-01 10:32:14,704 [ERROR] LogOutputStream:75 - [STDERR_REDIRECT] WARNING: Could not lock System prefs. Unix error code 2.
2025-11-01 10:32:14,705 [ERROR] LogOutputStream:75 - [STDERR_REDIRECT] 
2025-11-01 10:32:14,705 [ERROR] LogOutputStream:75 - [STDERR_REDIRECT] Nov 01, 2025 10:32:14 AM java.util.prefs.FileSystemPreferences syncWorld
2025-11-01 10:32:14,705 [ERROR] LogOutputStream:75 - [STDERR_REDIRECT] WARNING: Couldn't flush system prefs: java.util.prefs.BackingStoreException: Couldn't get file lock.
2025-11-01 10:32:14,706 [ERROR] LogOutputStream:75 - [STDERR_REDIRECT] 
2025-11-01 10:32:44,703 [ERROR] LogOutputStream:75 - [STDERR_REDIRECT] Nov 01, 2025 10:32:44 AM java.util.prefs.FileSystemPreferences checkLockFile0ErrorCode
2025-11-01 10:32:44,704 [ERROR] LogOutputStream:75 - [STDERR_REDIRECT] WARNING: Could not lock System prefs. Unix error code 2.
2025-11-01 10:32:44,704 [ERROR] LogOutputStream:75 - [STDERR_REDIRECT] 
2025-11-01 10:32:44,704 [ERROR] LogOutputStream:75 - [STDERR_REDIRECT] Nov 01, 2025 10:32:44 AM java.util.prefs.FileSystemPreferences syncWorld
2025-11-01 10:32:44,705 [ERROR] LogOutputStream:75 - [STDERR_REDIRECT] WARNING: Couldn't flush system prefs: java.util.prefs.BackingStoreException: Couldn't get file lock.
2025-11-01 10:32:44,705 [ERROR] LogOutputStream:75 - [STDERR_REDIRECT] 
2025-11-01 10:33:14,702 [ERROR] LogOutputStream:75 - [STDERR_REDIRECT] Nov 01, 2025 10:33:14 AM java.util.prefs.FileSystemPreferences checkLockFile0ErrorCode
2025-11-01 10:33:14,703 [ERROR] LogOutputStream:75 - [STDERR_REDIRECT] WARNING: Could not lock System prefs. Unix error code 2.
2025-11-01 10:33:14,703 [ERROR] LogOutputStream:75 - [STDERR_REDIRECT] 
2025-11-01 10:33:14,703 [ERROR] LogOutputStream:75 - [STDERR_REDIRECT] Nov 01, 2025 10:33:14 AM java.util.prefs.FileSystemPreferences syncWorld
2025-11-01 10:33:14,703 [ERROR] LogOutputStream:75 - [STDERR_REDIRECT] WARNING: Couldn't flush system prefs: java.util.prefs.BackingStoreException: Couldn't get file lock.
2025-11-01 10:33:14,703 [ERROR] LogOutputStream:75 - [STDERR_REDIRECT] 
2025-11-01 10:33:44,705 [ERROR] LogOutputStream:75 - [STDERR_REDIRECT] Nov 01, 2025 10:33:44 AM java.util.prefs.FileSystemPreferences checkLockFile0ErrorCode
2025-11-01 10:33:44,705 [ERROR] LogOutputStream:75 - [STDERR_REDIRECT] WARNING: Could not lock System prefs. Unix error code 2.
2025-11-01 10:33:44,706 [ERROR] LogOutputStream:75 - [STDERR_REDIRECT] 
2025-11-01 10:33:44,706 [ERROR] LogOutputStream:75 - [STDERR_REDIRECT] Nov 01, 2025 10:33:44 AM java.util.prefs.FileSystemPreferences syncWorld
2025-11-01 10:33:44,706 [ERROR] LogOutputStream:75 - [STDERR_REDIRECT] WARNING: Couldn't flush system prefs: java.util.prefs.BackingStoreException: Couldn't get file lock.
2025-11-01 10:33:44,706 [ERROR] LogOutputStream:75 - [STDERR_REDIRECT] 
2025-11-01 10:34:14,705 [ERROR] LogOutputStream:75 - [STDERR_REDIRECT] Nov 01, 2025 10:34:14 AM java.util.prefs.FileSystemPreferences checkLockFile0ErrorCode
2025-11-01 10:34:14,706 [ERROR] LogOutputStream:75 - [STDERR_REDIRECT] WARNING: Could not lock System prefs. Unix error code 2.
2025-11-01 10:34:14,706 [ERROR] LogOutputStream:75 - [STDERR_REDIRECT] 
2025-11-01 10:34:14,706 [ERROR] LogOutputStream:75 - [STDERR_REDIRECT] Nov 01, 2025 10:34:14 AM java.util.prefs.FileSystemPreferences syncWorld
2025-11-01 10:34:14,707 [ERROR] LogOutputStream:75 - [STDERR_REDIRECT] WARNING: Couldn't flush system prefs: java.util.prefs.BackingStoreException: Couldn't get file lock.
2025-11-01 10:34:14,707 [ERROR] LogOutputStream:75 - [STDERR_REDIRECT] 
2025-11-01 10:34:44,705 [ERROR] LogOutputStream:75 - [STDERR_REDIRECT] Nov 01, 2025 10:34:44 AM java.util.prefs.FileSystemPreferences checkLockFile0ErrorCode
2025-11-01 10:34:44,706 [ERROR] LogOutputStream:75 - [STDERR_REDIRECT] WARNING: Could not lock System prefs. Unix error code 2.
2025-11-01 10:34:44,706 [ERROR] LogOutputStream:75 - [STDERR_REDIRECT] 
2025-11-01 10:34:44,706 [ERROR] LogOutputStream:75 - [STDERR_REDIRECT] Nov 01, 2025 10:34:44 AM java.util.prefs.FileSystemPreferences syncWorld
2025-11-01 10:34:44,706 [ERROR] LogOutputStream:75 - [STDERR_REDIRECT] WARNING: Couldn't flush system prefs: java.util.prefs.BackingStoreException: Couldn't get file lock.
2025-11-01 10:34:44,707 [ERROR] LogOutputStream:75 - [STDERR_REDIRECT] 
2025-11-01 10:35:14,704 [ERROR] LogOutputStream:75 - [STDERR_REDIRECT] Nov 01, 2025 10:35:14 AM java.util.prefs.FileSystemPreferences checkLockFile0ErrorCode
2025-11-01 10:35:14,705 [ERROR] LogOutputStream:75 - [STDERR_REDIRECT] WARNING: Could not lock System prefs. Unix error code 2.
2025-11-01 10:35:14,705 [ERROR] LogOutputStream:75 - [STDERR_REDIRECT] 
2025-11-01 10:35:14,705 [ERROR] LogOutputStream:75 - [STDERR_REDIRECT] Nov 01, 2025 10:35:14 AM java.util.prefs.FileSystemPreferences syncWorld
2025-11-01 10:35:14,706 [ERROR] LogOutputStream:75 - [STDERR_REDIRECT] WARNING: Couldn't flush system prefs: java.util.prefs.BackingStoreException: Couldn't get file lock.
2025-11-01 10:35:14,706 [ERROR] LogOutputStream:75 - [STDERR_REDIRECT] 
2025-11-01 10:35:44,704 [ERROR] LogOutputStream:75 - [STDERR_REDIRECT] Nov 01, 2025 10:35:44 AM java.util.prefs.FileSystemPreferences checkLockFile0ErrorCode
2025-11-01 10:35:44,705 [ERROR] LogOutputStream:75 - [STDERR_REDIRECT] WARNING: Could not lock System prefs. Unix error code 2.
2025-11-01 10:35:44,705 [ERROR] LogOutputStream:75 - [STDERR_REDIRECT] 
2025-11-01 10:35:44,706 [ERROR] LogOutputStream:75 - [STDERR_REDIRECT] Nov 01, 2025 10:35:44 AM java.util.prefs.FileSystemPreferences syncWorld
2025-11-01 10:35:44,706 [ERROR] LogOutputStream:75 - [STDERR_REDIRECT] WARNING: Couldn't flush system prefs: java.util.prefs.BackingStoreException: Couldn't get file lock.
2025-11-01 10:35:44,706 [ERROR] LogOutputStream:75 - [STDERR_REDIRECT] 
2025-11-01 10:36:14,706 [ERROR] LogOutputStream:75 - [STDERR_REDIRECT] Nov 01, 2025 10:36:14 AM java.util.prefs.FileSystemPreferences checkLockFile0ErrorCode
2025-11-01 10:36:14,706 [ERROR] LogOutputStream:75 - [STDERR_REDIRECT] WARNING: Could not lock System prefs. Unix error code 2.
2025-11-01 10:36:14,706 [ERROR] LogOutputStream:75 - [STDERR_REDIRECT] 
2025-11-01 10:36:14,706 [ERROR] LogOutputStream:75 - [STDERR_REDIRECT] Nov 01, 2025 10:36:14 AM java.util.prefs.FileSystemPreferences syncWorld
2025-11-01 10:36:14,707 [ERROR] LogOutputStream:75 - [STDERR_REDIRECT] WARNING: Couldn't flush system prefs: java.util.prefs.BackingStoreException: Couldn't get file lock.
2025-11-01 10:36:14,707 [ERROR] LogOutputStream:75 - [STDERR_REDIRECT] 
2025-11-01 10:36:44,706 [ERROR] LogOutputStream:75 - [STDERR_REDIRECT] Nov 01, 2025 10:36:44 AM java.util.prefs.FileSystemPreferences checkLockFile0ErrorCode
2025-11-01 10:36:44,706 [ERROR] LogOutputStream:75 - [STDERR_REDIRECT] WARNING: Could not lock System prefs. Unix error code 2.
2025-11-01 10:36:44,707 [ERROR] LogOutputStream:75 - [STDERR_REDIRECT] 
2025-11-01 10:36:44,707 [ERROR] LogOutputStream:75 - [STDERR_REDIRECT] Nov 01, 2025 10:36:44 AM java.util.prefs.FileSystemPreferences syncWorld
2025-11-01 10:36:44,707 [ERROR] LogOutputStream:75 - [STDERR_REDIRECT] WARNING: Couldn't flush system prefs: java.util.prefs.BackingStoreException: Couldn't get file lock.
2025-11-01 10:36:44,708 [ERROR] LogOutputStream:75 - [STDERR_REDIRECT] 
2025-11-01 10:37:14,707 [ERROR] LogOutputStream:75 - [STDERR_REDIRECT] Nov 01, 2025 10:37:14 AM java.util.prefs.FileSystemPreferences checkLockFile0ErrorCode
2025-11-01 10:37:14,707 [ERROR] LogOutputStream:75 - [STDERR_REDIRECT] WARNING: Could not lock System prefs. Unix error code 2.
2025-11-01 10:37:14,707 [ERROR] LogOutputStream:75 - [STDERR_REDIRECT] 
2025-11-01 10:37:14,708 [ERROR] LogOutputStream:75 - [STDERR_REDIRECT] Nov 01, 2025 10:37:14 AM java.util.prefs.FileSystemPreferences syncWorld
2025-11-01 10:37:14,708 [ERROR] LogOutputStream:75 - [STDERR_REDIRECT] WARNING: Couldn't flush system prefs: java.util.prefs.BackingStoreException: Couldn't get file lock.
2025-11-01 10:37:14,708 [ERROR] LogOutputStream:75 - [STDERR_REDIRECT] 
2025-11-01 10:37:44,707 [ERROR] LogOutputStream:75 - [STDERR_REDIRECT] Nov 01, 2025 10:37:44 AM java.util.prefs.FileSystemPreferences checkLockFile0ErrorCode
2025-11-01 10:37:44,707 [ERROR] LogOutputStream:75 - [STDERR_REDIRECT] WARNING: Could not lock System prefs. Unix error code 2.
2025-11-01 10:37:44,707 [ERROR] LogOutputStream:75 - [STDERR_REDIRECT] 
2025-11-01 10:37:44,708 [ERROR] LogOutputStream:75 - [STDERR_REDIRECT] Nov 01, 2025 10:37:44 AM java.util.prefs.FileSystemPreferences syncWorld
2025-11-01 10:37:44,708 [ERROR] LogOutputStream:75 - [STDERR_REDIRECT] WARNING: Couldn't flush system prefs: java.util.prefs.BackingStoreException: Couldn't get file lock.
2025-11-01 10:37:44,708 [ERROR] LogOutputStream:75 - [STDERR_REDIRECT] 
2025-11-01 10:38:14,706 [ERROR] LogOutputStream:75 - [STDERR_REDIRECT] Nov 01, 2025 10:38:14 AM java.util.prefs.FileSystemPreferences checkLockFile0ErrorCode
2025-11-01 10:38:14,706 [ERROR] LogOutputStream:75 - [STDERR_REDIRECT] WARNING: Could not lock System prefs. Unix error code 2.
2025-11-01 10:38:14,707 [ERROR] LogOutputStream:75 - [STDERR_REDIRECT] 
2025-11-01 10:38:14,707 [ERROR] LogOutputStream:75 - [STDERR_REDIRECT] Nov 01, 2025 10:38:14 AM java.util.prefs.FileSystemPreferences syncWorld
2025-11-01 10:38:14,707 [ERROR] LogOutputStream:75 - [STDERR_REDIRECT] WARNING: Couldn't flush system prefs: java.util.prefs.BackingStoreException: Couldn't get file lock.
2025-11-01 10:38:14,707 [ERROR] LogOutputStream:75 - [STDERR_REDIRECT] 
2025-11-01 10:38:44,706 [ERROR] LogOutputStream:75 - [STDERR_REDIRECT] Nov 01, 2025 10:38:44 AM java.util.prefs.FileSystemPreferences checkLockFile0ErrorCode
2025-11-01 10:38:44,707 [ERROR] LogOutputStream:75 - [STDERR_REDIRECT] WARNING: Could not lock System prefs. Unix error code 2.
2025-11-01 10:38:44,707 [ERROR] LogOutputStream:75 - [STDERR_REDIRECT] 
2025-11-01 10:38:44,707 [ERROR] LogOutputStream:75 - [STDERR_REDIRECT] Nov 01, 2025 10:38:44 AM java.util.prefs.FileSystemPreferences syncWorld
2025-11-01 10:38:44,707 [ERROR] LogOutputStream:75 - [STDERR_REDIRECT] WARNING: Couldn't flush system prefs: java.util.prefs.BackingStoreException: Couldn't get file lock.
2025-11-01 10:38:44,708 [ERROR] LogOutputStream:75 - [STDERR_REDIRECT] 
2025-11-01 10:39:14,707 [ERROR] LogOutputStream:75 - [STDERR_REDIRECT] Nov 01, 2025 10:39:14 AM java.util.prefs.FileSystemPreferences checkLockFile0ErrorCode
2025-11-01 10:39:14,707 [ERROR] LogOutputStream:75 - [STDERR_REDIRECT] WARNING: Could not lock System prefs. Unix error code 2.
2025-11-01 10:39:14,707 [ERROR] LogOutputStream:75 - [STDERR_REDIRECT] 
2025-11-01 10:39:14,708 [ERROR] LogOutputStream:75 - [STDERR_REDIRECT] Nov 01, 2025 10:39:14 AM java.util.prefs.FileSystemPreferences syncWorld
2025-11-01 10:39:14,708 [ERROR] LogOutputStream:75 - [STDERR_REDIRECT] WARNING: Couldn't flush system prefs: java.util.prefs.BackingStoreException: Couldn't get file lock.
2025-11-01 10:39:14,708 [ERROR] LogOutputStream:75 - [STDERR_REDIRECT] 
2025-11-01 10:39:44,707 [ERROR] LogOutputStream:75 - [STDERR_REDIRECT] Nov 01, 2025 10:39:44 AM java.util.prefs.FileSystemPreferences checkLockFile0ErrorCode
2025-11-01 10:39:44,707 [ERROR] LogOutputStream:75 - [STDERR_REDIRECT] WARNING: Could not lock System prefs. Unix error code 2.
2025-11-01 10:39:44,707 [ERROR] LogOutputStream:75 - [STDERR_REDIRECT] 
2025-11-01 10:39:44,708 [ERROR] LogOutputStream:75 - [STDERR_REDIRECT] Nov 01, 2025 10:39:44 AM java.util.prefs.FileSystemPreferences syncWorld
2025-11-01 10:39:44,708 [ERROR] LogOutputStream:75 - [STDERR_REDIRECT] WARNING: Couldn't flush system prefs: java.util.prefs.BackingStoreException: Couldn't get file lock.
2025-11-01 10:39:44,708 [ERROR] LogOutputStream:75 - [STDERR_REDIRECT] 
2025-11-01 10:40:14,706 [ERROR] LogOutputStream:75 - [STDERR_REDIRECT] Nov 01, 2025 10:40:14 AM java.util.prefs.FileSystemPreferences checkLockFile0ErrorCode
2025-11-01 10:40:14,707 [ERROR] LogOutputStream:75 - [STDERR_REDIRECT] WARNING: Could not lock System prefs. Unix error code 2.
2025-11-01 10:40:14,707 [ERROR] LogOutputStream:75 - [STDERR_REDIRECT] 
2025-11-01 10:40:14,708 [ERROR] LogOutputStream:75 - [STDERR_REDIRECT] Nov 01, 2025 10:40:14 AM java.util.prefs.FileSystemPreferences syncWorld
2025-11-01 10:40:14,709 [ERROR] LogOutputStream:75 - [STDERR_REDIRECT] WARNING: Couldn't flush system prefs: java.util.prefs.BackingStoreException: Couldn't get file lock.
2025-11-01 10:40:14,709 [ERROR] LogOutputStream:75 - [STDERR_REDIRECT] 
2025-11-01 10:40:44,708 [ERROR] LogOutputStream:75 - [STDERR_REDIRECT] Nov 01, 2025 10:40:44 AM java.util.prefs.FileSystemPreferences checkLockFile0ErrorCode
2025-11-01 10:40:44,709 [ERROR] LogOutputStream:75 - [STDERR_REDIRECT] WARNING: Could not lock System prefs. Unix error code 2.
2025-11-01 10:40:44,709 [ERROR] LogOutputStream:75 - [STDERR_REDIRECT] 
2025-11-01 10:40:44,709 [ERROR] LogOutputStream:75 - [STDERR_REDIRECT] Nov 01, 2025 10:40:44 AM java.util.prefs.FileSystemPreferences syncWorld
2025-11-01 10:40:44,710 [ERROR] LogOutputStream:75 - [STDERR_REDIRECT] WARNING: Couldn't flush system prefs: java.util.prefs.BackingStoreException: Couldn't get file lock.
2025-11-01 10:40:44,710 [ERROR] LogOutputStream:75 - [STDERR_REDIRECT] 
2025-11-01 10:41:14,709 [ERROR] LogOutputStream:75 - [STDERR_REDIRECT] Nov 01, 2025 10:41:14 AM java.util.prefs.FileSystemPreferences checkLockFile0ErrorCode
2025-11-01 10:41:14,710 [ERROR] LogOutputStream:75 - [STDERR_REDIRECT] WARNING: Could not lock System prefs. Unix error code 2.
2025-11-01 10:41:14,710 [ERROR] LogOutputStream:75 - [STDERR_REDIRECT] 
2025-11-01 10:41:14,710 [ERROR] LogOutputStream:75 - [STDERR_REDIRECT] Nov 01, 2025 10:41:14 AM java.util.prefs.FileSystemPreferences syncWorld
2025-11-01 10:41:14,711 [ERROR] LogOutputStream:75 - [STDERR_REDIRECT] WARNING: Couldn't flush system prefs: java.util.prefs.BackingStoreException: Couldn't get file lock.
2025-11-01 10:41:14,711 [ERROR] LogOutputStream:75 - [STDERR_REDIRECT] 
2025-11-01 10:41:44,708 [ERROR] LogOutputStream:75 - [STDERR_REDIRECT] Nov 01, 2025 10:41:44 AM java.util.prefs.FileSystemPreferences checkLockFile0ErrorCode
2025-11-01 10:41:44,708 [ERROR] LogOutputStream:75 - [STDERR_REDIRECT] WARNING: Could not lock System prefs. Unix error code 2.
2025-11-01 10:41:44,708 [ERROR] LogOutputStream:75 - [STDERR_REDIRECT] 
2025-11-01 10:41:44,709 [ERROR] LogOutputStream:75 - [STDERR_REDIRECT] Nov 01, 2025 10:41:44 AM java.util.prefs.FileSystemPreferences syncWorld
2025-11-01 10:41:44,709 [ERROR] LogOutputStream:75 - [STDERR_REDIRECT] WARNING: Couldn't flush system prefs: java.util.prefs.BackingStoreException: Couldn't get file lock.
2025-11-01 10:41:44,709 [ERROR] LogOutputStream:75 - [STDERR_REDIRECT] 
2025-11-01 10:42:14,707 [ERROR] LogOutputStream:75 - [STDERR_REDIRECT] Nov 01, 2025 10:42:14 AM java.util.prefs.FileSystemPreferences checkLockFile0ErrorCode
2025-11-01 10:42:14,708 [ERROR] LogOutputStream:75 - [STDERR_REDIRECT] WARNING: Could not lock System prefs. Unix error code 2.
2025-11-01 10:42:14,708 [ERROR] LogOutputStream:75 - [STDERR_REDIRECT] 
2025-11-01 10:42:14,708 [ERROR] LogOutputStream:75 - [STDERR_REDIRECT] Nov 01, 2025 10:42:14 AM java.util.prefs.FileSystemPreferences syncWorld
2025-11-01 10:42:14,709 [ERROR] LogOutputStream:75 - [STDERR_REDIRECT] WARNING: Couldn't flush system prefs: java.util.prefs.BackingStoreException: Couldn't get file lock.
2025-11-01 10:42:14,709 [ERROR] LogOutputStream:75 - [STDERR_REDIRECT] 
2025-11-01 10:42:44,709 [ERROR] LogOutputStream:75 - [STDERR_REDIRECT] Nov 01, 2025 10:42:44 AM java.util.prefs.FileSystemPreferences checkLockFile0ErrorCode
2025-11-01 10:42:44,709 [ERROR] LogOutputStream:75 - [STDERR_REDIRECT] WARNING: Could not lock System prefs. Unix error code 2.
2025-11-01 10:42:44,709 [ERROR] LogOutputStream:75 - [STDERR_REDIRECT] 
2025-11-01 10:42:44,710 [ERROR] LogOutputStream:75 - [STDERR_REDIRECT] Nov 01, 2025 10:42:44 AM java.util.prefs.FileSystemPreferences syncWorld
2025-11-01 10:42:44,710 [ERROR] LogOutputStream:75 - [STDERR_REDIRECT] WARNING: Couldn't flush system prefs: java.util.prefs.BackingStoreException: Couldn't get file lock.
2025-11-01 10:42:44,710 [ERROR] LogOutputStream:75 - [STDERR_REDIRECT] 
2025-11-01 10:43:14,710 [ERROR] LogOutputStream:75 - [STDERR_REDIRECT] Nov 01, 2025 10:43:14 AM java.util.prefs.FileSystemPreferences checkLockFile0ErrorCode
2025-11-01 10:43:14,710 [ERROR] LogOutputStream:75 - [STDERR_REDIRECT] WARNING: Could not lock System prefs. Unix error code 2.
2025-11-01 10:43:14,710 [ERROR] LogOutputStream:75 - [STDERR_REDIRECT] 
2025-11-01 10:43:14,710 [ERROR] LogOutputStream:75 - [STDERR_REDIRECT] Nov 01, 2025 10:43:14 AM java.util.prefs.FileSystemPreferences syncWorld
2025-11-01 10:43:14,711 [ERROR] LogOutputStream:75 - [STDERR_REDIRECT] WARNING: Couldn't flush system prefs: java.util.prefs.BackingStoreException: Couldn't get file lock.
2025-11-01 10:43:14,711 [ERROR] LogOutputStream:75 - [STDERR_REDIRECT] 
2025-11-01 10:43:44,709 [ERROR] LogOutputStream:75 - [STDERR_REDIRECT] Nov 01, 2025 10:43:44 AM java.util.prefs.FileSystemPreferences checkLockFile0ErrorCode
2025-11-01 10:43:44,710 [ERROR] LogOutputStream:75 - [STDERR_REDIRECT] WARNING: Could not lock System prefs. Unix error code 2.
2025-11-01 10:43:44,710 [ERROR] LogOutputStream:75 - [STDERR_REDIRECT] 
2025-11-01 10:43:44,710 [ERROR] LogOutputStream:75 - [STDERR_REDIRECT] Nov 01, 2025 10:43:44 AM java.util.prefs.FileSystemPreferences syncWorld
2025-11-01 10:43:44,711 [ERROR] LogOutputStream:75 - [STDERR_REDIRECT] WARNING: Couldn't flush system prefs: java.util.prefs.BackingStoreException: Couldn't get file lock.
2025-11-01 10:43:44,711 [ERROR] LogOutputStream:75 - [STDERR_REDIRECT] 
2025-11-01 10:44:14,708 [ERROR] LogOutputStream:75 - [STDERR_REDIRECT] Nov 01, 2025 10:44:14 AM java.util.prefs.FileSystemPreferences checkLockFile0ErrorCode
2025-11-01 10:44:14,709 [ERROR] LogOutputStream:75 - [STDERR_REDIRECT] WARNING: Could not lock System prefs. Unix error code 2.
2025-11-01 10:44:14,709 [ERROR] LogOutputStream:75 - [STDERR_REDIRECT] 
2025-11-01 10:44:14,709 [ERROR] LogOutputStream:75 - [STDERR_REDIRECT] Nov 01, 2025 10:44:14 AM java.util.prefs.FileSystemPreferences syncWorld
2025-11-01 10:44:14,709 [ERROR] LogOutputStream:75 - [STDERR_REDIRECT] WARNING: Couldn't flush system prefs: java.util.prefs.BackingStoreException: Couldn't get file lock.
2025-11-01 10:44:14,709 [ERROR] LogOutputStream:75 - [STDERR_REDIRECT] 
2025-11-01 10:44:44,710 [ERROR] LogOutputStream:75 - [STDERR_REDIRECT] Nov 01, 2025 10:44:44 AM java.util.prefs.FileSystemPreferences checkLockFile0ErrorCode
2025-11-01 10:44:44,710 [ERROR] LogOutputStream:75 - [STDERR_REDIRECT] WARNING: Could not lock System prefs. Unix error code 2.
2025-11-01 10:44:44,710 [ERROR] LogOutputStream:75 - [STDERR_REDIRECT] 
2025-11-01 10:44:44,711 [ERROR] LogOutputStream:75 - [STDERR_REDIRECT] Nov 01, 2025 10:44:44 AM java.util.prefs.FileSystemPreferences syncWorld
2025-11-01 10:44:44,711 [ERROR] LogOutputStream:75 - [STDERR_REDIRECT] WARNING: Couldn't flush system prefs: java.util.prefs.BackingStoreException: Couldn't get file lock.
2025-11-01 10:44:44,711 [ERROR] LogOutputStream:75 - [STDERR_REDIRECT] 
2025-11-01 10:45:14,710 [ERROR] LogOutputStream:75 - [STDERR_REDIRECT] Nov 01, 2025 10:45:14 AM java.util.prefs.FileSystemPreferences checkLockFile0ErrorCode
2025-11-01 10:45:14,710 [ERROR] LogOutputStream:75 - [STDERR_REDIRECT] WARNING: Could not lock System prefs. Unix error code 2.
2025-11-01 10:45:14,710 [ERROR] LogOutputStream:75 - [STDERR_REDIRECT] 
2025-11-01 10:45:14,710 [ERROR] LogOutputStream:75 - [STDERR_REDIRECT] Nov 01, 2025 10:45:14 AM java.util.prefs.FileSystemPreferences syncWorld
2025-11-01 10:45:14,711 [ERROR] LogOutputStream:75 - [STDERR_REDIRECT] WARNING: Couldn't flush system prefs: java.util.prefs.BackingStoreException: Couldn't get file lock.
2025-11-01 10:45:14,711 [ERROR] LogOutputStream:75 - [STDERR_REDIRECT] 
2025-11-01 10:45:44,709 [ERROR] LogOutputStream:75 - [STDERR_REDIRECT] Nov 01, 2025 10:45:44 AM java.util.prefs.FileSystemPreferences checkLockFile0ErrorCode
2025-11-01 10:45:44,709 [ERROR] LogOutputStream:75 - [STDERR_REDIRECT] WARNING: Could not lock System prefs. Unix error code 2.
2025-11-01 10:45:44,710 [ERROR] LogOutputStream:75 - [STDERR_REDIRECT] 
2025-11-01 10:45:44,710 [ERROR] LogOutputStream:75 - [STDERR_REDIRECT] Nov 01, 2025 10:45:44 AM java.util.prefs.FileSystemPreferences syncWorld
2025-11-01 10:45:44,710 [ERROR] LogOutputStream:75 - [STDERR_REDIRECT] WARNING: Couldn't flush system prefs: java.util.prefs.BackingStoreException: Couldn't get file lock.
2025-11-01 10:45:44,710 [ERROR] LogOutputStream:75 - [STDERR_REDIRECT] 
2025-11-01 10:46:14,710 [ERROR] LogOutputStream:75 - [STDERR_REDIRECT] Nov 01, 2025 10:46:14 AM java.util.prefs.FileSystemPreferences checkLockFile0ErrorCode
2025-11-01 10:46:14,711 [ERROR] LogOutputStream:75 - [STDERR_REDIRECT] WARNING: Could not lock System prefs. Unix error code 2.
2025-11-01 10:46:14,711 [ERROR] LogOutputStream:75 - [STDERR_REDIRECT] 
2025-11-01 10:46:14,711 [ERROR] LogOutputStream:75 - [STDERR_REDIRECT] Nov 01, 2025 10:46:14 AM java.util.prefs.FileSystemPreferences syncWorld
2025-11-01 10:46:14,711 [ERROR] LogOutputStream:75 - [STDERR_REDIRECT] WARNING: Couldn't flush system prefs: java.util.prefs.BackingStoreException: Couldn't get file lock.
2025-11-01 10:46:14,712 [ERROR] LogOutputStream:75 - [STDERR_REDIRECT] 
2025-11-01 10:46:44,709 [ERROR] LogOutputStream:75 - [STDERR_REDIRECT] Nov 01, 2025 10:46:44 AM java.util.prefs.FileSystemPreferences checkLockFile0ErrorCode
2025-11-01 10:46:44,709 [ERROR] LogOutputStream:75 - [STDERR_REDIRECT] WARNING: Could not lock System prefs. Unix error code 2.
2025-11-01 10:46:44,710 [ERROR] LogOutputStream:75 - [STDERR_REDIRECT] 
2025-11-01 10:46:44,710 [ERROR] LogOutputStream:75 - [STDERR_REDIRECT] Nov 01, 2025 10:46:44 AM java.util.prefs.FileSystemPreferences syncWorld
2025-11-01 10:46:44,710 [ERROR] LogOutputStream:75 - [STDERR_REDIRECT] WARNING: Couldn't flush system prefs: java.util.prefs.BackingStoreException: Couldn't get file lock.
2025-11-01 10:46:44,710 [ERROR] LogOutputStream:75 - [STDERR_REDIRECT] 
2025-11-01 10:47:14,711 [ERROR] LogOutputStream:75 - [STDERR_REDIRECT] Nov 01, 2025 10:47:14 AM java.util.prefs.FileSystemPreferences checkLockFile0ErrorCode
2025-11-01 10:47:14,711 [ERROR] LogOutputStream:75 - [STDERR_REDIRECT] WARNING: Could not lock System prefs. Unix error code 2.
2025-11-01 10:47:14,711 [ERROR] LogOutputStream:75 - [STDERR_REDIRECT] 
2025-11-01 10:47:14,712 [ERROR] LogOutputStream:75 - [STDERR_REDIRECT] Nov 01, 2025 10:47:14 AM java.util.prefs.FileSystemPreferences syncWorld
2025-11-01 10:47:14,712 [ERROR] LogOutputStream:75 - [STDERR_REDIRECT] WARNING: Couldn't flush system prefs: java.util.prefs.BackingStoreException: Couldn't get file lock.
2025-11-01 10:47:14,712 [ERROR] LogOutputStream:75 - [STDERR_REDIRECT] 
2025-11-01 10:47:44,711 [ERROR] LogOutputStream:75 - [STDERR_REDIRECT] Nov 01, 2025 10:47:44 AM java.util.prefs.FileSystemPreferences checkLockFile0ErrorCode
2025-11-01 10:47:44,711 [ERROR] LogOutputStream:75 - [STDERR_REDIRECT] WARNING: Could not lock System prefs. Unix error code 2.
2025-11-01 10:47:44,711 [ERROR] LogOutputStream:75 - [STDERR_REDIRECT] 
2025-11-01 10:47:44,712 [ERROR] LogOutputStream:75 - [STDERR_REDIRECT] Nov 01, 2025 10:47:44 AM java.util.prefs.FileSystemPreferences syncWorld
2025-11-01 10:47:44,712 [ERROR] LogOutputStream:75 - [STDERR_REDIRECT] WARNING: Couldn't flush system prefs: java.util.prefs.BackingStoreException: Couldn't get file lock.
2025-11-01 10:47:44,712 [ERROR] LogOutputStream:75 - [STDERR_REDIRECT] 
2025-11-01 10:48:14,711 [ERROR] LogOutputStream:75 - [STDERR_REDIRECT] Nov 01, 2025 10:48:14 AM java.util.prefs.FileSystemPreferences checkLockFile0ErrorCode
2025-11-01 10:48:14,711 [ERROR] LogOutputStream:75 - [STDERR_REDIRECT] WARNING: Could not lock System prefs. Unix error code 2.
2025-11-01 10:48:14,711 [ERROR] LogOutputStream:75 - [STDERR_REDIRECT] 
2025-11-01 10:48:14,711 [ERROR] LogOutputStream:75 - [STDERR_REDIRECT] Nov 01, 2025 10:48:14 AM java.util.prefs.FileSystemPreferences syncWorld
2025-11-01 10:48:14,711 [ERROR] LogOutputStream:75 - [STDERR_REDIRECT] WARNING: Couldn't flush system prefs: java.util.prefs.BackingStoreException: Couldn't get file lock.
2025-11-01 10:48:14,712 [ERROR] LogOutputStream:75 - [STDERR_REDIRECT] 
2025-11-01 10:48:44,713 [ERROR] LogOutputStream:75 - [STDERR_REDIRECT] Nov 01, 2025 10:48:44 AM java.util.prefs.FileSystemPreferences checkLockFile0ErrorCode
2025-11-01 10:48:44,714 [ERROR] LogOutputStream:75 - [STDERR_REDIRECT] WARNING: Could not lock System prefs. Unix error code 2.
2025-11-01 10:48:44,714 [ERROR] LogOutputStream:75 - [STDERR_REDIRECT] 
2025-11-01 10:48:44,715 [ERROR] LogOutputStream:75 - [STDERR_REDIRECT] Nov 01, 2025 10:48:44 AM java.util.prefs.FileSystemPreferences syncWorld
2025-11-01 10:48:44,715 [ERROR] LogOutputStream:75 - [STDERR_REDIRECT] WARNING: Couldn't flush system prefs: java.util.prefs.BackingStoreException: Couldn't get file lock.
2025-11-01 10:48:44,715 [ERROR] LogOutputStream:75 - [STDERR_REDIRECT] 
2025-11-01 10:49:05,722 [ERROR] ConfigurationRetriever:142 - IOException on connection: sw-center.st.com
2025-11-01 10:49:05,724 [ERROR] ConfigurationRetriever:142 - IOException on connection: sw-center.st.com
2025-11-01 10:49:05,724 [ERROR] ConfigurationRetriever:142 - IOException on connection: sw-center.st.com
2025-11-01 10:49:07,588 [ERROR] LogOutputStream:75 - [STDERR_REDIRECT] 
2025-11-01 10:49:07,589 [ERROR] LogOutputStream:75 - [STDERR_REDIRECT] 
